2020-07-09 14:03:25.723 [restartedMain] DEBUG com.submit.WorkuploadApplication - Running with Spring Boot v2.1.4.RELEASE, Spring v5.1.6.RELEASE
2020-07-09 14:05:35.777 [http-nio-8080-exec-7] DEBUG com.submit.dao.studentMapper.selectByPrimaryKey - ==>  Preparing: select studentno, name, pinyin, password from student where studentno = ? 
2020-07-09 14:05:35.949 [http-nio-8080-exec-7] DEBUG com.submit.dao.studentMapper.selectByPrimaryKey - ==> Parameters: 1441904116(String)
2020-07-09 14:05:36.006 [http-nio-8080-exec-7] DEBUG com.submit.dao.studentMapper.selectByPrimaryKey - <==      Total: 1
2020-07-09 14:05:41.757 [http-nio-8080-exec-2] DEBUG com.submit.dao.jobMapper.gettaskdetail - ==>  Preparing: SELECT DATE_FORMAT(b.createTime,'%Y-%m-%d %h:%m:%s') as time,b.*, c.coursename FROM job b ,teachclass c WHERE b.teachclassid in (SELECT a.classID FROM studentclass a WHERE a.studentno=?) AND c.ID=b.teachclassid ORDER BY b.ID DESC 
2020-07-09 14:05:41.765 [http-nio-8080-exec-2] DEBUG com.submit.dao.jobMapper.gettaskdetail - ==> Parameters: 1441904116(String)
2020-07-09 14:05:41.792 [http-nio-8080-exec-2] DEBUG com.submit.dao.jobMapper.gettaskdetail - <==      Total: 2
2020-07-09 14:05:43.617 [http-nio-8080-exec-1] DEBUG c.s.dao.teachclassMapper.getteacherclassbystuid2 - ==>  Preparing: select a.*,b.name from teachclass a,teacher b where ID in (SELECT classID FROM studentclass WHERE studentno=?) and a.teacherno=b.teacherno GROUP BY a.coursename,a.ID ORDER BY a.coursesemester DESC 
2020-07-09 14:05:43.621 [http-nio-8080-exec-1] DEBUG c.s.dao.teachclassMapper.getteacherclassbystuid2 - ==> Parameters: 1441904116(String)
2020-07-09 14:05:43.625 [http-nio-8080-exec-1] DEBUG c.s.dao.teachclassMapper.getteacherclassbystuid2 - <==      Total: 1
2020-07-09 14:05:43.626 [http-nio-8080-exec-1] DEBUG com.submit.dao.teachclassMapper.getallclasslesson - ==>  Preparing: select a.*,b.name from teachclass a,teacher b where a.teacherno=b.teacherno GROUP BY a.coursename,a.ID ORDER BY a.coursesemester DESC 
2020-07-09 14:05:43.627 [http-nio-8080-exec-1] DEBUG com.submit.dao.teachclassMapper.getallclasslesson - ==> Parameters: 
2020-07-09 14:05:43.630 [http-nio-8080-exec-1] DEBUG com.submit.dao.teachclassMapper.getallclasslesson - <==      Total: 4
2020-07-09 14:05:46.178 [http-nio-8080-exec-4] DEBUG com.submit.dao.scoreMapper.getscoreupload - ==>  Preparing: SELECT d.studentno,d.score,d.`name` ,DATE_FORMAT(d.time,'%Y-%m-%d %h:%m:%s') as time,f.coursename,e.title FROM teachclass f, (SELECT a.studentno,a.jobID,a.time,IFNULL(a.score,0) as score,b.`name` FROM score a LEFT JOIN student b on a.studentno=b.studentno where a.studentno=?)d LEFT JOIN job e on d.jobID=e.ID WHERE e.teachclassid=f.ID ORDER BY e.ID DESC 
2020-07-09 14:05:46.181 [http-nio-8080-exec-4] DEBUG com.submit.dao.scoreMapper.getscoreupload - ==> Parameters: 1441904116(String)
2020-07-09 14:05:46.187 [http-nio-8080-exec-4] DEBUG com.submit.dao.scoreMapper.getscoreupload - <==      Total: 2
2020-07-09 14:05:49.236 [http-nio-8080-exec-2] DEBUG c.s.dao.teachclassMapper.getteacherclassbystuid - ==>  Preparing: SELECT * from teachclass WHERE ID in (SELECT classID FROM studentclass WHERE studentno=?) GROUP BY coursename,ID ORDER BY coursesemester DESC 
2020-07-09 14:05:49.237 [http-nio-8080-exec-2] DEBUG c.s.dao.teachclassMapper.getteacherclassbystuid - ==> Parameters: 1441904116(String)
2020-07-09 14:05:49.240 [http-nio-8080-exec-2] DEBUG c.s.dao.teachclassMapper.getteacherclassbystuid - <==      Total: 1
2020-07-09 14:05:49.305 [http-nio-8080-exec-9] DEBUG com.submit.dao.jobMapper.getjobbyteachclassid - ==>  Preparing: select * from job where teachclassid=? order by createTime desc 
2020-07-09 14:05:49.307 [http-nio-8080-exec-9] DEBUG com.submit.dao.jobMapper.getjobbyteachclassid - ==> Parameters: 2(Integer)
2020-07-09 14:05:49.310 [http-nio-8080-exec-9] DEBUG com.submit.dao.jobMapper.getjobbyteachclassid - <==      Total: 2
2020-07-09 14:05:50.955 [http-nio-8080-exec-10] DEBUG com.submit.dao.jobMapper.gettaskdetail - ==>  Preparing: SELECT DATE_FORMAT(b.createTime,'%Y-%m-%d %h:%m:%s') as time,b.*, c.coursename FROM job b ,teachclass c WHERE b.teachclassid in (SELECT a.classID FROM studentclass a WHERE a.studentno=?) AND c.ID=b.teachclassid ORDER BY b.ID DESC 
2020-07-09 14:05:50.956 [http-nio-8080-exec-10] DEBUG com.submit.dao.jobMapper.gettaskdetail - ==> Parameters: 1441904116(String)
2020-07-09 14:05:50.958 [http-nio-8080-exec-10] DEBUG com.submit.dao.jobMapper.gettaskdetail - <==      Total: 2
2020-07-09 14:05:52.046 [http-nio-8080-exec-2] DEBUG c.s.dao.teachclassMapper.getteacherclassbystuid - ==>  Preparing: SELECT * from teachclass WHERE ID in (SELECT classID FROM studentclass WHERE studentno=?) GROUP BY coursename,ID ORDER BY coursesemester DESC 
2020-07-09 14:05:52.047 [http-nio-8080-exec-2] DEBUG c.s.dao.teachclassMapper.getteacherclassbystuid - ==> Parameters: 1441904116(String)
2020-07-09 14:05:52.050 [http-nio-8080-exec-2] DEBUG c.s.dao.teachclassMapper.getteacherclassbystuid - <==      Total: 1
2020-07-09 14:05:52.103 [http-nio-8080-exec-8] DEBUG com.submit.dao.jobMapper.getjobbyteachclassid - ==>  Preparing: select * from job where teachclassid=? order by createTime desc 
2020-07-09 14:05:52.103 [http-nio-8080-exec-8] DEBUG com.submit.dao.jobMapper.getjobbyteachclassid - ==> Parameters: 2(Integer)
2020-07-09 14:05:52.106 [http-nio-8080-exec-8] DEBUG com.submit.dao.jobMapper.getjobbyteachclassid - <==      Total: 2
2020-07-09 14:05:54.833 [http-nio-8080-exec-3] DEBUG com.submit.dao.scoreMapper.getscoreupload - ==>  Preparing: SELECT d.studentno,d.score,d.`name` ,DATE_FORMAT(d.time,'%Y-%m-%d %h:%m:%s') as time,f.coursename,e.title FROM teachclass f, (SELECT a.studentno,a.jobID,a.time,IFNULL(a.score,0) as score,b.`name` FROM score a LEFT JOIN student b on a.studentno=b.studentno where a.studentno=?)d LEFT JOIN job e on d.jobID=e.ID WHERE e.teachclassid=f.ID ORDER BY e.ID DESC 
2020-07-09 14:05:54.833 [http-nio-8080-exec-3] DEBUG com.submit.dao.scoreMapper.getscoreupload - ==> Parameters: 1441904116(String)
2020-07-09 14:05:54.836 [http-nio-8080-exec-3] DEBUG com.submit.dao.scoreMapper.getscoreupload - <==      Total: 2
2020-07-09 14:05:59.770 [http-nio-8080-exec-6] DEBUG c.s.dao.teachclassMapper.getteacherclassbystuid2 - ==>  Preparing: select a.*,b.name from teachclass a,teacher b where ID in (SELECT classID FROM studentclass WHERE studentno=?) and a.teacherno=b.teacherno GROUP BY a.coursename,a.ID ORDER BY a.coursesemester DESC 
2020-07-09 14:05:59.770 [http-nio-8080-exec-6] DEBUG c.s.dao.teachclassMapper.getteacherclassbystuid2 - ==> Parameters: 1441904116(String)
2020-07-09 14:05:59.773 [http-nio-8080-exec-6] DEBUG c.s.dao.teachclassMapper.getteacherclassbystuid2 - <==      Total: 1
2020-07-09 14:05:59.773 [http-nio-8080-exec-6] DEBUG com.submit.dao.teachclassMapper.getallclasslesson - ==>  Preparing: select a.*,b.name from teachclass a,teacher b where a.teacherno=b.teacherno GROUP BY a.coursename,a.ID ORDER BY a.coursesemester DESC 
2020-07-09 14:05:59.774 [http-nio-8080-exec-6] DEBUG com.submit.dao.teachclassMapper.getallclasslesson - ==> Parameters: 
2020-07-09 14:05:59.777 [http-nio-8080-exec-6] DEBUG com.submit.dao.teachclassMapper.getallclasslesson - <==      Total: 4
2020-07-09 14:06:01.670 [http-nio-8080-exec-9] DEBUG com.submit.dao.scoreMapper.getscoreupload - ==>  Preparing: SELECT d.studentno,d.score,d.`name` ,DATE_FORMAT(d.time,'%Y-%m-%d %h:%m:%s') as time,f.coursename,e.title FROM teachclass f, (SELECT a.studentno,a.jobID,a.time,IFNULL(a.score,0) as score,b.`name` FROM score a LEFT JOIN student b on a.studentno=b.studentno where a.studentno=?)d LEFT JOIN job e on d.jobID=e.ID WHERE e.teachclassid=f.ID ORDER BY e.ID DESC 
2020-07-09 14:06:01.670 [http-nio-8080-exec-9] DEBUG com.submit.dao.scoreMapper.getscoreupload - ==> Parameters: 1441904116(String)
2020-07-09 14:06:01.671 [http-nio-8080-exec-9] DEBUG com.submit.dao.scoreMapper.getscoreupload - <==      Total: 2
2020-07-09 14:06:09.271 [http-nio-8080-exec-10] DEBUG com.submit.dao.scoreMapper.getscoreupload - ==>  Preparing: SELECT d.studentno,d.score,d.`name` ,DATE_FORMAT(d.time,'%Y-%m-%d %h:%m:%s') as time,f.coursename,e.title FROM teachclass f, (SELECT a.studentno,a.jobID,a.time,IFNULL(a.score,0) as score,b.`name` FROM score a LEFT JOIN student b on a.studentno=b.studentno where a.studentno=?)d LEFT JOIN job e on d.jobID=e.ID WHERE e.teachclassid=f.ID ORDER BY e.ID DESC 
2020-07-09 14:06:09.272 [http-nio-8080-exec-10] DEBUG com.submit.dao.scoreMapper.getscoreupload - ==> Parameters: 1441904116(String)
2020-07-09 14:06:09.274 [http-nio-8080-exec-10] DEBUG com.submit.dao.scoreMapper.getscoreupload - <==      Total: 2
2020-07-09 14:06:10.654 [http-nio-8080-exec-6] DEBUG c.s.dao.teachclassMapper.getteacherclassbystuid - ==>  Preparing: SELECT * from teachclass WHERE ID in (SELECT classID FROM studentclass WHERE studentno=?) GROUP BY coursename,ID ORDER BY coursesemester DESC 
2020-07-09 14:06:10.654 [http-nio-8080-exec-6] DEBUG c.s.dao.teachclassMapper.getteacherclassbystuid - ==> Parameters: 1441904116(String)
2020-07-09 14:06:10.657 [http-nio-8080-exec-6] DEBUG c.s.dao.teachclassMapper.getteacherclassbystuid - <==      Total: 1
2020-07-09 14:06:10.707 [http-nio-8080-exec-1] DEBUG com.submit.dao.jobMapper.getjobbyteachclassid - ==>  Preparing: select * from job where teachclassid=? order by createTime desc 
2020-07-09 14:06:10.708 [http-nio-8080-exec-1] DEBUG com.submit.dao.jobMapper.getjobbyteachclassid - ==> Parameters: 2(Integer)
2020-07-09 14:06:10.710 [http-nio-8080-exec-1] DEBUG com.submit.dao.jobMapper.getjobbyteachclassid - <==      Total: 2
2020-07-09 14:06:12.024 [http-nio-8080-exec-1] DEBUG com.submit.dao.jobMapper.gettaskdetail - ==>  Preparing: SELECT DATE_FORMAT(b.createTime,'%Y-%m-%d %h:%m:%s') as time,b.*, c.coursename FROM job b ,teachclass c WHERE b.teachclassid in (SELECT a.classID FROM studentclass a WHERE a.studentno=?) AND c.ID=b.teachclassid ORDER BY b.ID DESC 
2020-07-09 14:06:12.024 [http-nio-8080-exec-1] DEBUG com.submit.dao.jobMapper.gettaskdetail - ==> Parameters: 1441904116(String)
2020-07-09 14:06:12.026 [http-nio-8080-exec-1] DEBUG com.submit.dao.jobMapper.gettaskdetail - <==      Total: 2
2020-07-09 14:06:15.001 [http-nio-8080-exec-9] DEBUG com.submit.dao.studentMapper.selectByPrimaryKey - ==>  Preparing: select studentno, name, pinyin, password from student where studentno = ? 
2020-07-09 14:06:15.002 [http-nio-8080-exec-9] DEBUG com.submit.dao.studentMapper.selectByPrimaryKey - ==> Parameters: 1441904116(String)
2020-07-09 14:06:15.004 [http-nio-8080-exec-9] DEBUG com.submit.dao.studentMapper.selectByPrimaryKey - <==      Total: 1
2020-07-09 14:06:19.828 [http-nio-8080-exec-7] DEBUG com.submit.dao.jobMapper.gettaskdetail - ==>  Preparing: SELECT DATE_FORMAT(b.createTime,'%Y-%m-%d %h:%m:%s') as time,b.*, c.coursename FROM job b ,teachclass c WHERE b.teachclassid in (SELECT a.classID FROM studentclass a WHERE a.studentno=?) AND c.ID=b.teachclassid ORDER BY b.ID DESC 
2020-07-09 14:06:19.828 [http-nio-8080-exec-7] DEBUG com.submit.dao.jobMapper.gettaskdetail - ==> Parameters: 1441904116(String)
2020-07-09 14:06:19.831 [http-nio-8080-exec-7] DEBUG com.submit.dao.jobMapper.gettaskdetail - <==      Total: 2
2020-07-09 14:06:24.037 [http-nio-8080-exec-10] DEBUG com.submit.dao.jobMapper.gettaskdetail - ==>  Preparing: SELECT DATE_FORMAT(b.createTime,'%Y-%m-%d %h:%m:%s') as time,b.*, c.coursename FROM job b ,teachclass c WHERE b.teachclassid in (SELECT a.classID FROM studentclass a WHERE a.studentno=?) AND c.ID=b.teachclassid ORDER BY b.ID DESC 
2020-07-09 14:06:24.038 [http-nio-8080-exec-10] DEBUG com.submit.dao.jobMapper.gettaskdetail - ==> Parameters: 1441904116(String)
2020-07-09 14:06:24.040 [http-nio-8080-exec-10] DEBUG com.submit.dao.jobMapper.gettaskdetail - <==      Total: 2
2020-07-09 14:20:18.198 [http-nio-8080-exec-3] DEBUG com.submit.dao.teacherMapper.selectByPrimaryKey - ==>  Preparing: select teacherno, name, password, level from teacher where teacherno = ? 
2020-07-09 14:20:18.200 [http-nio-8080-exec-3] DEBUG com.submit.dao.teacherMapper.selectByPrimaryKey - ==> Parameters: 1998000011(String)
2020-07-09 14:20:18.201 [http-nio-8080-exec-3] DEBUG com.submit.dao.teacherMapper.selectByPrimaryKey - <==      Total: 1
2020-07-09 14:20:18.213 [http-nio-8080-exec-6] DEBUG com.submit.dao.teacherMapper.selectByPrimaryKey - ==>  Preparing: select teacherno, name, password, level from teacher where teacherno = ? 
2020-07-09 14:20:18.214 [http-nio-8080-exec-6] DEBUG com.submit.dao.teacherMapper.selectByPrimaryKey - ==> Parameters: 1998000011(String)
2020-07-09 14:20:18.216 [http-nio-8080-exec-6] DEBUG com.submit.dao.teacherMapper.selectByPrimaryKey - <==      Total: 1
2020-07-09 14:20:19.465 [http-nio-8080-exec-1] DEBUG com.submit.dao.teacherMapper.selectByPrimaryKey - ==>  Preparing: select teacherno, name, password, level from teacher where teacherno = ? 
2020-07-09 14:20:19.466 [http-nio-8080-exec-1] DEBUG com.submit.dao.teacherMapper.selectByPrimaryKey - ==> Parameters: 1998000011(String)
2020-07-09 14:20:19.467 [http-nio-8080-exec-1] DEBUG com.submit.dao.teacherMapper.selectByPrimaryKey - <==      Total: 1
2020-07-09 14:20:21.440 [http-nio-8080-exec-3] DEBUG com.submit.dao.studentMapper.getallstudent - ==>  Preparing: select * from student where studentno like CONCAT('%',?,'%') and name like CONCAT('%',?,'%') 
2020-07-09 14:20:21.442 [http-nio-8080-exec-3] DEBUG com.submit.dao.studentMapper.getallstudent - ==> Parameters: (String), (String)
2020-07-09 14:20:21.448 [http-nio-8080-exec-3] DEBUG com.submit.dao.studentMapper.getallstudent - <==      Total: 6
2020-07-09 14:20:21.774 [http-nio-8080-exec-10] DEBUG c.s.dao.teachclassMapper.getteacherclassbyteachid - ==>  Preparing: select * from teachclass where teacherno=? ORDER BY coursesemester DESC 
2020-07-09 14:20:21.775 [http-nio-8080-exec-10] DEBUG c.s.dao.teachclassMapper.getteacherclassbyteachid - ==> Parameters: 1998000011(String)
2020-07-09 14:20:21.776 [http-nio-8080-exec-10] DEBUG c.s.dao.teachclassMapper.getteacherclassbyteachid - <==      Total: 4
2020-07-09 14:20:24.388 [http-nio-8080-exec-6] DEBUG com.submit.dao.teachclassMapper.selectByPrimaryKey - ==>  Preparing: select ID, teachclassno, coursename, coursesemester, credit, evalmethod, teacherno from teachclass where ID = ? 
2020-07-09 14:20:24.390 [http-nio-8080-exec-6] DEBUG com.submit.dao.teachclassMapper.selectByPrimaryKey - ==> Parameters: 2(Integer)
2020-07-09 14:20:24.390 [http-nio-8080-exec-6] DEBUG com.submit.dao.teachclassMapper.selectByPrimaryKey - <==      Total: 1
2020-07-09 14:20:24.391 [http-nio-8080-exec-6] DEBUG com.submit.dao.studentMapper.getstudentbyclassid - ==>  Preparing: SELECT b.studentno studentno ,a.`name`,a.pinyin,a.password,b.no,b.ID from student a,studentclass b WHERE a.studentno=b.studentno and b.classID=? 
2020-07-09 14:20:24.393 [http-nio-8080-exec-6] DEBUG com.submit.dao.studentMapper.getstudentbyclassid - ==> Parameters: 2(Integer)
2020-07-09 14:20:24.395 [http-nio-8080-exec-6] DEBUG com.submit.dao.studentMapper.getstudentbyclassid - <==      Total: 5
2020-07-09 14:20:34.007 [http-nio-8080-exec-1] DEBUG c.s.dao.teachclassMapper.getteacherclassbyteachid - ==>  Preparing: select * from teachclass where teacherno=? ORDER BY coursesemester DESC 
2020-07-09 14:20:34.008 [http-nio-8080-exec-1] DEBUG c.s.dao.teachclassMapper.getteacherclassbyteachid - ==> Parameters: 1998000011(String)
2020-07-09 14:20:34.011 [http-nio-8080-exec-1] DEBUG c.s.dao.teachclassMapper.getteacherclassbyteachid - <==      Total: 4
2020-07-09 14:20:34.075 [http-nio-8080-exec-8] DEBUG c.submit.dao.studentclassMapper.getstudentbyclaid - ==>  Preparing: select a.id, a.no,s.name,s.pinyin,a.classid, a.studentno,a.note from studentclass a left join student s on a.studentno = s.studentno where a.classID=? order by a.no asc 
2020-07-09 14:20:34.077 [http-nio-8080-exec-8] DEBUG c.submit.dao.studentclassMapper.getstudentbyclaid - ==> Parameters: (String)
2020-07-09 14:20:34.081 [http-nio-8080-exec-8] DEBUG c.submit.dao.studentclassMapper.getstudentbyclaid - <==      Total: 0
2020-07-09 14:20:49.208 [http-nio-8080-exec-6] DEBUG c.s.dao.teachclassMapper.getteacherclassbyteachid - ==>  Preparing: select * from teachclass where teacherno=? ORDER BY coursesemester DESC 
2020-07-09 14:20:49.208 [http-nio-8080-exec-6] DEBUG c.s.dao.teachclassMapper.getteacherclassbyteachid - ==> Parameters: 1998000011(String)
2020-07-09 14:20:49.212 [http-nio-8080-exec-6] DEBUG c.s.dao.teachclassMapper.getteacherclassbyteachid - <==      Total: 4
2020-07-09 14:20:50.066 [http-nio-8080-exec-8] DEBUG c.s.dao.teachclassMapper.getteacherclassbyteachid - ==>  Preparing: select * from teachclass where teacherno=? ORDER BY coursesemester DESC 
2020-07-09 14:20:50.066 [http-nio-8080-exec-8] DEBUG c.s.dao.teachclassMapper.getteacherclassbyteachid - ==> Parameters: 1998000011(String)
2020-07-09 14:20:50.068 [http-nio-8080-exec-8] DEBUG c.s.dao.teachclassMapper.getteacherclassbyteachid - <==      Total: 4
2020-07-09 14:20:50.128 [http-nio-8080-exec-7] DEBUG c.submit.dao.studentclassMapper.getstudentbyclaid - ==>  Preparing: select a.id, a.no,s.name,s.pinyin,a.classid, a.studentno,a.note from studentclass a left join student s on a.studentno = s.studentno where a.classID=? order by a.no asc 
2020-07-09 14:20:50.129 [http-nio-8080-exec-7] DEBUG c.submit.dao.studentclassMapper.getstudentbyclaid - ==> Parameters: (String)
2020-07-09 14:20:50.130 [http-nio-8080-exec-7] DEBUG c.submit.dao.studentclassMapper.getstudentbyclaid - <==      Total: 0
2020-07-09 14:20:52.025 [http-nio-8080-exec-10] DEBUG c.s.dao.teachclassMapper.getteacherclassbyteachid - ==>  Preparing: select * from teachclass where teacherno=? ORDER BY coursesemester DESC 
2020-07-09 14:20:52.025 [http-nio-8080-exec-10] DEBUG c.s.dao.teachclassMapper.getteacherclassbyteachid - ==> Parameters: 1998000011(String)
2020-07-09 14:20:52.026 [http-nio-8080-exec-10] DEBUG c.s.dao.teachclassMapper.getteacherclassbyteachid - <==      Total: 4
2020-07-09 14:21:02.244 [http-nio-8080-exec-4] DEBUG c.s.dao.teachclassMapper.getteacherclassbyteachid - ==>  Preparing: select * from teachclass where teacherno=? ORDER BY coursesemester DESC 
2020-07-09 14:21:02.244 [http-nio-8080-exec-4] DEBUG c.s.dao.teachclassMapper.getteacherclassbyteachid - ==> Parameters: 1998000011(String)
2020-07-09 14:21:02.246 [http-nio-8080-exec-4] DEBUG c.s.dao.teachclassMapper.getteacherclassbyteachid - <==      Total: 4
2020-07-09 14:21:02.910 [http-nio-8080-exec-8] DEBUG c.s.dao.teachclassMapper.getteacherclassbyteachid - ==>  Preparing: select * from teachclass where teacherno=? ORDER BY coursesemester DESC 
2020-07-09 14:21:02.910 [http-nio-8080-exec-8] DEBUG c.s.dao.teachclassMapper.getteacherclassbyteachid - ==> Parameters: 1998000011(String)
2020-07-09 14:21:02.912 [http-nio-8080-exec-8] DEBUG c.s.dao.teachclassMapper.getteacherclassbyteachid - <==      Total: 4
2020-07-09 14:21:03.296 [http-nio-8080-exec-4] DEBUG com.submit.dao.teacherMapper.selectByPrimaryKey - ==>  Preparing: select teacherno, name, password, level from teacher where teacherno = ? 
2020-07-09 14:21:03.296 [http-nio-8080-exec-4] DEBUG com.submit.dao.teacherMapper.selectByPrimaryKey - ==> Parameters: 1998000011(String)
2020-07-09 14:21:03.297 [http-nio-8080-exec-4] DEBUG com.submit.dao.teacherMapper.selectByPrimaryKey - <==      Total: 1
2020-07-09 14:21:04.044 [http-nio-8080-exec-6] DEBUG com.submit.dao.teacherMapper.selectByPrimaryKey - ==>  Preparing: select teacherno, name, password, level from teacher where teacherno = ? 
2020-07-09 14:21:04.044 [http-nio-8080-exec-6] DEBUG com.submit.dao.teacherMapper.selectByPrimaryKey - ==> Parameters: 1998000011(String)
2020-07-09 14:21:04.045 [http-nio-8080-exec-6] DEBUG com.submit.dao.teacherMapper.selectByPrimaryKey - <==      Total: 1
2020-07-09 14:21:04.577 [http-nio-8080-exec-2] DEBUG c.s.dao.teachclassMapper.getteacherclassbyteachid - ==>  Preparing: select * from teachclass where teacherno=? ORDER BY coursesemester DESC 
2020-07-09 14:21:04.577 [http-nio-8080-exec-2] DEBUG c.s.dao.teachclassMapper.getteacherclassbyteachid - ==> Parameters: 1998000011(String)
2020-07-09 14:21:04.579 [http-nio-8080-exec-2] DEBUG c.s.dao.teachclassMapper.getteacherclassbyteachid - <==      Total: 4
2020-07-09 14:21:06.338 [http-nio-8080-exec-3] DEBUG com.submit.dao.teacherMapper.selectByPrimaryKey - ==>  Preparing: select teacherno, name, password, level from teacher where teacherno = ? 
2020-07-09 14:21:06.339 [http-nio-8080-exec-3] DEBUG com.submit.dao.teacherMapper.selectByPrimaryKey - ==> Parameters: 1998000011(String)
2020-07-09 14:21:06.340 [http-nio-8080-exec-3] DEBUG com.submit.dao.teacherMapper.selectByPrimaryKey - <==      Total: 1
2020-07-09 14:21:08.527 [http-nio-8080-exec-3] DEBUG com.submit.dao.teacherMapper.selectByPrimaryKey - ==>  Preparing: select teacherno, name, password, level from teacher where teacherno = ? 
2020-07-09 14:21:08.527 [http-nio-8080-exec-3] DEBUG com.submit.dao.teacherMapper.selectByPrimaryKey - ==> Parameters: 1998000011(String)
2020-07-09 14:21:08.528 [http-nio-8080-exec-3] DEBUG com.submit.dao.teacherMapper.selectByPrimaryKey - <==      Total: 1
2020-07-09 15:30:16.295 [http-nio-8080-exec-9] DEBUG com.submit.dao.studentMapper.selectByPrimaryKey - ==>  Preparing: select studentno, name, pinyin, password from student where studentno = ? 
2020-07-09 15:30:16.298 [http-nio-8080-exec-9] DEBUG com.submit.dao.studentMapper.selectByPrimaryKey - ==> Parameters: 152210702132(String)
2020-07-09 15:30:16.305 [http-nio-8080-exec-9] DEBUG com.submit.dao.studentMapper.selectByPrimaryKey - <==      Total: 1
2020-07-09 15:30:18.488 [http-nio-8080-exec-9] DEBUG c.s.dao.teachclassMapper.getteacherclassbystuid - ==>  Preparing: SELECT * from teachclass WHERE ID in (SELECT classID FROM studentclass WHERE studentno=?) GROUP BY coursename,ID ORDER BY coursesemester DESC 
2020-07-09 15:30:18.489 [http-nio-8080-exec-9] DEBUG c.s.dao.teachclassMapper.getteacherclassbystuid - ==> Parameters: 152210702132(String)
2020-07-09 15:30:18.491 [http-nio-8080-exec-9] DEBUG c.s.dao.teachclassMapper.getteacherclassbystuid - <==      Total: 1
2020-07-09 15:30:18.541 [http-nio-8080-exec-7] DEBUG com.submit.dao.jobMapper.getjobbyteachclassid - ==>  Preparing: select * from job where teachclassid=? order by createTime desc 
2020-07-09 15:30:18.542 [http-nio-8080-exec-7] DEBUG com.submit.dao.jobMapper.getjobbyteachclassid - ==> Parameters: 2(Integer)
2020-07-09 15:30:18.544 [http-nio-8080-exec-7] DEBUG com.submit.dao.jobMapper.getjobbyteachclassid - <==      Total: 2
2020-07-09 15:30:19.883 [http-nio-8080-exec-7] DEBUG com.submit.dao.jobMapper.gettaskdetail - ==>  Preparing: SELECT DATE_FORMAT(b.createTime,'%Y-%m-%d %h:%m:%s') as time,b.*, c.coursename FROM job b ,teachclass c WHERE b.teachclassid in (SELECT a.classID FROM studentclass a WHERE a.studentno=?) AND c.ID=b.teachclassid ORDER BY b.ID DESC 
2020-07-09 15:30:19.884 [http-nio-8080-exec-7] DEBUG com.submit.dao.jobMapper.gettaskdetail - ==> Parameters: 152210702132(String)
2020-07-09 15:30:19.886 [http-nio-8080-exec-7] DEBUG com.submit.dao.jobMapper.gettaskdetail - <==      Total: 2
2020-07-09 15:30:26.182 [http-nio-8080-exec-3] DEBUG c.s.dao.teachclassMapper.getteacherclassbystuid - ==>  Preparing: SELECT * from teachclass WHERE ID in (SELECT classID FROM studentclass WHERE studentno=?) GROUP BY coursename,ID ORDER BY coursesemester DESC 
2020-07-09 15:30:26.183 [http-nio-8080-exec-3] DEBUG c.s.dao.teachclassMapper.getteacherclassbystuid - ==> Parameters: 152210702132(String)
2020-07-09 15:30:26.185 [http-nio-8080-exec-3] DEBUG c.s.dao.teachclassMapper.getteacherclassbystuid - <==      Total: 1
2020-07-09 15:30:26.234 [http-nio-8080-exec-1] DEBUG com.submit.dao.jobMapper.getjobbyteachclassid - ==>  Preparing: select * from job where teachclassid=? order by createTime desc 
2020-07-09 15:30:26.234 [http-nio-8080-exec-1] DEBUG com.submit.dao.jobMapper.getjobbyteachclassid - ==> Parameters: 2(Integer)
2020-07-09 15:30:26.236 [http-nio-8080-exec-1] DEBUG com.submit.dao.jobMapper.getjobbyteachclassid - <==      Total: 2
2020-07-09 15:30:40.723 [http-nio-8080-exec-10] DEBUG com.submit.dao.jobMapper.selectByPrimaryKey - ==>  Preparing: select ID, teachclassid, no, title, duedate, type, note, createTime from job where ID = ? 
2020-07-09 15:30:40.727 [http-nio-8080-exec-10] DEBUG com.submit.dao.jobMapper.selectByPrimaryKey - ==> Parameters: 5(Integer)
2020-07-09 15:30:40.728 [http-nio-8080-exec-10] DEBUG com.submit.dao.jobMapper.selectByPrimaryKey - <==      Total: 1
2020-07-09 15:30:40.729 [http-nio-8080-exec-10] DEBUG com.submit.dao.teachclassMapper.selectByPrimaryKey - ==>  Preparing: select ID, teachclassno, coursename, coursesemester, credit, evalmethod, teacherno from teachclass where ID = ? 
2020-07-09 15:30:40.730 [http-nio-8080-exec-10] DEBUG com.submit.dao.teachclassMapper.selectByPrimaryKey - ==> Parameters: 2(Integer)
2020-07-09 15:30:40.731 [http-nio-8080-exec-10] DEBUG com.submit.dao.teachclassMapper.selectByPrimaryKey - <==      Total: 1
2020-07-09 15:30:40.732 [http-nio-8080-exec-10] DEBUG com.submit.dao.scoreMapper.uniqueindex - ==>  Preparing: select * from score where jobID=? and studentno=? 
2020-07-09 15:30:40.733 [http-nio-8080-exec-10] DEBUG com.submit.dao.scoreMapper.uniqueindex - ==> Parameters: 5(Integer), 152210702132(String)
2020-07-09 15:30:40.736 [http-nio-8080-exec-10] DEBUG com.submit.dao.scoreMapper.uniqueindex - <==      Total: 1
2020-07-09 15:30:40.766 [http-nio-8080-exec-10] DEBUG c.s.dao.scoreMapper.updateByPrimaryKeySelective - ==>  Preparing: update score SET jobID = ?, studentno = ?, time = ? where ID = ? 
2020-07-09 15:30:40.781 [http-nio-8080-exec-10] DEBUG c.s.dao.scoreMapper.updateByPrimaryKeySelective - ==> Parameters: 5(Integer), 152210702132(String), 2020-07-09 15:30:40.744(Timestamp), 102(Long)
2020-07-09 15:30:40.792 [http-nio-8080-exec-10] DEBUG c.s.dao.scoreMapper.updateByPrimaryKeySelective - <==    Updates: 1
2020-07-09 15:30:44.320 [http-nio-8080-exec-2] DEBUG com.submit.dao.scoreMapper.getscoreupload - ==>  Preparing: SELECT d.studentno,d.score,d.`name` ,DATE_FORMAT(d.time,'%Y-%m-%d %h:%m:%s') as time,f.coursename,e.title FROM teachclass f, (SELECT a.studentno,a.jobID,a.time,IFNULL(a.score,0) as score,b.`name` FROM score a LEFT JOIN student b on a.studentno=b.studentno where a.studentno=?)d LEFT JOIN job e on d.jobID=e.ID WHERE e.teachclassid=f.ID ORDER BY e.ID DESC 
2020-07-09 15:30:44.321 [http-nio-8080-exec-2] DEBUG com.submit.dao.scoreMapper.getscoreupload - ==> Parameters: 152210702132(String)
2020-07-09 15:30:44.323 [http-nio-8080-exec-2] DEBUG com.submit.dao.scoreMapper.getscoreupload - <==      Total: 2
2020-07-09 15:34:25.371 [http-nio-8080-exec-9] DEBUG com.submit.dao.scoreMapper.getscoreupload - ==>  Preparing: SELECT d.studentno,d.score,d.`name` ,DATE_FORMAT(d.time,'%Y-%m-%d %h:%m:%s') as time,f.coursename,e.title FROM teachclass f, (SELECT a.studentno,a.jobID,a.time,IFNULL(a.score,0) as score,b.`name` FROM score a LEFT JOIN student b on a.studentno=b.studentno where a.studentno=?)d LEFT JOIN job e on d.jobID=e.ID WHERE e.teachclassid=f.ID ORDER BY e.ID DESC 
2020-07-09 15:34:25.372 [http-nio-8080-exec-9] DEBUG com.submit.dao.scoreMapper.getscoreupload - ==> Parameters: 152210702132(String)
2020-07-09 15:34:25.374 [http-nio-8080-exec-9] DEBUG com.submit.dao.scoreMapper.getscoreupload - <==      Total: 2
2020-07-09 15:34:26.224 [http-nio-8080-exec-10] DEBUG c.s.dao.teachclassMapper.getteacherclassbystuid2 - ==>  Preparing: select a.*,b.name from teachclass a,teacher b where ID in (SELECT classID FROM studentclass WHERE studentno=?) and a.teacherno=b.teacherno GROUP BY a.coursename,a.ID ORDER BY a.coursesemester DESC 
2020-07-09 15:34:26.225 [http-nio-8080-exec-10] DEBUG c.s.dao.teachclassMapper.getteacherclassbystuid2 - ==> Parameters: 152210702132(String)
2020-07-09 15:34:26.226 [http-nio-8080-exec-10] DEBUG c.s.dao.teachclassMapper.getteacherclassbystuid2 - <==      Total: 1
2020-07-09 15:34:26.227 [http-nio-8080-exec-10] DEBUG com.submit.dao.teachclassMapper.getallclasslesson - ==>  Preparing: select a.*,b.name from teachclass a,teacher b where a.teacherno=b.teacherno GROUP BY a.coursename,a.ID ORDER BY a.coursesemester DESC 
2020-07-09 15:34:26.227 [http-nio-8080-exec-10] DEBUG com.submit.dao.teachclassMapper.getallclasslesson - ==> Parameters: 
2020-07-09 15:34:26.229 [http-nio-8080-exec-10] DEBUG com.submit.dao.teachclassMapper.getallclasslesson - <==      Total: 4
2020-07-09 15:34:27.449 [http-nio-8080-exec-7] DEBUG com.submit.dao.jobMapper.gettaskdetail - ==>  Preparing: SELECT DATE_FORMAT(b.createTime,'%Y-%m-%d %h:%m:%s') as time,b.*, c.coursename FROM job b ,teachclass c WHERE b.teachclassid in (SELECT a.classID FROM studentclass a WHERE a.studentno=?) AND c.ID=b.teachclassid ORDER BY b.ID DESC 
2020-07-09 15:34:27.449 [http-nio-8080-exec-7] DEBUG com.submit.dao.jobMapper.gettaskdetail - ==> Parameters: 152210702132(String)
2020-07-09 15:34:27.452 [http-nio-8080-exec-7] DEBUG com.submit.dao.jobMapper.gettaskdetail - <==      Total: 2
