2020-07-04 10:53:45.727 [restartedMain] DEBUG com.submit.WorkuploadApplication - Running with Spring Boot v2.1.4.RELEASE, Spring v5.1.6.RELEASE
2020-07-04 10:54:26.132 [http-nio-8080-exec-7] DEBUG com.submit.dao.studentMapper.selectByPrimaryKey - ==>  Preparing: select studentno, name, pinyin, password from student where studentno = ? 
2020-07-04 10:54:26.347 [http-nio-8080-exec-7] DEBUG com.submit.dao.studentMapper.selectByPrimaryKey - ==> Parameters: 1100888(String)
2020-07-04 10:54:26.399 [http-nio-8080-exec-7] DEBUG com.submit.dao.studentMapper.selectByPrimaryKey - <==      Total: 1
2020-07-04 10:54:29.973 [http-nio-8080-exec-7] DEBUG com.submit.dao.studentMapper.selectByPrimaryKey - ==>  Preparing: select studentno, name, pinyin, password from student where studentno = ? 
2020-07-04 10:54:29.973 [http-nio-8080-exec-7] DEBUG com.submit.dao.studentMapper.selectByPrimaryKey - ==> Parameters: 1100888(String)
2020-07-04 10:54:29.974 [http-nio-8080-exec-7] DEBUG com.submit.dao.studentMapper.selectByPrimaryKey - <==      Total: 1
2020-07-04 10:54:32.233 [http-nio-8080-exec-3] DEBUG com.submit.dao.jobMapper.gettaskdetail - ==>  Preparing: SELECT DATE_FORMAT(b.createTime,'%Y-%m-%d %h:%m:%s') as time,b.*, c.coursename FROM job b ,teachclass c WHERE b.teachclassid in (SELECT a.classID FROM studentclass a WHERE a.studentno=?) AND c.ID=b.teachclassid ORDER BY b.ID DESC 
2020-07-04 10:54:32.242 [http-nio-8080-exec-3] DEBUG com.submit.dao.jobMapper.gettaskdetail - ==> Parameters: 1100888(String)
2020-07-04 10:54:32.255 [http-nio-8080-exec-3] DEBUG com.submit.dao.jobMapper.gettaskdetail - <==      Total: 0
2020-07-04 10:54:32.927 [http-nio-8080-exec-5] DEBUG c.s.dao.teachclassMapper.getteacherclassbystuid - ==>  Preparing: SELECT * from teachclass WHERE ID in (SELECT classID FROM studentclass WHERE studentno=?) GROUP BY coursename,ID ORDER BY coursesemester DESC 
2020-07-04 10:54:32.939 [http-nio-8080-exec-5] DEBUG c.s.dao.teachclassMapper.getteacherclassbystuid - ==> Parameters: 1100888(String)
2020-07-04 10:54:32.941 [http-nio-8080-exec-5] DEBUG c.s.dao.teachclassMapper.getteacherclassbystuid - <==      Total: 0
2020-07-04 10:54:33.730 [http-nio-8080-exec-6] DEBUG com.submit.dao.scoreMapper.getscoreupload - ==>  Preparing: SELECT d.studentno,d.score,d.`name` ,DATE_FORMAT(d.time,'%Y-%m-%d %h:%m:%s') as time,f.coursename,e.title FROM teachclass f, (SELECT a.studentno,a.jobID,a.time,IFNULL(a.score,0) as score,b.`name` FROM score a LEFT JOIN student b on a.studentno=b.studentno where a.studentno=?)d LEFT JOIN job e on d.jobID=e.ID WHERE e.teachclassid=f.ID ORDER BY e.ID DESC 
2020-07-04 10:54:33.736 [http-nio-8080-exec-6] DEBUG com.submit.dao.scoreMapper.getscoreupload - ==> Parameters: 1100888(String)
2020-07-04 10:54:33.739 [http-nio-8080-exec-6] DEBUG com.submit.dao.scoreMapper.getscoreupload - <==      Total: 0
2020-07-04 10:54:35.109 [http-nio-8080-exec-9] DEBUG c.s.dao.teachclassMapper.getteacherclassbystuid2 - ==>  Preparing: select a.*,b.name from teachclass a,teacher b where ID in (SELECT classID FROM studentclass WHERE studentno=?) and a.teacherno=b.teacherno GROUP BY a.coursename,a.ID ORDER BY a.coursesemester DESC 
2020-07-04 10:54:35.111 [http-nio-8080-exec-9] DEBUG c.s.dao.teachclassMapper.getteacherclassbystuid2 - ==> Parameters: 1100888(String)
2020-07-04 10:54:35.113 [http-nio-8080-exec-9] DEBUG c.s.dao.teachclassMapper.getteacherclassbystuid2 - <==      Total: 0
2020-07-04 10:54:35.115 [http-nio-8080-exec-9] DEBUG com.submit.dao.teachclassMapper.getallclasslesson - ==>  Preparing: select a.*,b.name from teachclass a,teacher b where a.teacherno=b.teacherno GROUP BY a.coursename,a.ID ORDER BY a.coursesemester DESC 
2020-07-04 10:54:35.116 [http-nio-8080-exec-9] DEBUG com.submit.dao.teachclassMapper.getallclasslesson - ==> Parameters: 
2020-07-04 10:54:35.122 [http-nio-8080-exec-9] DEBUG com.submit.dao.teachclassMapper.getallclasslesson - <==      Total: 4
2020-07-04 10:54:35.777 [http-nio-8080-exec-1] DEBUG com.submit.dao.scoreMapper.getscoreupload - ==>  Preparing: SELECT d.studentno,d.score,d.`name` ,DATE_FORMAT(d.time,'%Y-%m-%d %h:%m:%s') as time,f.coursename,e.title FROM teachclass f, (SELECT a.studentno,a.jobID,a.time,IFNULL(a.score,0) as score,b.`name` FROM score a LEFT JOIN student b on a.studentno=b.studentno where a.studentno=?)d LEFT JOIN job e on d.jobID=e.ID WHERE e.teachclassid=f.ID ORDER BY e.ID DESC 
2020-07-04 10:54:35.777 [http-nio-8080-exec-1] DEBUG com.submit.dao.scoreMapper.getscoreupload - ==> Parameters: 1100888(String)
2020-07-04 10:54:35.778 [http-nio-8080-exec-1] DEBUG com.submit.dao.scoreMapper.getscoreupload - <==      Total: 0
2020-07-04 13:49:16.913 [http-nio-8080-exec-6] DEBUG com.submit.dao.teacherMapper.selectByPrimaryKey - ==>  Preparing: select teacherno, name, password, level from teacher where teacherno = ? 
2020-07-04 13:49:16.924 [http-nio-8080-exec-6] DEBUG com.submit.dao.teacherMapper.selectByPrimaryKey - ==> Parameters: 123456(String)
2020-07-04 13:49:16.932 [http-nio-8080-exec-6] DEBUG com.submit.dao.teacherMapper.selectByPrimaryKey - <==      Total: 1
2020-07-04 13:49:16.960 [http-nio-8080-exec-9] DEBUG com.submit.dao.teacherMapper.selectByPrimaryKey - ==>  Preparing: select teacherno, name, password, level from teacher where teacherno = ? 
2020-07-04 13:49:16.960 [http-nio-8080-exec-9] DEBUG com.submit.dao.teacherMapper.selectByPrimaryKey - ==> Parameters: 123456(String)
2020-07-04 13:49:16.962 [http-nio-8080-exec-9] DEBUG com.submit.dao.teacherMapper.selectByPrimaryKey - <==      Total: 1
2020-07-04 13:49:18.268 [http-nio-8080-exec-2] DEBUG com.submit.dao.teacherMapper.selectByPrimaryKey - ==>  Preparing: select teacherno, name, password, level from teacher where teacherno = ? 
2020-07-04 13:49:18.268 [http-nio-8080-exec-2] DEBUG com.submit.dao.teacherMapper.selectByPrimaryKey - ==> Parameters: 123456(String)
2020-07-04 13:49:18.269 [http-nio-8080-exec-2] DEBUG com.submit.dao.teacherMapper.selectByPrimaryKey - <==      Total: 1
2020-07-04 13:49:25.299 [http-nio-8080-exec-2] DEBUG com.submit.dao.teacherMapper.selectByPrimaryKey - ==>  Preparing: select teacherno, name, password, level from teacher where teacherno = ? 
2020-07-04 13:49:25.299 [http-nio-8080-exec-2] DEBUG com.submit.dao.teacherMapper.selectByPrimaryKey - ==> Parameters: 123456(String)
2020-07-04 13:49:25.300 [http-nio-8080-exec-2] DEBUG com.submit.dao.teacherMapper.selectByPrimaryKey - <==      Total: 1
2020-07-04 13:49:43.217 [http-nio-8080-exec-2] DEBUG com.submit.dao.studentMapper.insertSelective - ==>  Preparing: insert into student ( studentno, name, pinyin, password ) values ( ?, ?, ?, ? ) 
2020-07-04 13:49:43.228 [http-nio-8080-exec-2] DEBUG com.submit.dao.studentMapper.insertSelective - ==> Parameters: 31701368(String), lll(String), lll(String), 123456(String)
2020-07-04 13:49:43.238 [http-nio-8080-exec-2] DEBUG com.submit.dao.studentMapper.insertSelective - <==    Updates: 1
2020-07-04 13:49:51.096 [http-nio-8080-exec-1] DEBUG com.submit.dao.studentMapper.getallstudent - ==>  Preparing: select * from student where studentno like CONCAT('%',?,'%') and name like CONCAT('%',?,'%') 
2020-07-04 13:49:51.099 [http-nio-8080-exec-1] DEBUG com.submit.dao.studentMapper.getallstudent - ==> Parameters: (String), (String)
2020-07-04 13:49:51.103 [http-nio-8080-exec-1] DEBUG com.submit.dao.studentMapper.getallstudent - <==      Total: 8
2020-07-04 13:49:54.611 [http-nio-8080-exec-2] DEBUG com.submit.dao.teacherMapper.getAllTeacher - ==>  Preparing: select * from teacher 
2020-07-04 13:49:54.612 [http-nio-8080-exec-2] DEBUG com.submit.dao.teacherMapper.getAllTeacher - ==> Parameters: 
2020-07-04 13:49:54.613 [http-nio-8080-exec-2] DEBUG com.submit.dao.teacherMapper.getAllTeacher - <==      Total: 2
2020-07-04 13:49:58.766 [http-nio-8080-exec-8] DEBUG c.s.dao.teachclassMapper.getteacherclassbyteachid - ==>  Preparing: select * from teachclass where teacherno=? ORDER BY coursesemester DESC 
2020-07-04 13:49:58.767 [http-nio-8080-exec-8] DEBUG c.s.dao.teachclassMapper.getteacherclassbyteachid - ==> Parameters: 123456(String)
2020-07-04 13:49:58.771 [http-nio-8080-exec-8] DEBUG c.s.dao.teachclassMapper.getteacherclassbyteachid - <==      Total: 0
2020-07-04 13:50:02.501 [http-nio-8080-exec-6] DEBUG com.submit.dao.teacherMapper.selectByPrimaryKey - ==>  Preparing: select teacherno, name, password, level from teacher where teacherno = ? 
2020-07-04 13:50:02.501 [http-nio-8080-exec-6] DEBUG com.submit.dao.teacherMapper.selectByPrimaryKey - ==> Parameters: 123456(String)
2020-07-04 13:50:02.503 [http-nio-8080-exec-6] DEBUG com.submit.dao.teacherMapper.selectByPrimaryKey - <==      Total: 1
2020-07-04 13:50:44.454 [http-nio-8080-exec-4] DEBUG com.submit.dao.studentMapper.getallstudent - ==>  Preparing: select * from student where studentno like CONCAT('%',?,'%') and name like CONCAT('%',?,'%') 
2020-07-04 13:50:44.454 [http-nio-8080-exec-4] DEBUG com.submit.dao.studentMapper.getallstudent - ==> Parameters: (String), (String)
2020-07-04 13:50:44.459 [http-nio-8080-exec-4] DEBUG com.submit.dao.studentMapper.getallstudent - <==      Total: 8
2020-07-04 13:51:06.021 [http-nio-8080-exec-3] DEBUG com.submit.dao.teacherMapper.selectByPrimaryKey - ==>  Preparing: select teacherno, name, password, level from teacher where teacherno = ? 
2020-07-04 13:51:06.021 [http-nio-8080-exec-3] DEBUG com.submit.dao.teacherMapper.selectByPrimaryKey - ==> Parameters: 123456(String)
2020-07-04 13:51:06.022 [http-nio-8080-exec-3] DEBUG com.submit.dao.teacherMapper.selectByPrimaryKey - <==      Total: 1
2020-07-04 13:54:58.414 [http-nio-8080-exec-10] DEBUG com.submit.dao.studentMapper.getallstudent - ==>  Preparing: select * from student where studentno like CONCAT('%',?,'%') and name like CONCAT('%',?,'%') 
2020-07-04 13:54:58.415 [http-nio-8080-exec-10] DEBUG com.submit.dao.studentMapper.getallstudent - ==> Parameters: (String), (String)
2020-07-04 13:54:58.417 [http-nio-8080-exec-10] DEBUG com.submit.dao.studentMapper.getallstudent - <==      Total: 8
2020-07-04 13:55:02.944 [http-nio-8080-exec-5] DEBUG com.submit.dao.teacherMapper.getAllTeacher - ==>  Preparing: select * from teacher 
2020-07-04 13:55:02.945 [http-nio-8080-exec-5] DEBUG com.submit.dao.teacherMapper.getAllTeacher - ==> Parameters: 
2020-07-04 13:55:02.947 [http-nio-8080-exec-5] DEBUG com.submit.dao.teacherMapper.getAllTeacher - <==      Total: 2
2020-07-04 13:55:04.197 [http-nio-8080-exec-8] DEBUG c.s.dao.teachclassMapper.getteacherclassbyteachid - ==>  Preparing: select * from teachclass where teacherno=? ORDER BY coursesemester DESC 
2020-07-04 13:55:04.197 [http-nio-8080-exec-8] DEBUG c.s.dao.teachclassMapper.getteacherclassbyteachid - ==> Parameters: 123456(String)
2020-07-04 13:55:04.198 [http-nio-8080-exec-8] DEBUG c.s.dao.teachclassMapper.getteacherclassbyteachid - <==      Total: 0
2020-07-04 13:55:05.983 [http-nio-8080-exec-3] DEBUG c.s.dao.teachclassMapper.getteacherclassbyteachid - ==>  Preparing: select * from teachclass where teacherno=? ORDER BY coursesemester DESC 
2020-07-04 13:55:05.983 [http-nio-8080-exec-3] DEBUG c.s.dao.teachclassMapper.getteacherclassbyteachid - ==> Parameters: 123456(String)
2020-07-04 13:55:05.984 [http-nio-8080-exec-3] DEBUG c.s.dao.teachclassMapper.getteacherclassbyteachid - <==      Total: 0
2020-07-04 13:55:12.017 [http-nio-8080-exec-7] DEBUG com.submit.dao.teacherMapper.selectByPrimaryKey - ==>  Preparing: select teacherno, name, password, level from teacher where teacherno = ? 
2020-07-04 13:55:12.017 [http-nio-8080-exec-7] DEBUG com.submit.dao.teacherMapper.selectByPrimaryKey - ==> Parameters: 123456(String)
2020-07-04 13:55:12.018 [http-nio-8080-exec-7] DEBUG com.submit.dao.teacherMapper.selectByPrimaryKey - <==      Total: 1
2020-07-04 13:55:15.496 [http-nio-8080-exec-8] DEBUG com.submit.dao.studentMapper.getallstudent - ==>  Preparing: select * from student where studentno like CONCAT('%',?,'%') and name like CONCAT('%',?,'%') 
2020-07-04 13:55:15.496 [http-nio-8080-exec-8] DEBUG com.submit.dao.studentMapper.getallstudent - ==> Parameters: (String), (String)
2020-07-04 13:55:15.498 [http-nio-8080-exec-8] DEBUG com.submit.dao.studentMapper.getallstudent - <==      Total: 8
2020-07-04 13:55:16.892 [http-nio-8080-exec-2] DEBUG com.submit.dao.teacherMapper.getAllTeacher - ==>  Preparing: select * from teacher 
2020-07-04 13:55:16.892 [http-nio-8080-exec-2] DEBUG com.submit.dao.teacherMapper.getAllTeacher - ==> Parameters: 
2020-07-04 13:55:16.893 [http-nio-8080-exec-2] DEBUG com.submit.dao.teacherMapper.getAllTeacher - <==      Total: 2
2020-07-04 13:55:20.601 [http-nio-8080-exec-4] DEBUG c.s.dao.teachclassMapper.getteacherclassbyteachid - ==>  Preparing: select * from teachclass where teacherno=? ORDER BY coursesemester DESC 
2020-07-04 13:55:20.601 [http-nio-8080-exec-4] DEBUG c.s.dao.teachclassMapper.getteacherclassbyteachid - ==> Parameters: 123456(String)
2020-07-04 13:55:20.602 [http-nio-8080-exec-4] DEBUG c.s.dao.teachclassMapper.getteacherclassbyteachid - <==      Total: 0
2020-07-04 13:55:22.294 [http-nio-8080-exec-10] DEBUG c.s.dao.teachclassMapper.getteacherclassbyteachid - ==>  Preparing: select * from teachclass where teacherno=? ORDER BY coursesemester DESC 
2020-07-04 13:55:22.295 [http-nio-8080-exec-10] DEBUG c.s.dao.teachclassMapper.getteacherclassbyteachid - ==> Parameters: 123456(String)
2020-07-04 13:55:22.296 [http-nio-8080-exec-10] DEBUG c.s.dao.teachclassMapper.getteacherclassbyteachid - <==      Total: 0
2020-07-04 13:55:22.350 [http-nio-8080-exec-10] DEBUG c.submit.dao.studentclassMapper.getstudentbyclaid - ==>  Preparing: select a.id, a.no,s.name,s.pinyin,a.classid, a.studentno,a.note from studentclass a left join student s on a.studentno = s.studentno where a.classID=? order by a.no asc 
2020-07-04 13:55:22.351 [http-nio-8080-exec-10] DEBUG c.submit.dao.studentclassMapper.getstudentbyclaid - ==> Parameters: (String)
2020-07-04 13:55:22.353 [http-nio-8080-exec-10] DEBUG c.submit.dao.studentclassMapper.getstudentbyclaid - <==      Total: 0
2020-07-04 13:55:23.311 [http-nio-8080-exec-4] DEBUG c.s.dao.teachclassMapper.getteacherclassbyteachid - ==>  Preparing: select * from teachclass where teacherno=? ORDER BY coursesemester DESC 
2020-07-04 13:55:23.311 [http-nio-8080-exec-4] DEBUG c.s.dao.teachclassMapper.getteacherclassbyteachid - ==> Parameters: 123456(String)
2020-07-04 13:55:23.313 [http-nio-8080-exec-4] DEBUG c.s.dao.teachclassMapper.getteacherclassbyteachid - <==      Total: 0
2020-07-04 13:55:27.123 [http-nio-8080-exec-3] DEBUG c.s.dao.teachclassMapper.getteacherclassbyteachid - ==>  Preparing: select * from teachclass where teacherno=? ORDER BY coursesemester DESC 
2020-07-04 13:55:27.124 [http-nio-8080-exec-3] DEBUG c.s.dao.teachclassMapper.getteacherclassbyteachid - ==> Parameters: 123456(String)
2020-07-04 13:55:27.125 [http-nio-8080-exec-3] DEBUG c.s.dao.teachclassMapper.getteacherclassbyteachid - <==      Total: 0
2020-07-04 13:55:30.568 [http-nio-8080-exec-5] DEBUG c.s.dao.teachclassMapper.getteacherclassbyteachid - ==>  Preparing: select * from teachclass where teacherno=? ORDER BY coursesemester DESC 
2020-07-04 13:55:30.569 [http-nio-8080-exec-5] DEBUG c.s.dao.teachclassMapper.getteacherclassbyteachid - ==> Parameters: 123456(String)
2020-07-04 13:55:30.570 [http-nio-8080-exec-5] DEBUG c.s.dao.teachclassMapper.getteacherclassbyteachid - <==      Total: 0
