2020-07-03 10:10:01.839 [restartedMain] DEBUG com.submit.WorkuploadApplication - Running with Spring Boot v2.1.4.RELEASE, Spring v5.1.6.RELEASE
2020-07-03 10:10:48.038 [restartedMain] DEBUG com.submit.WorkuploadApplication - Running with Spring Boot v2.1.4.RELEASE, Spring v5.1.6.RELEASE
2020-07-03 10:20:32.804 [http-nio-8080-exec-4] DEBUG com.submit.dao.studentMapper.selectByPrimaryKey - ==>  Preparing: select studentno, name, pinyin, password from student where studentno = ? 
2020-07-03 10:20:32.934 [http-nio-8080-exec-4] DEBUG com.submit.dao.studentMapper.selectByPrimaryKey - ==> Parameters: 1100888(String)
2020-07-03 10:20:32.966 [http-nio-8080-exec-4] DEBUG com.submit.dao.studentMapper.selectByPrimaryKey - <==      Total: 1
2020-07-03 10:20:59.703 [http-nio-8080-exec-4] DEBUG com.submit.dao.studentMapper.selectByPrimaryKey - ==>  Preparing: select studentno, name, pinyin, password from student where studentno = ? 
2020-07-03 10:20:59.703 [http-nio-8080-exec-4] DEBUG com.submit.dao.studentMapper.selectByPrimaryKey - ==> Parameters: 1100888(String)
2020-07-03 10:20:59.705 [http-nio-8080-exec-4] DEBUG com.submit.dao.studentMapper.selectByPrimaryKey - <==      Total: 1
2020-07-03 10:21:04.962 [http-nio-8080-exec-9] DEBUG com.submit.dao.jobMapper.gettaskdetail - ==>  Preparing: SELECT DATE_FORMAT(b.createTime,'%Y-%m-%d %h:%m:%s') as time,b.*, c.coursename FROM job b ,teachclass c WHERE b.teachclassid in (SELECT a.classID FROM studentclass a WHERE a.studentno=?) AND c.ID=b.teachclassid ORDER BY b.ID DESC 
2020-07-03 10:21:04.969 [http-nio-8080-exec-9] DEBUG com.submit.dao.jobMapper.gettaskdetail - ==> Parameters: 1100888(String)
2020-07-03 10:21:04.977 [http-nio-8080-exec-9] DEBUG com.submit.dao.jobMapper.gettaskdetail - <==      Total: 0
2020-07-03 10:21:05.767 [http-nio-8080-exec-3] DEBUG c.s.dao.teachclassMapper.getteacherclassbystuid - ==>  Preparing: SELECT * from teachclass WHERE ID in (SELECT classID FROM studentclass WHERE studentno=?) GROUP BY coursename,ID ORDER BY coursesemester DESC 
2020-07-03 10:21:05.768 [http-nio-8080-exec-3] DEBUG c.s.dao.teachclassMapper.getteacherclassbystuid - ==> Parameters: 1100888(String)
2020-07-03 10:21:05.770 [http-nio-8080-exec-3] DEBUG c.s.dao.teachclassMapper.getteacherclassbystuid - <==      Total: 0
2020-07-03 10:21:07.712 [http-nio-8080-exec-6] DEBUG com.submit.dao.scoreMapper.getscoreupload - ==>  Preparing: SELECT d.studentno,d.score,d.`name` ,DATE_FORMAT(d.time,'%Y-%m-%d %h:%m:%s') as time,f.coursename,e.title FROM teachclass f, (SELECT a.studentno,a.jobID,a.time,IFNULL(a.score,0) as score,b.`name` FROM score a LEFT JOIN student b on a.studentno=b.studentno where a.studentno=?)d LEFT JOIN job e on d.jobID=e.ID WHERE e.teachclassid=f.ID ORDER BY e.ID DESC 
2020-07-03 10:21:07.715 [http-nio-8080-exec-6] DEBUG com.submit.dao.scoreMapper.getscoreupload - ==> Parameters: 1100888(String)
2020-07-03 10:21:07.718 [http-nio-8080-exec-6] DEBUG com.submit.dao.scoreMapper.getscoreupload - <==      Total: 0
2020-07-03 10:21:09.928 [http-nio-8080-exec-7] DEBUG c.s.dao.teachclassMapper.getteacherclassbystuid2 - ==>  Preparing: select a.*,b.name from teachclass a,teacher b where ID in (SELECT classID FROM studentclass WHERE studentno=?) and a.teacherno=b.teacherno GROUP BY a.coursename,a.ID ORDER BY a.coursesemester DESC 
2020-07-03 10:21:09.929 [http-nio-8080-exec-7] DEBUG c.s.dao.teachclassMapper.getteacherclassbystuid2 - ==> Parameters: 1100888(String)
2020-07-03 10:21:09.931 [http-nio-8080-exec-7] DEBUG c.s.dao.teachclassMapper.getteacherclassbystuid2 - <==      Total: 0
2020-07-03 10:21:09.932 [http-nio-8080-exec-7] DEBUG com.submit.dao.teachclassMapper.getallclasslesson - ==>  Preparing: select a.*,b.name from teachclass a,teacher b where a.teacherno=b.teacherno GROUP BY a.coursename,a.ID ORDER BY a.coursesemester DESC 
2020-07-03 10:21:09.933 [http-nio-8080-exec-7] DEBUG com.submit.dao.teachclassMapper.getallclasslesson - ==> Parameters: 
2020-07-03 10:21:09.939 [http-nio-8080-exec-7] DEBUG com.submit.dao.teachclassMapper.getallclasslesson - <==      Total: 4
2020-07-03 10:21:11.319 [http-nio-8080-exec-6] DEBUG com.submit.dao.scoreMapper.getscoreupload - ==>  Preparing: SELECT d.studentno,d.score,d.`name` ,DATE_FORMAT(d.time,'%Y-%m-%d %h:%m:%s') as time,f.coursename,e.title FROM teachclass f, (SELECT a.studentno,a.jobID,a.time,IFNULL(a.score,0) as score,b.`name` FROM score a LEFT JOIN student b on a.studentno=b.studentno where a.studentno=?)d LEFT JOIN job e on d.jobID=e.ID WHERE e.teachclassid=f.ID ORDER BY e.ID DESC 
2020-07-03 10:21:11.319 [http-nio-8080-exec-6] DEBUG com.submit.dao.scoreMapper.getscoreupload - ==> Parameters: 1100888(String)
2020-07-03 10:21:11.320 [http-nio-8080-exec-6] DEBUG com.submit.dao.scoreMapper.getscoreupload - <==      Total: 0
2020-07-03 10:21:24.249 [http-nio-8080-exec-1] DEBUG com.submit.dao.studentMapper.selectByPrimaryKey - ==>  Preparing: select studentno, name, pinyin, password from student where studentno = ? 
2020-07-03 10:21:24.249 [http-nio-8080-exec-1] DEBUG com.submit.dao.studentMapper.selectByPrimaryKey - ==> Parameters: 152210702132(String)
2020-07-03 10:21:24.252 [http-nio-8080-exec-1] DEBUG com.submit.dao.studentMapper.selectByPrimaryKey - <==      Total: 1
2020-07-03 10:21:33.908 [http-nio-8080-exec-7] DEBUG com.submit.dao.studentMapper.selectByPrimaryKey - ==>  Preparing: select studentno, name, pinyin, password from student where studentno = ? 
2020-07-03 10:21:33.908 [http-nio-8080-exec-7] DEBUG com.submit.dao.studentMapper.selectByPrimaryKey - ==> Parameters: 152210702132(String)
2020-07-03 10:21:33.910 [http-nio-8080-exec-7] DEBUG com.submit.dao.studentMapper.selectByPrimaryKey - <==      Total: 1
2020-07-03 10:21:37.967 [http-nio-8080-exec-10] DEBUG com.submit.dao.jobMapper.gettaskdetail - ==>  Preparing: SELECT DATE_FORMAT(b.createTime,'%Y-%m-%d %h:%m:%s') as time,b.*, c.coursename FROM job b ,teachclass c WHERE b.teachclassid in (SELECT a.classID FROM studentclass a WHERE a.studentno=?) AND c.ID=b.teachclassid ORDER BY b.ID DESC 
2020-07-03 10:21:37.968 [http-nio-8080-exec-10] DEBUG com.submit.dao.jobMapper.gettaskdetail - ==> Parameters: 152210702132(String)
2020-07-03 10:21:37.973 [http-nio-8080-exec-10] DEBUG com.submit.dao.jobMapper.gettaskdetail - <==      Total: 2
2020-07-03 10:22:27.537 [http-nio-8080-exec-9] DEBUG com.submit.dao.teacherMapper.selectByPrimaryKey - ==>  Preparing: select teacherno, name, password, level from teacher where teacherno = ? 
2020-07-03 10:22:27.538 [http-nio-8080-exec-9] DEBUG com.submit.dao.teacherMapper.selectByPrimaryKey - ==> Parameters: 123456(String)
2020-07-03 10:22:27.541 [http-nio-8080-exec-9] DEBUG com.submit.dao.teacherMapper.selectByPrimaryKey - <==      Total: 1
2020-07-03 10:22:27.555 [http-nio-8080-exec-6] DEBUG com.submit.dao.teacherMapper.selectByPrimaryKey - ==>  Preparing: select teacherno, name, password, level from teacher where teacherno = ? 
2020-07-03 10:22:27.556 [http-nio-8080-exec-6] DEBUG com.submit.dao.teacherMapper.selectByPrimaryKey - ==> Parameters: 123456(String)
2020-07-03 10:22:27.559 [http-nio-8080-exec-6] DEBUG com.submit.dao.teacherMapper.selectByPrimaryKey - <==      Total: 1
2020-07-03 10:22:33.411 [http-nio-8080-exec-6] DEBUG com.submit.dao.studentMapper.getallstudent - ==>  Preparing: select * from student where studentno like CONCAT('%',?,'%') and name like CONCAT('%',?,'%') 
2020-07-03 10:22:33.413 [http-nio-8080-exec-6] DEBUG com.submit.dao.studentMapper.getallstudent - ==> Parameters: (String), (String)
2020-07-03 10:22:33.415 [http-nio-8080-exec-6] DEBUG com.submit.dao.studentMapper.getallstudent - <==      Total: 6
2020-07-03 10:22:34.553 [http-nio-8080-exec-8] DEBUG com.submit.dao.teacherMapper.getAllTeacher - ==>  Preparing: select * from teacher 
2020-07-03 10:22:34.553 [http-nio-8080-exec-8] DEBUG com.submit.dao.teacherMapper.getAllTeacher - ==> Parameters: 
2020-07-03 10:22:34.555 [http-nio-8080-exec-8] DEBUG com.submit.dao.teacherMapper.getAllTeacher - <==      Total: 2
2020-07-03 10:22:35.918 [http-nio-8080-exec-2] DEBUG com.submit.dao.studentMapper.getallstudent - ==>  Preparing: select * from student where studentno like CONCAT('%',?,'%') and name like CONCAT('%',?,'%') 
2020-07-03 10:22:35.919 [http-nio-8080-exec-2] DEBUG com.submit.dao.studentMapper.getallstudent - ==> Parameters: (String), (String)
2020-07-03 10:22:35.925 [http-nio-8080-exec-2] DEBUG com.submit.dao.studentMapper.getallstudent - <==      Total: 6
2020-07-03 10:22:36.415 [http-nio-8080-exec-9] DEBUG com.submit.dao.teacherMapper.selectByPrimaryKey - ==>  Preparing: select teacherno, name, password, level from teacher where teacherno = ? 
2020-07-03 10:22:36.415 [http-nio-8080-exec-9] DEBUG com.submit.dao.teacherMapper.selectByPrimaryKey - ==> Parameters: 123456(String)
2020-07-03 10:22:36.416 [http-nio-8080-exec-9] DEBUG com.submit.dao.teacherMapper.selectByPrimaryKey - <==      Total: 1
2020-07-03 10:22:37.051 [http-nio-8080-exec-9] DEBUG com.submit.dao.teacherMapper.selectByPrimaryKey - ==>  Preparing: select teacherno, name, password, level from teacher where teacherno = ? 
2020-07-03 10:22:37.051 [http-nio-8080-exec-9] DEBUG com.submit.dao.teacherMapper.selectByPrimaryKey - ==> Parameters: 123456(String)
2020-07-03 10:22:37.052 [http-nio-8080-exec-9] DEBUG com.submit.dao.teacherMapper.selectByPrimaryKey - <==      Total: 1
2020-07-03 10:22:39.342 [http-nio-8080-exec-10] DEBUG com.submit.dao.teacherMapper.selectByPrimaryKey - ==>  Preparing: select teacherno, name, password, level from teacher where teacherno = ? 
2020-07-03 10:22:39.342 [http-nio-8080-exec-10] DEBUG com.submit.dao.teacherMapper.selectByPrimaryKey - ==> Parameters: 123456(String)
2020-07-03 10:22:39.343 [http-nio-8080-exec-10] DEBUG com.submit.dao.teacherMapper.selectByPrimaryKey - <==      Total: 1
2020-07-03 10:24:05.252 [restartedMain] DEBUG com.submit.WorkuploadApplication - Running with Spring Boot v2.1.4.RELEASE, Spring v5.1.6.RELEASE
2020-07-03 10:25:31.265 [http-nio-8080-exec-1] DEBUG com.submit.dao.teacherMapper.selectByPrimaryKey - ==>  Preparing: select teacherno, name, password, level from teacher where teacherno = ? 
2020-07-03 10:25:31.266 [http-nio-8080-exec-1] DEBUG com.submit.dao.teacherMapper.selectByPrimaryKey - ==> Parameters: 123456(String)
2020-07-03 10:25:31.267 [http-nio-8080-exec-1] DEBUG com.submit.dao.teacherMapper.selectByPrimaryKey - <==      Total: 1
2020-07-03 10:25:45.182 [restartedMain] DEBUG com.submit.WorkuploadApplication - Running with Spring Boot v2.1.4.RELEASE, Spring v5.1.6.RELEASE
2020-07-03 10:28:05.875 [http-nio-8080-exec-2] DEBUG com.submit.dao.teacherMapper.selectByPrimaryKey - ==>  Preparing: select teacherno, name, password, level from teacher where teacherno = ? 
2020-07-03 10:28:05.877 [http-nio-8080-exec-2] DEBUG com.submit.dao.teacherMapper.selectByPrimaryKey - ==> Parameters: 123456(String)
2020-07-03 10:28:05.879 [http-nio-8080-exec-2] DEBUG com.submit.dao.teacherMapper.selectByPrimaryKey - <==      Total: 1
2020-07-03 10:28:05.896 [http-nio-8080-exec-1] DEBUG com.submit.dao.teacherMapper.selectByPrimaryKey - ==>  Preparing: select teacherno, name, password, level from teacher where teacherno = ? 
2020-07-03 10:28:05.896 [http-nio-8080-exec-1] DEBUG com.submit.dao.teacherMapper.selectByPrimaryKey - ==> Parameters: 123456(String)
2020-07-03 10:28:05.899 [http-nio-8080-exec-1] DEBUG com.submit.dao.teacherMapper.selectByPrimaryKey - <==      Total: 1
2020-07-03 10:28:08.751 [http-nio-8080-exec-3] DEBUG com.submit.dao.teacherMapper.selectByPrimaryKey - ==>  Preparing: select teacherno, name, password, level from teacher where teacherno = ? 
2020-07-03 10:28:08.751 [http-nio-8080-exec-3] DEBUG com.submit.dao.teacherMapper.selectByPrimaryKey - ==> Parameters: 123456(String)
2020-07-03 10:28:08.752 [http-nio-8080-exec-3] DEBUG com.submit.dao.teacherMapper.selectByPrimaryKey - <==      Total: 1
2020-07-03 10:28:12.958 [http-nio-8080-exec-3] DEBUG com.submit.dao.teacherMapper.selectByPrimaryKey - ==>  Preparing: select teacherno, name, password, level from teacher where teacherno = ? 
2020-07-03 10:28:12.958 [http-nio-8080-exec-3] DEBUG com.submit.dao.teacherMapper.selectByPrimaryKey - ==> Parameters: 123456(String)
2020-07-03 10:28:12.959 [http-nio-8080-exec-3] DEBUG com.submit.dao.teacherMapper.selectByPrimaryKey - <==      Total: 1
2020-07-03 10:28:14.553 [http-nio-8080-exec-1] DEBUG com.submit.dao.studentMapper.getallstudent - ==>  Preparing: select * from student where studentno like CONCAT('%',?,'%') and name like CONCAT('%',?,'%') 
2020-07-03 10:28:14.555 [http-nio-8080-exec-1] DEBUG com.submit.dao.studentMapper.getallstudent - ==> Parameters: (String), (String)
2020-07-03 10:28:14.558 [http-nio-8080-exec-1] DEBUG com.submit.dao.studentMapper.getallstudent - <==      Total: 6
2020-07-03 10:28:18.732 [http-nio-8080-exec-9] DEBUG c.s.dao.teachclassMapper.getteacherclassbyteachid - ==>  Preparing: select * from teachclass where teacherno=? ORDER BY coursesemester DESC 
2020-07-03 10:28:18.733 [http-nio-8080-exec-9] DEBUG c.s.dao.teachclassMapper.getteacherclassbyteachid - ==> Parameters: 123456(String)
2020-07-03 10:28:18.734 [http-nio-8080-exec-9] DEBUG c.s.dao.teachclassMapper.getteacherclassbyteachid - <==      Total: 0
2020-07-03 10:35:59.509 [http-nio-8080-exec-2] DEBUG com.submit.dao.studentMapper.selectByPrimaryKey - ==>  Preparing: select studentno, name, pinyin, password from student where studentno = ? 
2020-07-03 10:35:59.510 [http-nio-8080-exec-2] DEBUG com.submit.dao.studentMapper.selectByPrimaryKey - ==> Parameters: 1100888(String)
2020-07-03 10:35:59.512 [http-nio-8080-exec-2] DEBUG com.submit.dao.studentMapper.selectByPrimaryKey - <==      Total: 1
2020-07-03 10:36:00.941 [http-nio-8080-exec-2] DEBUG com.submit.dao.studentMapper.selectByPrimaryKey - ==>  Preparing: select studentno, name, pinyin, password from student where studentno = ? 
2020-07-03 10:36:00.941 [http-nio-8080-exec-2] DEBUG com.submit.dao.studentMapper.selectByPrimaryKey - ==> Parameters: 1100888(String)
2020-07-03 10:36:00.942 [http-nio-8080-exec-2] DEBUG com.submit.dao.studentMapper.selectByPrimaryKey - <==      Total: 1
2020-07-03 10:36:02.523 [http-nio-8080-exec-6] DEBUG com.submit.dao.jobMapper.gettaskdetail - ==>  Preparing: SELECT DATE_FORMAT(b.createTime,'%Y-%m-%d %h:%m:%s') as time,b.*, c.coursename FROM job b ,teachclass c WHERE b.teachclassid in (SELECT a.classID FROM studentclass a WHERE a.studentno=?) AND c.ID=b.teachclassid ORDER BY b.ID DESC 
2020-07-03 10:36:02.524 [http-nio-8080-exec-6] DEBUG com.submit.dao.jobMapper.gettaskdetail - ==> Parameters: 1100888(String)
2020-07-03 10:36:02.525 [http-nio-8080-exec-6] DEBUG com.submit.dao.jobMapper.gettaskdetail - <==      Total: 0
2020-07-03 10:36:03.081 [http-nio-8080-exec-1] DEBUG c.s.dao.teachclassMapper.getteacherclassbystuid - ==>  Preparing: SELECT * from teachclass WHERE ID in (SELECT classID FROM studentclass WHERE studentno=?) GROUP BY coursename,ID ORDER BY coursesemester DESC 
2020-07-03 10:36:03.082 [http-nio-8080-exec-1] DEBUG c.s.dao.teachclassMapper.getteacherclassbystuid - ==> Parameters: 1100888(String)
2020-07-03 10:36:03.083 [http-nio-8080-exec-1] DEBUG c.s.dao.teachclassMapper.getteacherclassbystuid - <==      Total: 0
2020-07-03 10:36:13.140 [http-nio-8080-exec-8] DEBUG com.submit.dao.scoreMapper.getscoreupload - ==>  Preparing: SELECT d.studentno,d.score,d.`name` ,DATE_FORMAT(d.time,'%Y-%m-%d %h:%m:%s') as time,f.coursename,e.title FROM teachclass f, (SELECT a.studentno,a.jobID,a.time,IFNULL(a.score,0) as score,b.`name` FROM score a LEFT JOIN student b on a.studentno=b.studentno where a.studentno=?)d LEFT JOIN job e on d.jobID=e.ID WHERE e.teachclassid=f.ID ORDER BY e.ID DESC 
2020-07-03 10:36:13.141 [http-nio-8080-exec-8] DEBUG com.submit.dao.scoreMapper.getscoreupload - ==> Parameters: 1100888(String)
2020-07-03 10:36:13.142 [http-nio-8080-exec-8] DEBUG com.submit.dao.scoreMapper.getscoreupload - <==      Total: 0
2020-07-03 10:36:15.402 [http-nio-8080-exec-5] DEBUG c.s.dao.teachclassMapper.getteacherclassbystuid2 - ==>  Preparing: select a.*,b.name from teachclass a,teacher b where ID in (SELECT classID FROM studentclass WHERE studentno=?) and a.teacherno=b.teacherno GROUP BY a.coursename,a.ID ORDER BY a.coursesemester DESC 
2020-07-03 10:36:15.403 [http-nio-8080-exec-5] DEBUG c.s.dao.teachclassMapper.getteacherclassbystuid2 - ==> Parameters: 1100888(String)
2020-07-03 10:36:15.404 [http-nio-8080-exec-5] DEBUG c.s.dao.teachclassMapper.getteacherclassbystuid2 - <==      Total: 0
2020-07-03 10:36:15.405 [http-nio-8080-exec-5] DEBUG com.submit.dao.teachclassMapper.getallclasslesson - ==>  Preparing: select a.*,b.name from teachclass a,teacher b where a.teacherno=b.teacherno GROUP BY a.coursename,a.ID ORDER BY a.coursesemester DESC 
2020-07-03 10:36:15.406 [http-nio-8080-exec-5] DEBUG com.submit.dao.teachclassMapper.getallclasslesson - ==> Parameters: 
2020-07-03 10:36:15.409 [http-nio-8080-exec-5] DEBUG com.submit.dao.teachclassMapper.getallclasslesson - <==      Total: 4
2020-07-03 10:36:16.366 [http-nio-8080-exec-9] DEBUG com.submit.dao.scoreMapper.getscoreupload - ==>  Preparing: SELECT d.studentno,d.score,d.`name` ,DATE_FORMAT(d.time,'%Y-%m-%d %h:%m:%s') as time,f.coursename,e.title FROM teachclass f, (SELECT a.studentno,a.jobID,a.time,IFNULL(a.score,0) as score,b.`name` FROM score a LEFT JOIN student b on a.studentno=b.studentno where a.studentno=?)d LEFT JOIN job e on d.jobID=e.ID WHERE e.teachclassid=f.ID ORDER BY e.ID DESC 
2020-07-03 10:36:16.367 [http-nio-8080-exec-9] DEBUG com.submit.dao.scoreMapper.getscoreupload - ==> Parameters: 1100888(String)
2020-07-03 10:36:16.368 [http-nio-8080-exec-9] DEBUG com.submit.dao.scoreMapper.getscoreupload - <==      Total: 0
2020-07-03 10:38:36.841 [http-nio-8080-exec-6] DEBUG c.s.dao.teachclassMapper.getteacherclassbystuid2 - ==>  Preparing: select a.*,b.name from teachclass a,teacher b where ID in (SELECT classID FROM studentclass WHERE studentno=?) and a.teacherno=b.teacherno GROUP BY a.coursename,a.ID ORDER BY a.coursesemester DESC 
2020-07-03 10:38:36.841 [http-nio-8080-exec-6] DEBUG c.s.dao.teachclassMapper.getteacherclassbystuid2 - ==> Parameters: 1100888(String)
2020-07-03 10:38:36.843 [http-nio-8080-exec-6] DEBUG c.s.dao.teachclassMapper.getteacherclassbystuid2 - <==      Total: 0
2020-07-03 10:38:36.844 [http-nio-8080-exec-6] DEBUG com.submit.dao.teachclassMapper.getallclasslesson - ==>  Preparing: select a.*,b.name from teachclass a,teacher b where a.teacherno=b.teacherno GROUP BY a.coursename,a.ID ORDER BY a.coursesemester DESC 
2020-07-03 10:38:36.844 [http-nio-8080-exec-6] DEBUG com.submit.dao.teachclassMapper.getallclasslesson - ==> Parameters: 
2020-07-03 10:38:36.847 [http-nio-8080-exec-6] DEBUG com.submit.dao.teachclassMapper.getallclasslesson - <==      Total: 4
2020-07-03 10:38:38.286 [http-nio-8080-exec-8] DEBUG c.s.dao.teachclassMapper.getteacherclassbystuid - ==>  Preparing: SELECT * from teachclass WHERE ID in (SELECT classID FROM studentclass WHERE studentno=?) GROUP BY coursename,ID ORDER BY coursesemester DESC 
2020-07-03 10:38:38.287 [http-nio-8080-exec-8] DEBUG c.s.dao.teachclassMapper.getteacherclassbystuid - ==> Parameters: 1100888(String)
2020-07-03 10:38:38.288 [http-nio-8080-exec-8] DEBUG c.s.dao.teachclassMapper.getteacherclassbystuid - <==      Total: 0
2020-07-03 10:38:39.083 [http-nio-8080-exec-1] DEBUG com.submit.dao.jobMapper.gettaskdetail - ==>  Preparing: SELECT DATE_FORMAT(b.createTime,'%Y-%m-%d %h:%m:%s') as time,b.*, c.coursename FROM job b ,teachclass c WHERE b.teachclassid in (SELECT a.classID FROM studentclass a WHERE a.studentno=?) AND c.ID=b.teachclassid ORDER BY b.ID DESC 
2020-07-03 10:38:39.084 [http-nio-8080-exec-1] DEBUG com.submit.dao.jobMapper.gettaskdetail - ==> Parameters: 1100888(String)
2020-07-03 10:38:39.086 [http-nio-8080-exec-1] DEBUG com.submit.dao.jobMapper.gettaskdetail - <==      Total: 0
2020-07-03 10:40:09.235 [restartedMain] DEBUG com.submit.WorkuploadApplication - Running with Spring Boot v2.1.4.RELEASE, Spring v5.1.6.RELEASE
2020-07-03 10:40:20.445 [http-nio-8080-exec-4] DEBUG com.submit.dao.teacherMapper.selectByPrimaryKey - ==>  Preparing: select teacherno, name, password, level from teacher where teacherno = ? 
2020-07-03 10:40:20.598 [http-nio-8080-exec-4] DEBUG com.submit.dao.teacherMapper.selectByPrimaryKey - ==> Parameters: 123456(String)
2020-07-03 10:40:20.630 [http-nio-8080-exec-4] DEBUG com.submit.dao.teacherMapper.selectByPrimaryKey - <==      Total: 1
2020-07-03 10:40:20.659 [http-nio-8080-exec-5] DEBUG com.submit.dao.teacherMapper.selectByPrimaryKey - ==>  Preparing: select teacherno, name, password, level from teacher where teacherno = ? 
2020-07-03 10:40:20.659 [http-nio-8080-exec-5] DEBUG com.submit.dao.teacherMapper.selectByPrimaryKey - ==> Parameters: 123456(String)
2020-07-03 10:40:20.662 [http-nio-8080-exec-5] DEBUG com.submit.dao.teacherMapper.selectByPrimaryKey - <==      Total: 1
2020-07-03 10:40:23.466 [http-nio-8080-exec-2] DEBUG com.submit.dao.teacherMapper.selectByPrimaryKey - ==>  Preparing: select teacherno, name, password, level from teacher where teacherno = ? 
2020-07-03 10:40:23.466 [http-nio-8080-exec-2] DEBUG com.submit.dao.teacherMapper.selectByPrimaryKey - ==> Parameters: 123456(String)
2020-07-03 10:40:23.468 [http-nio-8080-exec-2] DEBUG com.submit.dao.teacherMapper.selectByPrimaryKey - <==      Total: 1
2020-07-03 10:40:26.783 [http-nio-8080-exec-2] DEBUG com.submit.dao.teacherMapper.selectByPrimaryKey - ==>  Preparing: select teacherno, name, password, level from teacher where teacherno = ? 
2020-07-03 10:40:26.783 [http-nio-8080-exec-2] DEBUG com.submit.dao.teacherMapper.selectByPrimaryKey - ==> Parameters: 123456(String)
2020-07-03 10:40:26.784 [http-nio-8080-exec-2] DEBUG com.submit.dao.teacherMapper.selectByPrimaryKey - <==      Total: 1
2020-07-03 10:40:28.175 [http-nio-8080-exec-3] DEBUG c.s.dao.teachclassMapper.getteacherclassbyteachid - ==>  Preparing: select * from teachclass where teacherno=? ORDER BY coursesemester DESC 
2020-07-03 10:40:28.180 [http-nio-8080-exec-3] DEBUG c.s.dao.teachclassMapper.getteacherclassbyteachid - ==> Parameters: 123456(String)
2020-07-03 10:40:28.182 [http-nio-8080-exec-3] DEBUG c.s.dao.teachclassMapper.getteacherclassbyteachid - <==      Total: 0
2020-07-03 10:40:29.414 [http-nio-8080-exec-8] DEBUG c.s.dao.teachclassMapper.getteacherclassbyteachid - ==>  Preparing: select * from teachclass where teacherno=? ORDER BY coursesemester DESC 
2020-07-03 10:40:29.414 [http-nio-8080-exec-8] DEBUG c.s.dao.teachclassMapper.getteacherclassbyteachid - ==> Parameters: 123456(String)
2020-07-03 10:40:29.416 [http-nio-8080-exec-8] DEBUG c.s.dao.teachclassMapper.getteacherclassbyteachid - <==      Total: 0
2020-07-03 10:40:30.405 [http-nio-8080-exec-5] DEBUG c.s.dao.teachclassMapper.getteacherclassbyteachid - ==>  Preparing: select * from teachclass where teacherno=? ORDER BY coursesemester DESC 
2020-07-03 10:40:30.406 [http-nio-8080-exec-5] DEBUG c.s.dao.teachclassMapper.getteacherclassbyteachid - ==> Parameters: 123456(String)
2020-07-03 10:40:30.407 [http-nio-8080-exec-5] DEBUG c.s.dao.teachclassMapper.getteacherclassbyteachid - <==      Total: 0
2020-07-03 10:40:31.513 [http-nio-8080-exec-3] DEBUG c.s.dao.teachclassMapper.getteacherclassbyteachid - ==>  Preparing: select * from teachclass where teacherno=? ORDER BY coursesemester DESC 
2020-07-03 10:40:31.513 [http-nio-8080-exec-3] DEBUG c.s.dao.teachclassMapper.getteacherclassbyteachid - ==> Parameters: 123456(String)
2020-07-03 10:40:31.514 [http-nio-8080-exec-3] DEBUG c.s.dao.teachclassMapper.getteacherclassbyteachid - <==      Total: 0
2020-07-03 10:40:33.185 [http-nio-8080-exec-9] DEBUG c.s.dao.teachclassMapper.getteacherclassbyteachid - ==>  Preparing: select * from teachclass where teacherno=? ORDER BY coursesemester DESC 
2020-07-03 10:40:33.185 [http-nio-8080-exec-9] DEBUG c.s.dao.teachclassMapper.getteacherclassbyteachid - ==> Parameters: 123456(String)
2020-07-03 10:40:33.186 [http-nio-8080-exec-9] DEBUG c.s.dao.teachclassMapper.getteacherclassbyteachid - <==      Total: 0
2020-07-03 10:41:18.107 [restartedMain] DEBUG com.submit.WorkuploadApplication - Running with Spring Boot v2.1.4.RELEASE, Spring v5.1.6.RELEASE
2020-07-03 10:41:30.484 [http-nio-8080-exec-8] DEBUG com.submit.dao.teacherMapper.selectByPrimaryKey - ==>  Preparing: select teacherno, name, password, level from teacher where teacherno = ? 
2020-07-03 10:41:30.618 [http-nio-8080-exec-8] DEBUG com.submit.dao.teacherMapper.selectByPrimaryKey - ==> Parameters: 123456(String)
2020-07-03 10:41:30.647 [http-nio-8080-exec-8] DEBUG com.submit.dao.teacherMapper.selectByPrimaryKey - <==      Total: 1
2020-07-03 10:41:30.673 [http-nio-8080-exec-9] DEBUG com.submit.dao.teacherMapper.selectByPrimaryKey - ==>  Preparing: select teacherno, name, password, level from teacher where teacherno = ? 
2020-07-03 10:41:30.673 [http-nio-8080-exec-9] DEBUG com.submit.dao.teacherMapper.selectByPrimaryKey - ==> Parameters: 123456(String)
2020-07-03 10:41:30.676 [http-nio-8080-exec-9] DEBUG com.submit.dao.teacherMapper.selectByPrimaryKey - <==      Total: 1
2020-07-03 10:42:02.716 [http-nio-8080-exec-7] DEBUG com.submit.dao.teacherMapper.selectByPrimaryKey - ==>  Preparing: select teacherno, name, password, level from teacher where teacherno = ? 
2020-07-03 10:42:02.716 [http-nio-8080-exec-7] DEBUG com.submit.dao.teacherMapper.selectByPrimaryKey - ==> Parameters: 123456(String)
2020-07-03 10:42:02.717 [http-nio-8080-exec-7] DEBUG com.submit.dao.teacherMapper.selectByPrimaryKey - <==      Total: 1
2020-07-03 10:42:53.664 [http-nio-8080-exec-1] DEBUG com.submit.dao.teacherMapper.selectByPrimaryKey - ==>  Preparing: select teacherno, name, password, level from teacher where teacherno = ? 
2020-07-03 10:42:53.664 [http-nio-8080-exec-1] DEBUG com.submit.dao.teacherMapper.selectByPrimaryKey - ==> Parameters: 123456(String)
2020-07-03 10:42:53.666 [http-nio-8080-exec-1] DEBUG com.submit.dao.teacherMapper.selectByPrimaryKey - <==      Total: 1
2020-07-03 10:42:53.673 [http-nio-8080-exec-3] DEBUG com.submit.dao.teacherMapper.selectByPrimaryKey - ==>  Preparing: select teacherno, name, password, level from teacher where teacherno = ? 
2020-07-03 10:42:53.673 [http-nio-8080-exec-3] DEBUG com.submit.dao.teacherMapper.selectByPrimaryKey - ==> Parameters: 123456(String)
2020-07-03 10:42:53.675 [http-nio-8080-exec-3] DEBUG com.submit.dao.teacherMapper.selectByPrimaryKey - <==      Total: 1
2020-07-03 10:43:35.693 [restartedMain] DEBUG com.submit.WorkuploadApplication - Running with Spring Boot v2.1.4.RELEASE, Spring v5.1.6.RELEASE
2020-07-03 10:43:47.027 [http-nio-8080-exec-4] DEBUG com.submit.dao.teacherMapper.selectByPrimaryKey - ==>  Preparing: select teacherno, name, password, level from teacher where teacherno = ? 
2020-07-03 10:43:47.185 [http-nio-8080-exec-4] DEBUG com.submit.dao.teacherMapper.selectByPrimaryKey - ==> Parameters: 123456(String)
2020-07-03 10:43:47.215 [http-nio-8080-exec-4] DEBUG com.submit.dao.teacherMapper.selectByPrimaryKey - <==      Total: 1
2020-07-03 10:43:47.247 [http-nio-8080-exec-5] DEBUG com.submit.dao.teacherMapper.selectByPrimaryKey - ==>  Preparing: select teacherno, name, password, level from teacher where teacherno = ? 
2020-07-03 10:43:47.247 [http-nio-8080-exec-5] DEBUG com.submit.dao.teacherMapper.selectByPrimaryKey - ==> Parameters: 123456(String)
2020-07-03 10:43:47.250 [http-nio-8080-exec-5] DEBUG com.submit.dao.teacherMapper.selectByPrimaryKey - <==      Total: 1
2020-07-03 10:43:53.996 [http-nio-8080-exec-5] DEBUG com.submit.dao.studentMapper.selectByPrimaryKey - ==>  Preparing: select studentno, name, pinyin, password from student where studentno = ? 
2020-07-03 10:43:53.997 [http-nio-8080-exec-5] DEBUG com.submit.dao.studentMapper.selectByPrimaryKey - ==> Parameters: 1100888(String)
2020-07-03 10:43:53.998 [http-nio-8080-exec-5] DEBUG com.submit.dao.studentMapper.selectByPrimaryKey - <==      Total: 1
2020-07-03 10:44:23.424 [http-nio-8080-exec-6] DEBUG com.submit.dao.teacherMapper.selectByPrimaryKey - ==>  Preparing: select teacherno, name, password, level from teacher where teacherno = ? 
2020-07-03 10:44:23.424 [http-nio-8080-exec-6] DEBUG com.submit.dao.teacherMapper.selectByPrimaryKey - ==> Parameters: 1998000011(String)
2020-07-03 10:44:23.426 [http-nio-8080-exec-6] DEBUG com.submit.dao.teacherMapper.selectByPrimaryKey - <==      Total: 1
2020-07-03 10:44:23.441 [http-nio-8080-exec-7] DEBUG com.submit.dao.teacherMapper.selectByPrimaryKey - ==>  Preparing: select teacherno, name, password, level from teacher where teacherno = ? 
2020-07-03 10:44:23.441 [http-nio-8080-exec-7] DEBUG com.submit.dao.teacherMapper.selectByPrimaryKey - ==> Parameters: 1998000011(String)
2020-07-03 10:44:23.443 [http-nio-8080-exec-7] DEBUG com.submit.dao.teacherMapper.selectByPrimaryKey - <==      Total: 1
2020-07-03 10:44:28.410 [http-nio-8080-exec-9] DEBUG com.submit.dao.teacherMapper.selectByPrimaryKey - ==>  Preparing: select teacherno, name, password, level from teacher where teacherno = ? 
2020-07-03 10:44:28.410 [http-nio-8080-exec-9] DEBUG com.submit.dao.teacherMapper.selectByPrimaryKey - ==> Parameters: 1998000011(String)
2020-07-03 10:44:28.411 [http-nio-8080-exec-9] DEBUG com.submit.dao.teacherMapper.selectByPrimaryKey - <==      Total: 1
2020-07-03 10:44:32.784 [http-nio-8080-exec-9] DEBUG com.submit.dao.studentMapper.insertSelective - ==>  Preparing: insert into student ( studentno, name, pinyin, password ) values ( ?, ?, ?, ? ) 
2020-07-03 10:44:32.790 [http-nio-8080-exec-9] DEBUG com.submit.dao.studentMapper.insertSelective - ==> Parameters: (String), (String), (String), (String)
2020-07-03 10:44:32.798 [http-nio-8080-exec-9] DEBUG com.submit.dao.studentMapper.insertSelective - <==    Updates: 1
2020-07-03 10:44:37.746 [http-nio-8080-exec-10] DEBUG com.submit.dao.studentMapper.getallstudent - ==>  Preparing: select * from student where studentno like CONCAT('%',?,'%') and name like CONCAT('%',?,'%') 
2020-07-03 10:44:37.753 [http-nio-8080-exec-10] DEBUG com.submit.dao.studentMapper.getallstudent - ==> Parameters: (String), (String)
2020-07-03 10:44:37.756 [http-nio-8080-exec-10] DEBUG com.submit.dao.studentMapper.getallstudent - <==      Total: 7
2020-07-03 10:44:49.040 [http-nio-8080-exec-4] DEBUG com.submit.dao.studentMapper.deleteByPrimaryKey - ==>  Preparing: delete from student where studentno = ? 
2020-07-03 10:44:49.043 [http-nio-8080-exec-4] DEBUG com.submit.dao.studentMapper.deleteByPrimaryKey - ==> Parameters: (String)
2020-07-03 10:44:49.048 [http-nio-8080-exec-4] DEBUG com.submit.dao.studentMapper.deleteByPrimaryKey - <==    Updates: 1
2020-07-03 10:44:51.201 [http-nio-8080-exec-2] DEBUG com.submit.dao.teacherMapper.getAllTeacher - ==>  Preparing: select * from teacher 
2020-07-03 10:44:51.201 [http-nio-8080-exec-2] DEBUG com.submit.dao.teacherMapper.getAllTeacher - ==> Parameters: 
2020-07-03 10:44:51.203 [http-nio-8080-exec-2] DEBUG com.submit.dao.teacherMapper.getAllTeacher - <==      Total: 2
2020-07-03 10:44:53.720 [http-nio-8080-exec-6] DEBUG com.submit.dao.studentMapper.getallstudent - ==>  Preparing: select * from student where studentno like CONCAT('%',?,'%') and name like CONCAT('%',?,'%') 
2020-07-03 10:44:53.720 [http-nio-8080-exec-6] DEBUG com.submit.dao.studentMapper.getallstudent - ==> Parameters: (String), (String)
2020-07-03 10:44:53.723 [http-nio-8080-exec-6] DEBUG com.submit.dao.studentMapper.getallstudent - <==      Total: 6
2020-07-03 10:45:13.461 [http-nio-8080-exec-10] DEBUG com.submit.dao.studentMapper.insertSelective - ==>  Preparing: insert into student ( studentno, name, pinyin, password ) values ( ?, ?, ?, ? ) 
2020-07-03 10:45:13.462 [http-nio-8080-exec-10] DEBUG com.submit.dao.studentMapper.insertSelective - ==> Parameters: 31701369(String), 郭伊娜(String), guo(String), 03252X(String)
2020-07-03 10:45:13.465 [http-nio-8080-exec-10] DEBUG com.submit.dao.studentMapper.insertSelective - <==    Updates: 1
2020-07-03 10:45:15.952 [http-nio-8080-exec-2] DEBUG com.submit.dao.studentMapper.getallstudent - ==>  Preparing: select * from student where studentno like CONCAT('%',?,'%') and name like CONCAT('%',?,'%') 
2020-07-03 10:45:15.953 [http-nio-8080-exec-2] DEBUG com.submit.dao.studentMapper.getallstudent - ==> Parameters: (String), (String)
2020-07-03 10:45:15.957 [http-nio-8080-exec-2] DEBUG com.submit.dao.studentMapper.getallstudent - <==      Total: 7
2020-07-03 10:45:19.676 [http-nio-8080-exec-7] DEBUG c.s.dao.teachclassMapper.getteacherclassbyteachid - ==>  Preparing: select * from teachclass where teacherno=? ORDER BY coursesemester DESC 
2020-07-03 10:45:19.679 [http-nio-8080-exec-7] DEBUG c.s.dao.teachclassMapper.getteacherclassbyteachid - ==> Parameters: 1998000011(String)
2020-07-03 10:45:19.681 [http-nio-8080-exec-7] DEBUG c.s.dao.teachclassMapper.getteacherclassbyteachid - <==      Total: 4
2020-07-03 10:45:21.855 [http-nio-8080-exec-9] DEBUG com.submit.dao.teachclassMapper.selectByPrimaryKey - ==>  Preparing: select ID, teachclassno, coursename, coursesemester, credit, evalmethod, teacherno from teachclass where ID = ? 
2020-07-03 10:45:21.857 [http-nio-8080-exec-9] DEBUG com.submit.dao.teachclassMapper.selectByPrimaryKey - ==> Parameters: 2(Integer)
2020-07-03 10:45:21.858 [http-nio-8080-exec-9] DEBUG com.submit.dao.teachclassMapper.selectByPrimaryKey - <==      Total: 1
2020-07-03 10:45:21.859 [http-nio-8080-exec-9] DEBUG com.submit.dao.studentMapper.getstudentbyclassid - ==>  Preparing: SELECT b.studentno studentno ,a.`name`,a.pinyin,a.password,b.no,b.ID from student a,studentclass b WHERE a.studentno=b.studentno and b.classID=? 
2020-07-03 10:45:21.862 [http-nio-8080-exec-9] DEBUG com.submit.dao.studentMapper.getstudentbyclassid - ==> Parameters: 2(Integer)
2020-07-03 10:45:21.865 [http-nio-8080-exec-9] DEBUG com.submit.dao.studentMapper.getstudentbyclassid - <==      Total: 5
2020-07-03 10:45:28.615 [http-nio-8080-exec-4] DEBUG c.s.dao.teachclassMapper.getteacherclassbyteachid - ==>  Preparing: select * from teachclass where teacherno=? ORDER BY coursesemester DESC 
2020-07-03 10:45:28.615 [http-nio-8080-exec-4] DEBUG c.s.dao.teachclassMapper.getteacherclassbyteachid - ==> Parameters: 1998000011(String)
2020-07-03 10:45:28.620 [http-nio-8080-exec-4] DEBUG c.s.dao.teachclassMapper.getteacherclassbyteachid - <==      Total: 4
2020-07-03 10:45:28.690 [http-nio-8080-exec-8] DEBUG c.submit.dao.studentclassMapper.getstudentbyclaid - ==>  Preparing: select a.id, a.no,s.name,s.pinyin,a.classid, a.studentno,a.note from studentclass a left join student s on a.studentno = s.studentno where a.classID=? order by a.no asc 
2020-07-03 10:45:28.692 [http-nio-8080-exec-8] DEBUG c.submit.dao.studentclassMapper.getstudentbyclaid - ==> Parameters: (String)
2020-07-03 10:45:28.694 [http-nio-8080-exec-8] DEBUG c.submit.dao.studentclassMapper.getstudentbyclaid - <==      Total: 0
2020-07-03 10:45:44.730 [http-nio-8080-exec-10] DEBUG com.submit.dao.studentMapper.selectByPrimaryKey - ==>  Preparing: select studentno, name, pinyin, password from student where studentno = ? 
2020-07-03 10:45:44.731 [http-nio-8080-exec-10] DEBUG com.submit.dao.studentMapper.selectByPrimaryKey - ==> Parameters: 31701369(String)
2020-07-03 10:45:44.733 [http-nio-8080-exec-10] DEBUG com.submit.dao.studentMapper.selectByPrimaryKey - <==      Total: 1
2020-07-03 10:45:44.755 [http-nio-8080-exec-3] DEBUG c.submit.dao.studentclassMapper.getstudentbyclaid - ==>  Preparing: select a.id, a.no,s.name,s.pinyin,a.classid, a.studentno,a.note from studentclass a left join student s on a.studentno = s.studentno where a.classID=? order by a.no asc 
2020-07-03 10:45:44.755 [http-nio-8080-exec-3] DEBUG c.submit.dao.studentclassMapper.getstudentbyclaid - ==> Parameters: (String)
2020-07-03 10:45:44.757 [http-nio-8080-exec-3] DEBUG c.submit.dao.studentclassMapper.getstudentbyclaid - <==      Total: 0
2020-07-03 10:45:51.760 [http-nio-8080-exec-8] DEBUG c.s.dao.teachclassMapper.getteacherclassbyteachid - ==>  Preparing: select * from teachclass where teacherno=? ORDER BY coursesemester DESC 
2020-07-03 10:45:51.760 [http-nio-8080-exec-8] DEBUG c.s.dao.teachclassMapper.getteacherclassbyteachid - ==> Parameters: 1998000011(String)
2020-07-03 10:45:51.763 [http-nio-8080-exec-8] DEBUG c.s.dao.teachclassMapper.getteacherclassbyteachid - <==      Total: 4
2020-07-03 10:45:51.830 [http-nio-8080-exec-8] DEBUG c.submit.dao.studentclassMapper.getstudentbyclaid - ==>  Preparing: select a.id, a.no,s.name,s.pinyin,a.classid, a.studentno,a.note from studentclass a left join student s on a.studentno = s.studentno where a.classID=? order by a.no asc 
2020-07-03 10:45:51.830 [http-nio-8080-exec-8] DEBUG c.submit.dao.studentclassMapper.getstudentbyclaid - ==> Parameters: (String)
2020-07-03 10:45:51.831 [http-nio-8080-exec-8] DEBUG c.submit.dao.studentclassMapper.getstudentbyclaid - <==      Total: 0
2020-07-03 10:45:53.775 [http-nio-8080-exec-4] DEBUG c.s.dao.teachclassMapper.getteacherclassbyteachid - ==>  Preparing: select * from teachclass where teacherno=? ORDER BY coursesemester DESC 
2020-07-03 10:45:53.775 [http-nio-8080-exec-4] DEBUG c.s.dao.teachclassMapper.getteacherclassbyteachid - ==> Parameters: 1998000011(String)
2020-07-03 10:45:53.779 [http-nio-8080-exec-4] DEBUG c.s.dao.teachclassMapper.getteacherclassbyteachid - <==      Total: 4
2020-07-03 10:45:55.310 [http-nio-8080-exec-2] DEBUG com.submit.dao.teachclassMapper.selectByPrimaryKey - ==>  Preparing: select ID, teachclassno, coursename, coursesemester, credit, evalmethod, teacherno from teachclass where ID = ? 
2020-07-03 10:45:55.311 [http-nio-8080-exec-2] DEBUG com.submit.dao.teachclassMapper.selectByPrimaryKey - ==> Parameters: 2(Integer)
2020-07-03 10:45:55.313 [http-nio-8080-exec-2] DEBUG com.submit.dao.teachclassMapper.selectByPrimaryKey - <==      Total: 1
2020-07-03 10:45:55.314 [http-nio-8080-exec-2] DEBUG com.submit.dao.studentMapper.getstudentbyclassid - ==>  Preparing: SELECT b.studentno studentno ,a.`name`,a.pinyin,a.password,b.no,b.ID from student a,studentclass b WHERE a.studentno=b.studentno and b.classID=? 
2020-07-03 10:45:55.314 [http-nio-8080-exec-2] DEBUG com.submit.dao.studentMapper.getstudentbyclassid - ==> Parameters: 2(Integer)
2020-07-03 10:45:55.316 [http-nio-8080-exec-2] DEBUG com.submit.dao.studentMapper.getstudentbyclassid - <==      Total: 5
2020-07-03 10:46:01.993 [http-nio-8080-exec-7] DEBUG c.s.dao.teachclassMapper.getteacherclassbyteachid - ==>  Preparing: select * from teachclass where teacherno=? ORDER BY coursesemester DESC 
2020-07-03 10:46:01.993 [http-nio-8080-exec-7] DEBUG c.s.dao.teachclassMapper.getteacherclassbyteachid - ==> Parameters: 1998000011(String)
2020-07-03 10:46:01.995 [http-nio-8080-exec-7] DEBUG c.s.dao.teachclassMapper.getteacherclassbyteachid - <==      Total: 4
2020-07-03 10:46:08.398 [http-nio-8080-exec-3] DEBUG c.s.dao.teachclassMapper.getteacherclassbyteachid - ==>  Preparing: select * from teachclass where teacherno=? ORDER BY coursesemester DESC 
2020-07-03 10:46:08.398 [http-nio-8080-exec-3] DEBUG c.s.dao.teachclassMapper.getteacherclassbyteachid - ==> Parameters: 1998000011(String)
2020-07-03 10:46:08.399 [http-nio-8080-exec-3] DEBUG c.s.dao.teachclassMapper.getteacherclassbyteachid - <==      Total: 4
2020-07-03 10:46:08.461 [http-nio-8080-exec-7] DEBUG c.submit.dao.studentclassMapper.getstudentbyclaid - ==>  Preparing: select a.id, a.no,s.name,s.pinyin,a.classid, a.studentno,a.note from studentclass a left join student s on a.studentno = s.studentno where a.classID=? order by a.no asc 
2020-07-03 10:46:08.461 [http-nio-8080-exec-7] DEBUG c.submit.dao.studentclassMapper.getstudentbyclaid - ==> Parameters: (String)
2020-07-03 10:46:08.462 [http-nio-8080-exec-7] DEBUG c.submit.dao.studentclassMapper.getstudentbyclaid - <==      Total: 0
2020-07-03 10:46:09.288 [http-nio-8080-exec-9] DEBUG c.s.dao.teachclassMapper.getteacherclassbyteachid - ==>  Preparing: select * from teachclass where teacherno=? ORDER BY coursesemester DESC 
2020-07-03 10:46:09.288 [http-nio-8080-exec-9] DEBUG c.s.dao.teachclassMapper.getteacherclassbyteachid - ==> Parameters: 1998000011(String)
2020-07-03 10:46:09.289 [http-nio-8080-exec-9] DEBUG c.s.dao.teachclassMapper.getteacherclassbyteachid - <==      Total: 4
2020-07-03 10:46:10.680 [http-nio-8080-exec-7] DEBUG c.s.dao.teachclassMapper.getteacherclassbyteachid - ==>  Preparing: select * from teachclass where teacherno=? ORDER BY coursesemester DESC 
2020-07-03 10:46:10.680 [http-nio-8080-exec-7] DEBUG c.s.dao.teachclassMapper.getteacherclassbyteachid - ==> Parameters: 1998000011(String)
2020-07-03 10:46:10.682 [http-nio-8080-exec-7] DEBUG c.s.dao.teachclassMapper.getteacherclassbyteachid - <==      Total: 4
2020-07-03 10:46:15.348 [http-nio-8080-exec-4] DEBUG c.s.dao.teachclassMapper.getteacherclassbyteachid - ==>  Preparing: select * from teachclass where teacherno=? ORDER BY coursesemester DESC 
2020-07-03 10:46:15.348 [http-nio-8080-exec-4] DEBUG c.s.dao.teachclassMapper.getteacherclassbyteachid - ==> Parameters: 1998000011(String)
2020-07-03 10:46:15.350 [http-nio-8080-exec-4] DEBUG c.s.dao.teachclassMapper.getteacherclassbyteachid - <==      Total: 4
2020-07-03 10:46:16.449 [http-nio-8080-exec-2] DEBUG c.s.dao.teachclassMapper.getteacherclassbyteachid - ==>  Preparing: select * from teachclass where teacherno=? ORDER BY coursesemester DESC 
2020-07-03 10:46:16.449 [http-nio-8080-exec-2] DEBUG c.s.dao.teachclassMapper.getteacherclassbyteachid - ==> Parameters: 1998000011(String)
2020-07-03 10:46:16.451 [http-nio-8080-exec-2] DEBUG c.s.dao.teachclassMapper.getteacherclassbyteachid - <==      Total: 4
2020-07-03 10:46:19.429 [http-nio-8080-exec-4] DEBUG c.s.dao.teachclassMapper.getteacherclassbyteachid - ==>  Preparing: select * from teachclass where teacherno=? ORDER BY coursesemester DESC 
2020-07-03 10:46:19.430 [http-nio-8080-exec-4] DEBUG c.s.dao.teachclassMapper.getteacherclassbyteachid - ==> Parameters: 1998000011(String)
2020-07-03 10:46:19.431 [http-nio-8080-exec-4] DEBUG c.s.dao.teachclassMapper.getteacherclassbyteachid - <==      Total: 4
2020-07-03 10:46:23.473 [http-nio-8080-exec-8] DEBUG com.submit.dao.teacherMapper.getAllTeacher - ==>  Preparing: select * from teacher 
2020-07-03 10:46:23.474 [http-nio-8080-exec-8] DEBUG com.submit.dao.teacherMapper.getAllTeacher - ==> Parameters: 
2020-07-03 10:46:23.476 [http-nio-8080-exec-8] DEBUG com.submit.dao.teacherMapper.getAllTeacher - <==      Total: 2
2020-07-03 10:46:24.255 [http-nio-8080-exec-5] DEBUG com.submit.dao.teacherMapper.selectByPrimaryKey - ==>  Preparing: select teacherno, name, password, level from teacher where teacherno = ? 
2020-07-03 10:46:24.256 [http-nio-8080-exec-5] DEBUG com.submit.dao.teacherMapper.selectByPrimaryKey - ==> Parameters: 1998000011(String)
2020-07-03 10:46:24.257 [http-nio-8080-exec-5] DEBUG com.submit.dao.teacherMapper.selectByPrimaryKey - <==      Total: 1
2020-07-03 10:46:26.294 [http-nio-8080-exec-3] DEBUG com.submit.dao.studentMapper.getallstudent - ==>  Preparing: select * from student where studentno like CONCAT('%',?,'%') and name like CONCAT('%',?,'%') 
2020-07-03 10:46:26.294 [http-nio-8080-exec-3] DEBUG com.submit.dao.studentMapper.getallstudent - ==> Parameters: (String), (String)
2020-07-03 10:46:26.295 [http-nio-8080-exec-3] DEBUG com.submit.dao.studentMapper.getallstudent - <==      Total: 7
2020-07-03 10:46:28.522 [http-nio-8080-exec-6] DEBUG com.submit.dao.teacherMapper.getAllTeacher - ==>  Preparing: select * from teacher 
2020-07-03 10:46:28.523 [http-nio-8080-exec-6] DEBUG com.submit.dao.teacherMapper.getAllTeacher - ==> Parameters: 
2020-07-03 10:46:28.525 [http-nio-8080-exec-6] DEBUG com.submit.dao.teacherMapper.getAllTeacher - <==      Total: 2
2020-07-03 10:46:31.657 [http-nio-8080-exec-4] DEBUG c.s.dao.teachclassMapper.getteacherclassbyteachid - ==>  Preparing: select * from teachclass where teacherno=? ORDER BY coursesemester DESC 
2020-07-03 10:46:31.657 [http-nio-8080-exec-4] DEBUG c.s.dao.teachclassMapper.getteacherclassbyteachid - ==> Parameters: 1998000011(String)
2020-07-03 10:46:31.659 [http-nio-8080-exec-4] DEBUG c.s.dao.teachclassMapper.getteacherclassbyteachid - <==      Total: 4
2020-07-03 10:52:33.987 [restartedMain] DEBUG com.submit.WorkuploadApplication - Running with Spring Boot v2.1.4.RELEASE, Spring v5.1.6.RELEASE
2020-07-03 10:52:44.189 [http-nio-8080-exec-4] DEBUG com.submit.dao.teacherMapper.selectByPrimaryKey - ==>  Preparing: select teacherno, name, password, level from teacher where teacherno = ? 
2020-07-03 10:52:44.345 [http-nio-8080-exec-4] DEBUG com.submit.dao.teacherMapper.selectByPrimaryKey - ==> Parameters: 123456(String)
2020-07-03 10:52:44.379 [http-nio-8080-exec-4] DEBUG com.submit.dao.teacherMapper.selectByPrimaryKey - <==      Total: 1
2020-07-03 10:52:44.416 [http-nio-8080-exec-5] DEBUG com.submit.dao.teacherMapper.selectByPrimaryKey - ==>  Preparing: select teacherno, name, password, level from teacher where teacherno = ? 
2020-07-03 10:52:44.417 [http-nio-8080-exec-5] DEBUG com.submit.dao.teacherMapper.selectByPrimaryKey - ==> Parameters: 123456(String)
2020-07-03 10:52:44.419 [http-nio-8080-exec-5] DEBUG com.submit.dao.teacherMapper.selectByPrimaryKey - <==      Total: 1
2020-07-03 10:52:46.732 [http-nio-8080-exec-3] DEBUG com.submit.dao.teacherMapper.selectByPrimaryKey - ==>  Preparing: select teacherno, name, password, level from teacher where teacherno = ? 
2020-07-03 10:52:46.733 [http-nio-8080-exec-3] DEBUG com.submit.dao.teacherMapper.selectByPrimaryKey - ==> Parameters: 123456(String)
2020-07-03 10:52:46.736 [http-nio-8080-exec-3] DEBUG com.submit.dao.teacherMapper.selectByPrimaryKey - <==      Total: 1
2020-07-03 10:53:42.227 [http-nio-8080-exec-1] DEBUG com.submit.dao.teacherMapper.selectByPrimaryKey - ==>  Preparing: select teacherno, name, password, level from teacher where teacherno = ? 
2020-07-03 10:53:42.228 [http-nio-8080-exec-1] DEBUG com.submit.dao.teacherMapper.selectByPrimaryKey - ==> Parameters: 123456(String)
2020-07-03 10:53:42.229 [http-nio-8080-exec-1] DEBUG com.submit.dao.teacherMapper.selectByPrimaryKey - <==      Total: 1
2020-07-03 10:53:44.851 [http-nio-8080-exec-5] DEBUG com.submit.dao.studentMapper.getallstudent - ==>  Preparing: select * from student where studentno like CONCAT('%',?,'%') and name like CONCAT('%',?,'%') 
2020-07-03 10:53:44.858 [http-nio-8080-exec-5] DEBUG com.submit.dao.studentMapper.getallstudent - ==> Parameters: (String), (String)
2020-07-03 10:53:44.862 [http-nio-8080-exec-5] DEBUG com.submit.dao.studentMapper.getallstudent - <==      Total: 7
2020-07-03 10:53:46.215 [http-nio-8080-exec-1] DEBUG com.submit.dao.teacherMapper.getAllTeacher - ==>  Preparing: select * from teacher 
2020-07-03 10:53:46.216 [http-nio-8080-exec-1] DEBUG com.submit.dao.teacherMapper.getAllTeacher - ==> Parameters: 
2020-07-03 10:53:46.217 [http-nio-8080-exec-1] DEBUG com.submit.dao.teacherMapper.getAllTeacher - <==      Total: 2
2020-07-03 10:53:47.418 [http-nio-8080-exec-5] DEBUG com.submit.dao.studentMapper.getallstudent - ==>  Preparing: select * from student where studentno like CONCAT('%',?,'%') and name like CONCAT('%',?,'%') 
2020-07-03 10:53:47.419 [http-nio-8080-exec-5] DEBUG com.submit.dao.studentMapper.getallstudent - ==> Parameters: (String), (String)
2020-07-03 10:53:47.422 [http-nio-8080-exec-5] DEBUG com.submit.dao.studentMapper.getallstudent - <==      Total: 7
2020-07-03 10:53:49.044 [http-nio-8080-exec-1] DEBUG com.submit.dao.teacherMapper.getAllTeacher - ==>  Preparing: select * from teacher 
2020-07-03 10:53:49.044 [http-nio-8080-exec-1] DEBUG com.submit.dao.teacherMapper.getAllTeacher - ==> Parameters: 
2020-07-03 10:53:49.046 [http-nio-8080-exec-1] DEBUG com.submit.dao.teacherMapper.getAllTeacher - <==      Total: 2
2020-07-03 10:53:50.420 [http-nio-8080-exec-10] DEBUG c.s.dao.teachclassMapper.getteacherclassbyteachid - ==>  Preparing: select * from teachclass where teacherno=? ORDER BY coursesemester DESC 
2020-07-03 10:53:50.423 [http-nio-8080-exec-10] DEBUG c.s.dao.teachclassMapper.getteacherclassbyteachid - ==> Parameters: 123456(String)
2020-07-03 10:53:50.425 [http-nio-8080-exec-10] DEBUG c.s.dao.teachclassMapper.getteacherclassbyteachid - <==      Total: 0
2020-07-03 10:53:52.132 [http-nio-8080-exec-10] DEBUG c.s.dao.teachclassMapper.getteacherclassbyteachid - ==>  Preparing: select * from teachclass where teacherno=? ORDER BY coursesemester DESC 
2020-07-03 10:53:52.133 [http-nio-8080-exec-10] DEBUG c.s.dao.teachclassMapper.getteacherclassbyteachid - ==> Parameters: 123456(String)
2020-07-03 10:53:52.135 [http-nio-8080-exec-10] DEBUG c.s.dao.teachclassMapper.getteacherclassbyteachid - <==      Total: 0
2020-07-03 10:53:52.207 [http-nio-8080-exec-10] DEBUG c.submit.dao.studentclassMapper.getstudentbyclaid - ==>  Preparing: select a.id, a.no,s.name,s.pinyin,a.classid, a.studentno,a.note from studentclass a left join student s on a.studentno = s.studentno where a.classID=? order by a.no asc 
2020-07-03 10:53:52.210 [http-nio-8080-exec-10] DEBUG c.submit.dao.studentclassMapper.getstudentbyclaid - ==> Parameters: (String)
2020-07-03 10:53:52.211 [http-nio-8080-exec-10] DEBUG c.submit.dao.studentclassMapper.getstudentbyclaid - <==      Total: 0
2020-07-03 10:53:52.916 [http-nio-8080-exec-9] DEBUG com.submit.dao.teacherMapper.selectByPrimaryKey - ==>  Preparing: select teacherno, name, password, level from teacher where teacherno = ? 
2020-07-03 10:53:52.917 [http-nio-8080-exec-9] DEBUG com.submit.dao.teacherMapper.selectByPrimaryKey - ==> Parameters: 123456(String)
2020-07-03 10:53:52.919 [http-nio-8080-exec-9] DEBUG com.submit.dao.teacherMapper.selectByPrimaryKey - <==      Total: 1
2020-07-03 10:53:53.725 [http-nio-8080-exec-1] DEBUG com.submit.dao.teacherMapper.selectByPrimaryKey - ==>  Preparing: select teacherno, name, password, level from teacher where teacherno = ? 
2020-07-03 10:53:53.726 [http-nio-8080-exec-1] DEBUG com.submit.dao.teacherMapper.selectByPrimaryKey - ==> Parameters: 123456(String)
2020-07-03 10:53:53.727 [http-nio-8080-exec-1] DEBUG com.submit.dao.teacherMapper.selectByPrimaryKey - <==      Total: 1
2020-07-03 10:53:57.406 [http-nio-8080-exec-7] DEBUG c.s.dao.teachclassMapper.getteacherclassbyteachid - ==>  Preparing: select * from teachclass where teacherno=? ORDER BY coursesemester DESC 
2020-07-03 10:53:57.406 [http-nio-8080-exec-7] DEBUG c.s.dao.teachclassMapper.getteacherclassbyteachid - ==> Parameters: 123456(String)
2020-07-03 10:53:57.407 [http-nio-8080-exec-7] DEBUG c.s.dao.teachclassMapper.getteacherclassbyteachid - <==      Total: 0
2020-07-03 10:53:58.149 [http-nio-8080-exec-10] DEBUG c.s.dao.teachclassMapper.getteacherclassbyteachid - ==>  Preparing: select * from teachclass where teacherno=? ORDER BY coursesemester DESC 
2020-07-03 10:53:58.149 [http-nio-8080-exec-10] DEBUG c.s.dao.teachclassMapper.getteacherclassbyteachid - ==> Parameters: 123456(String)
2020-07-03 10:53:58.150 [http-nio-8080-exec-10] DEBUG c.s.dao.teachclassMapper.getteacherclassbyteachid - <==      Total: 0
2020-07-03 10:53:58.637 [http-nio-8080-exec-1] DEBUG c.s.dao.teachclassMapper.getteacherclassbyteachid - ==>  Preparing: select * from teachclass where teacherno=? ORDER BY coursesemester DESC 
2020-07-03 10:53:58.638 [http-nio-8080-exec-1] DEBUG c.s.dao.teachclassMapper.getteacherclassbyteachid - ==> Parameters: 123456(String)
2020-07-03 10:53:58.640 [http-nio-8080-exec-1] DEBUG c.s.dao.teachclassMapper.getteacherclassbyteachid - <==      Total: 0
2020-07-03 10:53:59.057 [http-nio-8080-exec-6] DEBUG c.s.dao.teachclassMapper.getteacherclassbyteachid - ==>  Preparing: select * from teachclass where teacherno=? ORDER BY coursesemester DESC 
2020-07-03 10:53:59.057 [http-nio-8080-exec-6] DEBUG c.s.dao.teachclassMapper.getteacherclassbyteachid - ==> Parameters: 123456(String)
2020-07-03 10:53:59.058 [http-nio-8080-exec-6] DEBUG c.s.dao.teachclassMapper.getteacherclassbyteachid - <==      Total: 0
2020-07-03 10:53:59.912 [http-nio-8080-exec-6] DEBUG c.s.dao.teachclassMapper.getteacherclassbyteachid - ==>  Preparing: select * from teachclass where teacherno=? ORDER BY coursesemester DESC 
2020-07-03 10:53:59.912 [http-nio-8080-exec-6] DEBUG c.s.dao.teachclassMapper.getteacherclassbyteachid - ==> Parameters: 123456(String)
2020-07-03 10:53:59.913 [http-nio-8080-exec-6] DEBUG c.s.dao.teachclassMapper.getteacherclassbyteachid - <==      Total: 0
2020-07-03 10:53:59.985 [http-nio-8080-exec-6] DEBUG c.submit.dao.studentclassMapper.getstudentbyclaid - ==>  Preparing: select a.id, a.no,s.name,s.pinyin,a.classid, a.studentno,a.note from studentclass a left join student s on a.studentno = s.studentno where a.classID=? order by a.no asc 
2020-07-03 10:53:59.986 [http-nio-8080-exec-6] DEBUG c.submit.dao.studentclassMapper.getstudentbyclaid - ==> Parameters: (String)
2020-07-03 10:53:59.987 [http-nio-8080-exec-6] DEBUG c.submit.dao.studentclassMapper.getstudentbyclaid - <==      Total: 0
2020-07-03 10:54:00.656 [http-nio-8080-exec-6] DEBUG c.s.dao.teachclassMapper.getteacherclassbyteachid - ==>  Preparing: select * from teachclass where teacherno=? ORDER BY coursesemester DESC 
2020-07-03 10:54:00.656 [http-nio-8080-exec-6] DEBUG c.s.dao.teachclassMapper.getteacherclassbyteachid - ==> Parameters: 123456(String)
2020-07-03 10:54:00.657 [http-nio-8080-exec-6] DEBUG c.s.dao.teachclassMapper.getteacherclassbyteachid - <==      Total: 0
2020-07-03 10:54:01.248 [http-nio-8080-exec-5] DEBUG com.submit.dao.teacherMapper.getAllTeacher - ==>  Preparing: select * from teacher 
2020-07-03 10:54:01.248 [http-nio-8080-exec-5] DEBUG com.submit.dao.teacherMapper.getAllTeacher - ==> Parameters: 
2020-07-03 10:54:01.250 [http-nio-8080-exec-5] DEBUG com.submit.dao.teacherMapper.getAllTeacher - <==      Total: 2
2020-07-03 10:54:01.599 [http-nio-8080-exec-2] DEBUG com.submit.dao.studentMapper.getallstudent - ==>  Preparing: select * from student where studentno like CONCAT('%',?,'%') and name like CONCAT('%',?,'%') 
2020-07-03 10:54:01.600 [http-nio-8080-exec-2] DEBUG com.submit.dao.studentMapper.getallstudent - ==> Parameters: (String), (String)
2020-07-03 10:54:01.606 [http-nio-8080-exec-2] DEBUG com.submit.dao.studentMapper.getallstudent - <==      Total: 7
2020-07-03 10:54:01.806 [http-nio-8080-exec-3] DEBUG com.submit.dao.teacherMapper.selectByPrimaryKey - ==>  Preparing: select teacherno, name, password, level from teacher where teacherno = ? 
2020-07-03 10:54:01.807 [http-nio-8080-exec-3] DEBUG com.submit.dao.teacherMapper.selectByPrimaryKey - ==> Parameters: 123456(String)
2020-07-03 10:54:01.807 [http-nio-8080-exec-3] DEBUG com.submit.dao.teacherMapper.selectByPrimaryKey - <==      Total: 1
2020-07-03 10:54:02.224 [http-nio-8080-exec-3] DEBUG com.submit.dao.teacherMapper.selectByPrimaryKey - ==>  Preparing: select teacherno, name, password, level from teacher where teacherno = ? 
2020-07-03 10:54:02.224 [http-nio-8080-exec-3] DEBUG com.submit.dao.teacherMapper.selectByPrimaryKey - ==> Parameters: 123456(String)
2020-07-03 10:54:02.225 [http-nio-8080-exec-3] DEBUG com.submit.dao.teacherMapper.selectByPrimaryKey - <==      Total: 1
2020-07-03 10:54:02.755 [http-nio-8080-exec-5] DEBUG com.submit.dao.studentMapper.getallstudent - ==>  Preparing: select * from student where studentno like CONCAT('%',?,'%') and name like CONCAT('%',?,'%') 
2020-07-03 10:54:02.756 [http-nio-8080-exec-5] DEBUG com.submit.dao.studentMapper.getallstudent - ==> Parameters: (String), (String)
2020-07-03 10:54:02.757 [http-nio-8080-exec-5] DEBUG com.submit.dao.studentMapper.getallstudent - <==      Total: 7
2020-07-03 10:54:03.305 [http-nio-8080-exec-2] DEBUG com.submit.dao.teacherMapper.getAllTeacher - ==>  Preparing: select * from teacher 
2020-07-03 10:54:03.305 [http-nio-8080-exec-2] DEBUG com.submit.dao.teacherMapper.getAllTeacher - ==> Parameters: 
2020-07-03 10:54:03.308 [http-nio-8080-exec-2] DEBUG com.submit.dao.teacherMapper.getAllTeacher - <==      Total: 2
2020-07-03 10:54:04.460 [http-nio-8080-exec-7] DEBUG c.s.dao.teachclassMapper.getteacherclassbyteachid - ==>  Preparing: select * from teachclass where teacherno=? ORDER BY coursesemester DESC 
2020-07-03 10:54:04.460 [http-nio-8080-exec-7] DEBUG c.s.dao.teachclassMapper.getteacherclassbyteachid - ==> Parameters: 123456(String)
2020-07-03 10:54:04.461 [http-nio-8080-exec-7] DEBUG c.s.dao.teachclassMapper.getteacherclassbyteachid - <==      Total: 0
2020-07-03 10:54:04.988 [http-nio-8080-exec-7] DEBUG com.submit.dao.teacherMapper.getAllTeacher - ==>  Preparing: select * from teacher 
2020-07-03 10:54:04.988 [http-nio-8080-exec-7] DEBUG com.submit.dao.teacherMapper.getAllTeacher - ==> Parameters: 
2020-07-03 10:54:04.989 [http-nio-8080-exec-7] DEBUG com.submit.dao.teacherMapper.getAllTeacher - <==      Total: 2
2020-07-03 10:54:06.885 [http-nio-8080-exec-1] DEBUG com.submit.dao.studentMapper.getallstudent - ==>  Preparing: select * from student where studentno like CONCAT('%',?,'%') and name like CONCAT('%',?,'%') 
2020-07-03 10:54:06.885 [http-nio-8080-exec-1] DEBUG com.submit.dao.studentMapper.getallstudent - ==> Parameters: (String), (String)
2020-07-03 10:54:06.887 [http-nio-8080-exec-1] DEBUG com.submit.dao.studentMapper.getallstudent - <==      Total: 7
2020-07-03 13:36:20.228 [restartedMain] DEBUG com.submit.WorkuploadApplication - Running with Spring Boot v2.1.4.RELEASE, Spring v5.1.6.RELEASE
2020-07-03 13:41:33.828 [http-nio-8080-exec-5] DEBUG com.submit.dao.studentMapper.selectByPrimaryKey - ==>  Preparing: select studentno, name, pinyin, password from student where studentno = ? 
2020-07-03 13:41:34.002 [http-nio-8080-exec-5] DEBUG com.submit.dao.studentMapper.selectByPrimaryKey - ==> Parameters: 1100888(String)
2020-07-03 13:41:34.044 [http-nio-8080-exec-5] DEBUG com.submit.dao.studentMapper.selectByPrimaryKey - <==      Total: 1
2020-07-03 13:44:13.366 [http-nio-8080-exec-3] DEBUG com.submit.dao.studentMapper.selectByPrimaryKey - ==>  Preparing: select studentno, name, pinyin, password from student where studentno = ? 
2020-07-03 13:44:13.367 [http-nio-8080-exec-3] DEBUG com.submit.dao.studentMapper.selectByPrimaryKey - ==> Parameters: 1100888(String)
2020-07-03 13:44:13.368 [http-nio-8080-exec-3] DEBUG com.submit.dao.studentMapper.selectByPrimaryKey - <==      Total: 1
2020-07-03 13:44:15.169 [http-nio-8080-exec-3] DEBUG com.submit.dao.studentMapper.selectByPrimaryKey - ==>  Preparing: select studentno, name, pinyin, password from student where studentno = ? 
2020-07-03 13:44:15.170 [http-nio-8080-exec-3] DEBUG com.submit.dao.studentMapper.selectByPrimaryKey - ==> Parameters: 1100888(String)
2020-07-03 13:44:15.171 [http-nio-8080-exec-3] DEBUG com.submit.dao.studentMapper.selectByPrimaryKey - <==      Total: 1
2020-07-03 13:44:17.192 [http-nio-8080-exec-6] DEBUG com.submit.dao.studentMapper.selectByPrimaryKey - ==>  Preparing: select studentno, name, pinyin, password from student where studentno = ? 
2020-07-03 13:44:17.192 [http-nio-8080-exec-6] DEBUG com.submit.dao.studentMapper.selectByPrimaryKey - ==> Parameters: 1100888(String)
2020-07-03 13:44:17.193 [http-nio-8080-exec-6] DEBUG com.submit.dao.studentMapper.selectByPrimaryKey - <==      Total: 1
2020-07-03 13:49:36.899 [http-nio-8080-exec-2] DEBUG com.submit.dao.studentMapper.selectByPrimaryKey - ==>  Preparing: select studentno, name, pinyin, password from student where studentno = ? 
2020-07-03 13:49:36.899 [http-nio-8080-exec-2] DEBUG com.submit.dao.studentMapper.selectByPrimaryKey - ==> Parameters: 1100888(String)
2020-07-03 13:49:36.901 [http-nio-8080-exec-2] DEBUG com.submit.dao.studentMapper.selectByPrimaryKey - <==      Total: 1
2020-07-03 13:49:38.882 [http-nio-8080-exec-2] DEBUG com.submit.dao.studentMapper.selectByPrimaryKey - ==>  Preparing: select studentno, name, pinyin, password from student where studentno = ? 
2020-07-03 13:49:38.882 [http-nio-8080-exec-2] DEBUG com.submit.dao.studentMapper.selectByPrimaryKey - ==> Parameters: 1100888(String)
2020-07-03 13:49:38.883 [http-nio-8080-exec-2] DEBUG com.submit.dao.studentMapper.selectByPrimaryKey - <==      Total: 1
2020-07-03 13:49:40.993 [http-nio-8080-exec-9] DEBUG com.submit.dao.jobMapper.gettaskdetail - ==>  Preparing: SELECT DATE_FORMAT(b.createTime,'%Y-%m-%d %h:%m:%s') as time,b.*, c.coursename FROM job b ,teachclass c WHERE b.teachclassid in (SELECT a.classID FROM studentclass a WHERE a.studentno=?) AND c.ID=b.teachclassid ORDER BY b.ID DESC 
2020-07-03 13:49:41.002 [http-nio-8080-exec-9] DEBUG com.submit.dao.jobMapper.gettaskdetail - ==> Parameters: 1100888(String)
2020-07-03 13:49:41.015 [http-nio-8080-exec-9] DEBUG com.submit.dao.jobMapper.gettaskdetail - <==      Total: 0
2020-07-03 13:49:41.704 [http-nio-8080-exec-8] DEBUG c.s.dao.teachclassMapper.getteacherclassbystuid - ==>  Preparing: SELECT * from teachclass WHERE ID in (SELECT classID FROM studentclass WHERE studentno=?) GROUP BY coursename,ID ORDER BY coursesemester DESC 
2020-07-03 13:49:41.707 [http-nio-8080-exec-8] DEBUG c.s.dao.teachclassMapper.getteacherclassbystuid - ==> Parameters: 1100888(String)
2020-07-03 13:49:41.710 [http-nio-8080-exec-8] DEBUG c.s.dao.teachclassMapper.getteacherclassbystuid - <==      Total: 0
2020-07-03 13:49:42.713 [http-nio-8080-exec-10] DEBUG com.submit.dao.scoreMapper.getscoreupload - ==>  Preparing: SELECT d.studentno,d.score,d.`name` ,DATE_FORMAT(d.time,'%Y-%m-%d %h:%m:%s') as time,f.coursename,e.title FROM teachclass f, (SELECT a.studentno,a.jobID,a.time,IFNULL(a.score,0) as score,b.`name` FROM score a LEFT JOIN student b on a.studentno=b.studentno where a.studentno=?)d LEFT JOIN job e on d.jobID=e.ID WHERE e.teachclassid=f.ID ORDER BY e.ID DESC 
2020-07-03 13:49:42.717 [http-nio-8080-exec-10] DEBUG com.submit.dao.scoreMapper.getscoreupload - ==> Parameters: 1100888(String)
2020-07-03 13:49:42.719 [http-nio-8080-exec-10] DEBUG com.submit.dao.scoreMapper.getscoreupload - <==      Total: 0
2020-07-03 13:52:56.624 [restartedMain] DEBUG com.submit.WorkuploadApplication - Running with Spring Boot v2.1.4.RELEASE, Spring v5.1.6.RELEASE
2020-07-03 14:11:32.554 [restartedMain] DEBUG com.submit.WorkuploadApplication - Running with Spring Boot v2.1.4.RELEASE, Spring v5.1.6.RELEASE
2020-07-03 14:12:08.508 [http-nio-8080-exec-7] DEBUG com.submit.dao.studentMapper.selectByPrimaryKey - ==>  Preparing: select studentno, name, pinyin, password from student where studentno = ? 
2020-07-03 14:12:08.678 [http-nio-8080-exec-7] DEBUG com.submit.dao.studentMapper.selectByPrimaryKey - ==> Parameters: 123456(String)
2020-07-03 14:12:08.711 [http-nio-8080-exec-7] DEBUG com.submit.dao.studentMapper.selectByPrimaryKey - <==      Total: 0
2020-07-03 14:12:13.800 [http-nio-8080-exec-1] DEBUG com.submit.dao.studentMapper.selectByPrimaryKey - ==>  Preparing: select studentno, name, pinyin, password from student where studentno = ? 
2020-07-03 14:12:13.801 [http-nio-8080-exec-1] DEBUG com.submit.dao.studentMapper.selectByPrimaryKey - ==> Parameters: 1100888(String)
2020-07-03 14:12:13.805 [http-nio-8080-exec-1] DEBUG com.submit.dao.studentMapper.selectByPrimaryKey - <==      Total: 1
2020-07-03 15:48:01.675 [http-nio-8080-exec-1] DEBUG com.submit.dao.studentMapper.selectByPrimaryKey - ==>  Preparing: select studentno, name, pinyin, password from student where studentno = ? 
2020-07-03 15:48:01.862 [http-nio-8080-exec-1] DEBUG com.submit.dao.studentMapper.selectByPrimaryKey - ==> Parameters: 1100888(String)
2020-07-03 15:48:01.871 [http-nio-8080-exec-1] DEBUG com.submit.dao.studentMapper.selectByPrimaryKey - <==      Total: 1
2020-07-03 15:48:03.126 [http-nio-8080-exec-1] DEBUG com.submit.dao.studentMapper.selectByPrimaryKey - ==>  Preparing: select studentno, name, pinyin, password from student where studentno = ? 
2020-07-03 15:48:03.126 [http-nio-8080-exec-1] DEBUG com.submit.dao.studentMapper.selectByPrimaryKey - ==> Parameters: 1100888(String)
2020-07-03 15:48:03.127 [http-nio-8080-exec-1] DEBUG com.submit.dao.studentMapper.selectByPrimaryKey - <==      Total: 1
2020-07-03 15:48:04.377 [http-nio-8080-exec-5] DEBUG c.s.dao.teachclassMapper.getteacherclassbystuid - ==>  Preparing: SELECT * from teachclass WHERE ID in (SELECT classID FROM studentclass WHERE studentno=?) GROUP BY coursename,ID ORDER BY coursesemester DESC 
2020-07-03 15:48:04.394 [http-nio-8080-exec-5] DEBUG c.s.dao.teachclassMapper.getteacherclassbystuid - ==> Parameters: 1100888(String)
2020-07-03 15:48:04.402 [http-nio-8080-exec-5] DEBUG c.s.dao.teachclassMapper.getteacherclassbystuid - <==      Total: 0
2020-07-03 15:51:31.298 [http-nio-8080-exec-9] DEBUG com.submit.dao.scoreMapper.getscoreupload - ==>  Preparing: SELECT d.studentno,d.score,d.`name` ,DATE_FORMAT(d.time,'%Y-%m-%d %h:%m:%s') as time,f.coursename,e.title FROM teachclass f, (SELECT a.studentno,a.jobID,a.time,IFNULL(a.score,0) as score,b.`name` FROM score a LEFT JOIN student b on a.studentno=b.studentno where a.studentno=?)d LEFT JOIN job e on d.jobID=e.ID WHERE e.teachclassid=f.ID ORDER BY e.ID DESC 
2020-07-03 15:51:31.313 [http-nio-8080-exec-9] DEBUG com.submit.dao.scoreMapper.getscoreupload - ==> Parameters: 1100888(String)
2020-07-03 15:51:31.318 [http-nio-8080-exec-9] DEBUG com.submit.dao.scoreMapper.getscoreupload - <==      Total: 0
2020-07-03 15:51:32.261 [http-nio-8080-exec-5] DEBUG com.submit.dao.scoreMapper.getscoreupload - ==>  Preparing: SELECT d.studentno,d.score,d.`name` ,DATE_FORMAT(d.time,'%Y-%m-%d %h:%m:%s') as time,f.coursename,e.title FROM teachclass f, (SELECT a.studentno,a.jobID,a.time,IFNULL(a.score,0) as score,b.`name` FROM score a LEFT JOIN student b on a.studentno=b.studentno where a.studentno=?)d LEFT JOIN job e on d.jobID=e.ID WHERE e.teachclassid=f.ID ORDER BY e.ID DESC 
2020-07-03 15:51:32.261 [http-nio-8080-exec-5] DEBUG com.submit.dao.scoreMapper.getscoreupload - ==> Parameters: 1100888(String)
2020-07-03 15:51:32.263 [http-nio-8080-exec-5] DEBUG com.submit.dao.scoreMapper.getscoreupload - <==      Total: 0
2020-07-03 15:51:33.289 [http-nio-8080-exec-2] DEBUG c.s.dao.teachclassMapper.getteacherclassbystuid2 - ==>  Preparing: select a.*,b.name from teachclass a,teacher b where ID in (SELECT classID FROM studentclass WHERE studentno=?) and a.teacherno=b.teacherno GROUP BY a.coursename,a.ID ORDER BY a.coursesemester DESC 
2020-07-03 15:51:33.290 [http-nio-8080-exec-2] DEBUG c.s.dao.teachclassMapper.getteacherclassbystuid2 - ==> Parameters: 1100888(String)
2020-07-03 15:51:33.293 [http-nio-8080-exec-2] DEBUG c.s.dao.teachclassMapper.getteacherclassbystuid2 - <==      Total: 0
2020-07-03 15:51:33.294 [http-nio-8080-exec-2] DEBUG com.submit.dao.teachclassMapper.getallclasslesson - ==>  Preparing: select a.*,b.name from teachclass a,teacher b where a.teacherno=b.teacherno GROUP BY a.coursename,a.ID ORDER BY a.coursesemester DESC 
2020-07-03 15:51:33.295 [http-nio-8080-exec-2] DEBUG com.submit.dao.teachclassMapper.getallclasslesson - ==> Parameters: 
2020-07-03 15:51:33.303 [http-nio-8080-exec-2] DEBUG com.submit.dao.teachclassMapper.getallclasslesson - <==      Total: 4
2020-07-03 15:51:34.368 [http-nio-8080-exec-9] DEBUG c.s.dao.teachclassMapper.getteacherclassbystuid - ==>  Preparing: SELECT * from teachclass WHERE ID in (SELECT classID FROM studentclass WHERE studentno=?) GROUP BY coursename,ID ORDER BY coursesemester DESC 
2020-07-03 15:51:34.368 [http-nio-8080-exec-9] DEBUG c.s.dao.teachclassMapper.getteacherclassbystuid - ==> Parameters: 1100888(String)
2020-07-03 15:51:34.370 [http-nio-8080-exec-9] DEBUG c.s.dao.teachclassMapper.getteacherclassbystuid - <==      Total: 0
2020-07-03 15:51:35.429 [http-nio-8080-exec-4] DEBUG c.s.dao.teachclassMapper.getteacherclassbystuid - ==>  Preparing: SELECT * from teachclass WHERE ID in (SELECT classID FROM studentclass WHERE studentno=?) GROUP BY coursename,ID ORDER BY coursesemester DESC 
2020-07-03 15:51:35.430 [http-nio-8080-exec-4] DEBUG c.s.dao.teachclassMapper.getteacherclassbystuid - ==> Parameters: 1100888(String)
2020-07-03 15:51:35.431 [http-nio-8080-exec-4] DEBUG c.s.dao.teachclassMapper.getteacherclassbystuid - <==      Total: 0
2020-07-03 15:51:36.275 [http-nio-8080-exec-5] DEBUG com.submit.dao.jobMapper.gettaskdetail - ==>  Preparing: SELECT DATE_FORMAT(b.createTime,'%Y-%m-%d %h:%m:%s') as time,b.*, c.coursename FROM job b ,teachclass c WHERE b.teachclassid in (SELECT a.classID FROM studentclass a WHERE a.studentno=?) AND c.ID=b.teachclassid ORDER BY b.ID DESC 
2020-07-03 15:51:36.277 [http-nio-8080-exec-5] DEBUG com.submit.dao.jobMapper.gettaskdetail - ==> Parameters: 1100888(String)
2020-07-03 15:51:36.278 [http-nio-8080-exec-5] DEBUG com.submit.dao.jobMapper.gettaskdetail - <==      Total: 0
2020-07-03 15:51:38.267 [http-nio-8080-exec-9] DEBUG c.s.dao.teachclassMapper.getteacherclassbystuid2 - ==>  Preparing: select a.*,b.name from teachclass a,teacher b where ID in (SELECT classID FROM studentclass WHERE studentno=?) and a.teacherno=b.teacherno GROUP BY a.coursename,a.ID ORDER BY a.coursesemester DESC 
2020-07-03 15:51:38.268 [http-nio-8080-exec-9] DEBUG c.s.dao.teachclassMapper.getteacherclassbystuid2 - ==> Parameters: 1100888(String)
2020-07-03 15:51:38.270 [http-nio-8080-exec-9] DEBUG c.s.dao.teachclassMapper.getteacherclassbystuid2 - <==      Total: 0
2020-07-03 15:51:38.270 [http-nio-8080-exec-9] DEBUG com.submit.dao.teachclassMapper.getallclasslesson - ==>  Preparing: select a.*,b.name from teachclass a,teacher b where a.teacherno=b.teacherno GROUP BY a.coursename,a.ID ORDER BY a.coursesemester DESC 
2020-07-03 15:51:38.271 [http-nio-8080-exec-9] DEBUG com.submit.dao.teachclassMapper.getallclasslesson - ==> Parameters: 
2020-07-03 15:51:38.274 [http-nio-8080-exec-9] DEBUG com.submit.dao.teachclassMapper.getallclasslesson - <==      Total: 4
2020-07-03 15:51:39.917 [http-nio-8080-exec-10] DEBUG c.s.dao.teachclassMapper.getteacherclassbystuid - ==>  Preparing: SELECT * from teachclass WHERE ID in (SELECT classID FROM studentclass WHERE studentno=?) GROUP BY coursename,ID ORDER BY coursesemester DESC 
2020-07-03 15:51:39.917 [http-nio-8080-exec-10] DEBUG c.s.dao.teachclassMapper.getteacherclassbystuid - ==> Parameters: 1100888(String)
2020-07-03 15:51:39.919 [http-nio-8080-exec-10] DEBUG c.s.dao.teachclassMapper.getteacherclassbystuid - <==      Total: 0
