2020-07-07 08:39:42.729 [restartedMain] INFO  com.submit.WorkuploadApplication - Starting WorkuploadApplication on PC-20200229JKVB with PID 9220 (started by GYN in D:\软件\程序设计\作业\workupload\workupload)
2020-07-07 08:39:42.760 [restartedMain] INFO  com.submit.WorkuploadApplication - The following profiles are active: upload
2020-07-07 08:39:43.228 [restartedMain] INFO  o.s.b.d.env.DevToolsPropertyDefaultsPostProcessor - Devtools property defaults active! Set 'spring.devtools.add-properties' to 'false' to disable
2020-07-07 08:39:43.228 [restartedMain] INFO  o.s.b.d.env.DevToolsPropertyDefaultsPostProcessor - For additional web related logging consider setting the 'logging.level.web' property to 'DEBUG'
2020-07-07 08:39:44.686 [restartedMain] INFO  o.s.c.s.PostProcessorRegistrationDelegate$BeanPostProcessorChecker - Bean 'shiroConfig' of type [com.submit.config.ShiroConfig$$EnhancerBySpringCGLIB$$4ae73654] is not eligible for getting processed by all BeanPostProcessors (for example: not eligible for auto-proxying)
2020-07-07 08:39:44.702 [restartedMain] INFO  o.s.c.s.PostProcessorRegistrationDelegate$BeanPostProcessorChecker - Bean 'org.springframework.transaction.annotation.ProxyTransactionManagementConfiguration' of type [org.springframework.transaction.annotation.ProxyTransactionManagementConfiguration$$EnhancerBySpringCGLIB$$bed5b1bf] is not eligible for getting processed by all BeanPostProcessors (for example: not eligible for auto-proxying)
2020-07-07 08:39:44.780 [restartedMain] INFO  o.s.c.s.PostProcessorRegistrationDelegate$BeanPostProcessorChecker - Bean 'mybatis-org.mybatis.spring.boot.autoconfigure.MybatisProperties' of type [org.mybatis.spring.boot.autoconfigure.MybatisProperties] is not eligible for getting processed by all BeanPostProcessors (for example: not eligible for auto-proxying)
2020-07-07 08:39:44.796 [restartedMain] INFO  o.s.c.s.PostProcessorRegistrationDelegate$BeanPostProcessorChecker - Bean 'org.mybatis.spring.boot.autoconfigure.MybatisAutoConfiguration' of type [org.mybatis.spring.boot.autoconfigure.MybatisAutoConfiguration$$EnhancerBySpringCGLIB$$f1aa02ef] is not eligible for getting processed by all BeanPostProcessors (for example: not eligible for auto-proxying)
2020-07-07 08:39:44.811 [restartedMain] INFO  o.s.c.s.PostProcessorRegistrationDelegate$BeanPostProcessorChecker - Bean 'druidConfig' of type [com.submit.config.DruidConfig$$EnhancerBySpringCGLIB$$9f8d99c5] is not eligible for getting processed by all BeanPostProcessors (for example: not eligible for auto-proxying)
2020-07-07 08:39:44.921 [restartedMain] INFO  o.s.c.s.PostProcessorRegistrationDelegate$BeanPostProcessorChecker - Bean 'dataSource' of type [com.alibaba.druid.pool.DruidDataSource] is not eligible for getting processed by all BeanPostProcessors (for example: not eligible for auto-proxying)
2020-07-07 08:39:44.952 [restartedMain] INFO  o.s.c.s.PostProcessorRegistrationDelegate$BeanPostProcessorChecker - Bean 'spring.datasource-org.springframework.boot.autoconfigure.jdbc.DataSourceProperties' of type [org.springframework.boot.autoconfigure.jdbc.DataSourceProperties] is not eligible for getting processed by all BeanPostProcessors (for example: not eligible for auto-proxying)
2020-07-07 08:39:44.983 [restartedMain] INFO  o.s.c.s.PostProcessorRegistrationDelegate$BeanPostProcessorChecker - Bean 'org.springframework.boot.autoconfigure.jdbc.DataSourceInitializerInvoker' of type [org.springframework.boot.autoconfigure.jdbc.DataSourceInitializerInvoker] is not eligible for getting processed by all BeanPostProcessors (for example: not eligible for auto-proxying)
2020-07-07 08:39:45.499 [restartedMain] INFO  o.s.c.s.PostProcessorRegistrationDelegate$BeanPostProcessorChecker - Bean 'sqlSessionFactory' of type [org.apache.ibatis.session.defaults.DefaultSqlSessionFactory] is not eligible for getting processed by all BeanPostProcessors (for example: not eligible for auto-proxying)
2020-07-07 08:39:45.514 [restartedMain] INFO  o.s.c.s.PostProcessorRegistrationDelegate$BeanPostProcessorChecker - Bean 'sqlSessionTemplate' of type [org.mybatis.spring.SqlSessionTemplate] is not eligible for getting processed by all BeanPostProcessors (for example: not eligible for auto-proxying)
2020-07-07 08:39:45.530 [restartedMain] INFO  o.s.c.s.PostProcessorRegistrationDelegate$BeanPostProcessorChecker - Bean 'studentMapper' of type [org.mybatis.spring.mapper.MapperFactoryBean] is not eligible for getting processed by all BeanPostProcessors (for example: not eligible for auto-proxying)
2020-07-07 08:39:45.530 [restartedMain] INFO  o.s.c.s.PostProcessorRegistrationDelegate$BeanPostProcessorChecker - Bean 'studentMapper' of type [com.sun.proxy.$Proxy63] is not eligible for getting processed by all BeanPostProcessors (for example: not eligible for auto-proxying)
2020-07-07 08:39:45.545 [restartedMain] INFO  o.s.c.s.PostProcessorRegistrationDelegate$BeanPostProcessorChecker - Bean 'teacherMapper' of type [org.mybatis.spring.mapper.MapperFactoryBean] is not eligible for getting processed by all BeanPostProcessors (for example: not eligible for auto-proxying)
2020-07-07 08:39:45.545 [restartedMain] INFO  o.s.c.s.PostProcessorRegistrationDelegate$BeanPostProcessorChecker - Bean 'teacherMapper' of type [com.sun.proxy.$Proxy65] is not eligible for getting processed by all BeanPostProcessors (for example: not eligible for auto-proxying)
2020-07-07 08:39:45.545 [restartedMain] INFO  o.s.c.s.PostProcessorRegistrationDelegate$BeanPostProcessorChecker - Bean 'userRealm' of type [com.submit.config.UserRealm] is not eligible for getting processed by all BeanPostProcessors (for example: not eligible for auto-proxying)
2020-07-07 08:39:46.795 [restartedMain] INFO  o.s.c.s.PostProcessorRegistrationDelegate$BeanPostProcessorChecker - Bean 'securityManager' of type [org.apache.shiro.web.mgt.DefaultWebSecurityManager] is not eligible for getting processed by all BeanPostProcessors (for example: not eligible for auto-proxying)
2020-07-07 08:39:47.389 [restartedMain] INFO  o.s.boot.web.embedded.tomcat.TomcatWebServer - Tomcat initialized with port(s): 8080 (http)
2020-07-07 08:39:47.420 [restartedMain] INFO  org.apache.coyote.http11.Http11NioProtocol - Initializing ProtocolHandler ["http-nio-8080"]
2020-07-07 08:39:47.436 [restartedMain] INFO  org.apache.catalina.core.StandardService - Starting service [Tomcat]
2020-07-07 08:39:47.436 [restartedMain] INFO  org.apache.catalina.core.StandardEngine - Starting Servlet engine: [Apache Tomcat/9.0.17]
2020-07-07 08:39:47.732 [restartedMain] INFO  o.a.c.core.ContainerBase.[Tomcat].[localhost].[/] - Initializing Spring embedded WebApplicationContext
2020-07-07 08:39:47.732 [restartedMain] INFO  org.springframework.web.context.ContextLoader - Root WebApplicationContext: initialization completed in 4504 ms
2020-07-07 08:39:48.123 [restartedMain] INFO  o.s.scheduling.concurrent.ThreadPoolTaskExecutor - Initializing ExecutorService 'applicationTaskExecutor'
2020-07-07 08:39:48.310 [restartedMain] INFO  o.s.b.a.web.servlet.WelcomePageHandlerMapping - Adding welcome page: class path resource [static/index.html]
2020-07-07 08:39:48.467 [restartedMain] INFO  o.s.b.d.autoconfigure.OptionalLiveReloadServer - LiveReload server is running on port 35729
2020-07-07 08:39:48.513 [restartedMain] INFO  org.apache.coyote.http11.Http11NioProtocol - Starting ProtocolHandler ["http-nio-8080"]
2020-07-07 08:39:48.592 [restartedMain] INFO  o.s.boot.web.embedded.tomcat.TomcatWebServer - Tomcat started on port(s): 8080 (http) with context path ''
2020-07-07 08:39:48.592 [restartedMain] INFO  com.submit.WorkuploadApplication - Started WorkuploadApplication in 7.316 seconds (JVM running for 8.908)
2020-07-07 08:40:07.978 [http-nio-8080-exec-10] INFO  o.a.c.core.ContainerBase.[Tomcat].[localhost].[/] - Initializing Spring DispatcherServlet 'dispatcherServlet'
2020-07-07 08:40:07.978 [http-nio-8080-exec-10] INFO  org.springframework.web.servlet.DispatcherServlet - Initializing Servlet 'dispatcherServlet'
2020-07-07 08:40:07.994 [http-nio-8080-exec-10] INFO  org.springframework.web.servlet.DispatcherServlet - Completed initialization in 16 ms
2020-07-07 08:40:14.894 [http-nio-8080-exec-6] INFO  com.alibaba.druid.pool.DruidDataSource - {dataSource-1} inited
2020-07-07 08:40:15.179 [http-nio-8080-exec-5] INFO  com.submit.config.UserRealm - 执行逻辑授权
2020-07-07 08:54:25.023 [http-nio-8080-exec-9] INFO  com.submit.config.UserRealm - 执行逻辑授权
2020-07-07 08:54:31.030 [http-nio-8080-exec-7] INFO  com.submit.config.UserRealm - 执行逻辑授权
2020-07-07 08:54:32.200 [http-nio-8080-exec-7] INFO  com.submit.config.UserRealm - 执行逻辑授权
2020-07-07 08:54:32.302 [http-nio-8080-exec-8] INFO  com.submit.config.UserRealm - 执行逻辑授权
2020-07-07 08:54:34.110 [http-nio-8080-exec-9] INFO  com.submit.config.UserRealm - 执行逻辑授权
2020-07-07 08:54:34.230 [http-nio-8080-exec-3] INFO  com.submit.config.UserRealm - 执行逻辑授权
2020-07-07 08:54:34.233 [http-nio-8080-exec-3] INFO  com.submit.controller.teacherUserController - 1998000011
2020-07-07 08:55:30.216 [http-nio-8080-exec-8] INFO  com.submit.config.UserRealm - 执行逻辑授权
2020-07-07 08:55:36.348 [http-nio-8080-exec-3] INFO  com.submit.config.UserRealm - 执行逻辑授权
2020-07-07 08:55:38.698 [http-nio-8080-exec-6] INFO  com.submit.config.UserRealm - 执行逻辑授权
2020-07-07 08:55:41.251 [http-nio-8080-exec-8] INFO  com.submit.config.UserRealm - 执行逻辑授权
2020-07-07 08:55:42.627 [http-nio-8080-exec-9] INFO  com.submit.config.UserRealm - 执行逻辑授权
2020-07-07 08:55:52.378 [http-nio-8080-exec-2] INFO  com.submit.config.UserRealm - 执行逻辑授权
2020-07-07 08:56:03.650 [http-nio-8080-exec-3] INFO  com.submit.config.UserRealm - 执行逻辑授权
2020-07-07 08:56:04.794 [http-nio-8080-exec-6] INFO  com.submit.config.UserRealm - 执行逻辑授权
2020-07-07 08:56:07.392 [http-nio-8080-exec-2] INFO  com.submit.config.UserRealm - 执行逻辑授权
2020-07-07 08:56:09.927 [http-nio-8080-exec-7] INFO  com.submit.config.UserRealm - 执行逻辑授权
2020-07-07 08:56:10.488 [http-nio-8080-exec-4] INFO  com.submit.config.UserRealm - 执行逻辑授权
2020-07-07 08:56:12.099 [http-nio-8080-exec-10] INFO  com.submit.config.UserRealm - 执行逻辑授权
2020-07-07 08:56:14.044 [http-nio-8080-exec-10] INFO  com.submit.config.UserRealm - 执行逻辑授权
2020-07-07 08:56:15.218 [http-nio-8080-exec-9] INFO  com.submit.config.UserRealm - 执行逻辑授权
2020-07-07 08:56:15.625 [http-nio-8080-exec-5] INFO  com.submit.config.UserRealm - 执行逻辑授权
2020-07-07 08:56:30.365 [http-nio-8080-exec-5] INFO  com.submit.config.UserRealm - 执行逻辑授权
2020-07-07 08:57:03.299 [http-nio-8080-exec-1] INFO  com.submit.config.UserRealm - 执行逻辑授权
2020-07-07 08:57:04.873 [http-nio-8080-exec-5] INFO  com.submit.config.UserRealm - 执行逻辑授权
2020-07-07 08:58:08.037 [http-nio-8080-exec-9] INFO  com.submit.config.UserRealm - 执行逻辑授权
2020-07-07 08:58:09.545 [http-nio-8080-exec-8] INFO  com.submit.config.UserRealm - 执行逻辑授权
2020-07-07 08:58:11.269 [http-nio-8080-exec-9] INFO  com.submit.config.UserRealm - 执行逻辑授权
2020-07-07 08:58:12.207 [http-nio-8080-exec-9] INFO  com.submit.config.UserRealm - 执行逻辑授权
2020-07-07 08:59:08.242 [http-nio-8080-exec-2] INFO  com.submit.config.UserRealm - 执行逻辑授权
2020-07-07 09:00:36.231 [http-nio-8080-exec-2] INFO  com.submit.config.UserRealm - 执行逻辑授权
2020-07-07 09:00:38.091 [http-nio-8080-exec-7] INFO  com.submit.config.UserRealm - 执行逻辑授权
2020-07-07 09:00:42.504 [http-nio-8080-exec-1] INFO  com.submit.config.UserRealm - 执行逻辑授权
2020-07-07 09:00:43.453 [http-nio-8080-exec-1] INFO  com.submit.config.UserRealm - 执行逻辑授权
2020-07-07 09:00:45.144 [http-nio-8080-exec-5] INFO  com.submit.config.UserRealm - 执行逻辑授权
2020-07-07 09:01:02.573 [http-nio-8080-exec-10] INFO  com.submit.config.UserRealm - 执行逻辑授权
2020-07-07 09:01:30.365 [http-nio-8080-exec-5] INFO  com.submit.config.UserRealm - 执行逻辑授权
2020-07-07 09:01:52.495 [http-nio-8080-exec-8] INFO  com.submit.config.UserRealm - 执行逻辑授权
2020-07-07 09:01:54.075 [http-nio-8080-exec-5] INFO  com.submit.config.UserRealm - 执行逻辑授权
2020-07-07 09:01:54.121 [http-nio-8080-exec-9] INFO  com.submit.config.UserRealm - 执行逻辑授权
2020-07-07 09:01:54.184 [http-nio-8080-exec-9] INFO  com.submit.config.UserRealm - 执行逻辑授权
2020-07-07 09:02:09.767 [http-nio-8080-exec-5] INFO  com.submit.config.UserRealm - 执行逻辑授权
2020-07-07 09:02:09.800 [http-nio-8080-exec-1] INFO  com.submit.config.UserRealm - 执行逻辑授权
2020-07-07 09:02:16.365 [http-nio-8080-exec-10] INFO  com.submit.config.UserRealm - 执行逻辑授权
2020-07-07 09:02:16.478 [http-nio-8080-exec-9] INFO  com.submit.config.UserRealm - 执行逻辑授权
2020-07-07 09:02:16.482 [http-nio-8080-exec-9] INFO  com.submit.controller.teacherUserController - 1998000011
2020-07-07 09:02:17.269 [http-nio-8080-exec-7] INFO  com.submit.config.UserRealm - 执行逻辑授权
2020-07-07 09:02:17.366 [http-nio-8080-exec-3] INFO  com.submit.config.UserRealm - 执行逻辑授权
2020-07-07 09:02:17.866 [http-nio-8080-exec-1] INFO  com.submit.config.UserRealm - 执行逻辑授权
2020-07-07 09:02:18.703 [http-nio-8080-exec-1] INFO  com.submit.config.UserRealm - 执行逻辑授权
2020-07-07 09:02:19.553 [http-nio-8080-exec-5] INFO  com.submit.config.UserRealm - 执行逻辑授权
2020-07-07 09:02:19.594 [http-nio-8080-exec-9] INFO  com.submit.config.UserRealm - 执行逻辑授权
2020-07-07 09:02:19.651 [http-nio-8080-exec-4] INFO  com.submit.config.UserRealm - 执行逻辑授权
2020-07-07 09:02:24.731 [http-nio-8080-exec-2] INFO  com.submit.config.UserRealm - 执行逻辑授权
2020-07-07 09:02:24.772 [http-nio-8080-exec-5] INFO  com.submit.config.UserRealm - 执行逻辑授权
2020-07-07 09:02:24.831 [http-nio-8080-exec-6] INFO  com.submit.config.UserRealm - 执行逻辑授权
2020-07-07 09:02:30.886 [http-nio-8080-exec-10] INFO  com.submit.config.UserRealm - 执行逻辑授权
2020-07-07 09:02:30.935 [http-nio-8080-exec-6] INFO  com.submit.config.UserRealm - 执行逻辑授权
2020-07-07 09:02:34.283 [http-nio-8080-exec-6] INFO  com.submit.config.UserRealm - 执行逻辑授权
2020-07-07 09:02:34.330 [http-nio-8080-exec-1] INFO  com.submit.config.UserRealm - 执行逻辑授权
2020-07-07 09:02:34.343 [http-nio-8080-exec-6] INFO  com.submit.config.UserRealm - 执行逻辑授权
2020-07-07 09:02:34.418 [http-nio-8080-exec-3] INFO  com.submit.config.UserRealm - 执行逻辑授权
2020-07-07 09:02:35.080 [http-nio-8080-exec-6] INFO  com.submit.config.UserRealm - 执行逻辑授权
2020-07-07 09:02:36.437 [http-nio-8080-exec-8] INFO  com.submit.config.UserRealm - 执行逻辑授权
2020-07-07 09:02:36.492 [http-nio-8080-exec-7] INFO  com.submit.config.UserRealm - 执行逻辑授权
2020-07-07 09:02:36.503 [http-nio-8080-exec-8] INFO  com.submit.config.UserRealm - 执行逻辑授权
2020-07-07 09:02:36.559 [http-nio-8080-exec-2] INFO  com.submit.config.UserRealm - 执行逻辑授权
2020-07-07 09:02:39.501 [http-nio-8080-exec-1] INFO  com.submit.config.UserRealm - 执行逻辑授权
2020-07-07 09:02:39.544 [http-nio-8080-exec-7] INFO  com.submit.config.UserRealm - 执行逻辑授权
2020-07-07 09:02:40.212 [http-nio-8080-exec-7] INFO  com.submit.config.UserRealm - 执行逻辑授权
2020-07-07 09:02:40.250 [http-nio-8080-exec-10] INFO  com.submit.config.UserRealm - 执行逻辑授权
2020-07-07 09:02:40.306 [http-nio-8080-exec-10] INFO  com.submit.config.UserRealm - 执行逻辑授权
2020-07-07 09:02:55.508 [http-nio-8080-exec-1] INFO  com.submit.config.UserRealm - 执行逻辑授权
2020-07-07 09:02:55.608 [http-nio-8080-exec-5] INFO  com.submit.config.UserRealm - 执行逻辑授权
2020-07-07 09:02:55.611 [http-nio-8080-exec-5] INFO  com.submit.controller.teacherUserController - 1998000011
2020-07-07 09:02:56.537 [http-nio-8080-exec-9] INFO  com.submit.config.UserRealm - 执行逻辑授权
2020-07-07 09:02:56.625 [http-nio-8080-exec-10] INFO  com.submit.config.UserRealm - 执行逻辑授权
2020-07-07 09:03:12.930 [http-nio-8080-exec-8] INFO  com.submit.config.UserRealm - 执行逻辑授权
2020-07-07 09:03:14.983 [http-nio-8080-exec-4] INFO  com.submit.config.UserRealm - 执行逻辑授权
2020-07-07 09:03:15.899 [http-nio-8080-exec-4] INFO  com.submit.config.UserRealm - 执行逻辑授权
2020-07-07 09:03:15.996 [http-nio-8080-exec-8] INFO  com.submit.config.UserRealm - 执行逻辑授权
2020-07-07 09:03:17.319 [http-nio-8080-exec-1] INFO  com.submit.config.UserRealm - 执行逻辑授权
2020-07-07 09:03:17.411 [http-nio-8080-exec-5] INFO  com.submit.config.UserRealm - 执行逻辑授权
2020-07-07 09:03:17.415 [http-nio-8080-exec-5] INFO  com.submit.controller.teacherUserController - 123456
2020-07-07 09:03:20.539 [http-nio-8080-exec-7] INFO  com.submit.config.UserRealm - 执行逻辑授权
2020-07-07 09:03:21.957 [http-nio-8080-exec-6] INFO  com.submit.config.UserRealm - 执行逻辑授权
2020-07-07 09:03:22.003 [http-nio-8080-exec-9] INFO  com.submit.config.UserRealm - 执行逻辑授权
2020-07-07 09:03:22.008 [http-nio-8080-exec-9] INFO  com.submit.service.teacherService - 2018-2019-2 2018-2019-2 2018 7 2 2020
2020-07-07 09:03:22.008 [http-nio-8080-exec-9] INFO  com.submit.service.teacherService - 2018-2019-2 2018-2019-2 2018 7 2 2020
2020-07-07 09:03:22.008 [http-nio-8080-exec-9] INFO  com.submit.service.teacherService - 2018-2019-2 2018-2019-2 2018 7 2 2020
2020-07-07 09:03:22.008 [http-nio-8080-exec-9] INFO  com.submit.service.teacherService - 2018-2019-1 2018-2019-1 2018 7 1 2020
2020-07-07 09:03:22.072 [http-nio-8080-exec-8] INFO  com.submit.config.UserRealm - 执行逻辑授权
2020-07-07 09:03:27.774 [http-nio-8080-exec-9] INFO  com.submit.config.UserRealm - 执行逻辑授权
2020-07-07 09:03:27.831 [http-nio-8080-exec-10] INFO  com.submit.config.UserRealm - 执行逻辑授权
2020-07-07 09:03:27.834 [http-nio-8080-exec-10] INFO  com.submit.service.teacherService - 2018-2019-2 2018-2019-2 2018 7 2 2020
2020-07-07 09:03:27.834 [http-nio-8080-exec-10] INFO  com.submit.service.teacherService - 2018-2019-2 2018-2019-2 2018 7 2 2020
2020-07-07 09:03:27.834 [http-nio-8080-exec-10] INFO  com.submit.service.teacherService - 2018-2019-2 2018-2019-2 2018 7 2 2020
2020-07-07 09:03:27.834 [http-nio-8080-exec-10] INFO  com.submit.service.teacherService - 2018-2019-1 2018-2019-1 2018 7 1 2020
2020-07-07 09:03:27.886 [http-nio-8080-exec-1] INFO  com.submit.config.UserRealm - 执行逻辑授权
2020-07-07 09:03:30.823 [http-nio-8080-exec-3] INFO  com.submit.config.UserRealm - 执行逻辑授权
2020-07-07 09:03:30.871 [http-nio-8080-exec-1] INFO  com.submit.config.UserRealm - 执行逻辑授权
2020-07-07 09:03:30.874 [http-nio-8080-exec-1] INFO  com.submit.service.teacherService - 2018-2019-2 2018-2019-2 2018 7 2 2020
2020-07-07 09:03:30.874 [http-nio-8080-exec-1] INFO  com.submit.service.teacherService - 2018-2019-2 2018-2019-2 2018 7 2 2020
2020-07-07 09:03:30.874 [http-nio-8080-exec-1] INFO  com.submit.service.teacherService - 2018-2019-2 2018-2019-2 2018 7 2 2020
2020-07-07 09:03:30.874 [http-nio-8080-exec-1] INFO  com.submit.service.teacherService - 2018-2019-1 2018-2019-1 2018 7 1 2020
2020-07-07 09:03:33.840 [http-nio-8080-exec-1] INFO  com.submit.config.UserRealm - 执行逻辑授权
2020-07-07 09:03:33.883 [http-nio-8080-exec-7] INFO  com.submit.config.UserRealm - 执行逻辑授权
2020-07-07 09:03:33.886 [http-nio-8080-exec-7] INFO  com.submit.service.teacherService - 2018-2019-2 2018-2019-2 2018 7 2 2020
2020-07-07 09:03:33.886 [http-nio-8080-exec-7] INFO  com.submit.service.teacherService - 2018-2019-2 2018-2019-2 2018 7 2 2020
2020-07-07 09:03:33.886 [http-nio-8080-exec-7] INFO  com.submit.service.teacherService - 2018-2019-2 2018-2019-2 2018 7 2 2020
2020-07-07 09:03:33.886 [http-nio-8080-exec-7] INFO  com.submit.service.teacherService - 2018-2019-1 2018-2019-1 2018 7 1 2020
2020-07-07 09:03:33.894 [http-nio-8080-exec-5] INFO  com.submit.config.UserRealm - 执行逻辑授权
2020-07-07 09:03:33.953 [http-nio-8080-exec-1] INFO  com.submit.config.UserRealm - 执行逻辑授权
2020-07-07 09:03:34.674 [http-nio-8080-exec-5] INFO  com.submit.config.UserRealm - 执行逻辑授权
2020-07-07 09:03:34.716 [http-nio-8080-exec-8] INFO  com.submit.config.UserRealm - 执行逻辑授权
2020-07-07 09:03:34.719 [http-nio-8080-exec-8] INFO  com.submit.service.teacherService - 2018-2019-2 2018-2019-2 2018 7 2 2020
2020-07-07 09:03:34.719 [http-nio-8080-exec-8] INFO  com.submit.service.teacherService - 2018-2019-2 2018-2019-2 2018 7 2 2020
2020-07-07 09:03:34.719 [http-nio-8080-exec-8] INFO  com.submit.service.teacherService - 2018-2019-2 2018-2019-2 2018 7 2 2020
2020-07-07 09:03:34.719 [http-nio-8080-exec-8] INFO  com.submit.service.teacherService - 2018-2019-1 2018-2019-1 2018 7 1 2020
2020-07-07 09:03:34.767 [http-nio-8080-exec-2] INFO  com.submit.config.UserRealm - 执行逻辑授权
2020-07-07 09:03:35.509 [http-nio-8080-exec-7] INFO  com.submit.config.UserRealm - 执行逻辑授权
2020-07-07 09:03:35.550 [http-nio-8080-exec-10] INFO  com.submit.config.UserRealm - 执行逻辑授权
2020-07-07 09:03:35.553 [http-nio-8080-exec-10] INFO  com.submit.service.teacherService - 2018-2019-2 2018-2019-2 2018 7 2 2020
2020-07-07 09:03:35.553 [http-nio-8080-exec-10] INFO  com.submit.service.teacherService - 2018-2019-2 2018-2019-2 2018 7 2 2020
2020-07-07 09:03:35.553 [http-nio-8080-exec-10] INFO  com.submit.service.teacherService - 2018-2019-2 2018-2019-2 2018 7 2 2020
2020-07-07 09:03:35.553 [http-nio-8080-exec-10] INFO  com.submit.service.teacherService - 2018-2019-1 2018-2019-1 2018 7 1 2020
2020-07-07 09:03:45.570 [http-nio-8080-exec-8] INFO  com.submit.config.UserRealm - 执行逻辑授权
2020-07-07 09:03:48.611 [http-nio-8080-exec-7] INFO  com.submit.config.UserRealm - 执行逻辑授权
2020-07-07 09:03:48.649 [http-nio-8080-exec-2] INFO  com.submit.config.UserRealm - 执行逻辑授权
2020-07-07 09:03:48.653 [http-nio-8080-exec-2] INFO  com.submit.service.teacherService - 2018-2019-2 2018-2019-2 2018 7 2 2020
2020-07-07 09:03:48.653 [http-nio-8080-exec-2] INFO  com.submit.service.teacherService - 2018-2019-2 2018-2019-2 2018 7 2 2020
2020-07-07 09:03:48.653 [http-nio-8080-exec-2] INFO  com.submit.service.teacherService - 2018-2019-2 2018-2019-2 2018 7 2 2020
2020-07-07 09:03:48.653 [http-nio-8080-exec-2] INFO  com.submit.service.teacherService - 2018-2019-1 2018-2019-1 2018 7 1 2020
2020-07-07 09:03:48.703 [http-nio-8080-exec-1] INFO  com.submit.config.UserRealm - 执行逻辑授权
2020-07-07 09:03:50.540 [http-nio-8080-exec-10] INFO  com.submit.config.UserRealm - 执行逻辑授权
2020-07-07 09:03:50.581 [http-nio-8080-exec-6] INFO  com.submit.config.UserRealm - 执行逻辑授权
2020-07-07 09:03:50.584 [http-nio-8080-exec-6] INFO  com.submit.service.teacherService - 2018-2019-2 2018-2019-2 2018 7 2 2020
2020-07-07 09:03:50.584 [http-nio-8080-exec-6] INFO  com.submit.service.teacherService - 2018-2019-2 2018-2019-2 2018 7 2 2020
2020-07-07 09:03:50.584 [http-nio-8080-exec-6] INFO  com.submit.service.teacherService - 2018-2019-2 2018-2019-2 2018 7 2 2020
2020-07-07 09:03:50.584 [http-nio-8080-exec-6] INFO  com.submit.service.teacherService - 2018-2019-1 2018-2019-1 2018 7 1 2020
2020-07-07 09:03:51.330 [http-nio-8080-exec-6] INFO  com.submit.config.UserRealm - 执行逻辑授权
2020-07-07 09:03:51.377 [http-nio-8080-exec-9] INFO  com.submit.config.UserRealm - 执行逻辑授权
2020-07-07 09:03:51.381 [http-nio-8080-exec-9] INFO  com.submit.service.teacherService - 2018-2019-2 2018-2019-2 2018 7 2 2020
2020-07-07 09:03:51.381 [http-nio-8080-exec-9] INFO  com.submit.service.teacherService - 2018-2019-2 2018-2019-2 2018 7 2 2020
2020-07-07 09:03:51.381 [http-nio-8080-exec-9] INFO  com.submit.service.teacherService - 2018-2019-2 2018-2019-2 2018 7 2 2020
2020-07-07 09:03:51.381 [http-nio-8080-exec-9] INFO  com.submit.service.teacherService - 2018-2019-1 2018-2019-1 2018 7 1 2020
2020-07-07 09:03:51.388 [http-nio-8080-exec-3] INFO  com.submit.config.UserRealm - 执行逻辑授权
2020-07-07 09:03:51.442 [http-nio-8080-exec-3] INFO  com.submit.config.UserRealm - 执行逻辑授权
2020-07-07 09:04:52.954 [http-nio-8080-exec-4] INFO  com.submit.config.UserRealm - 执行逻辑授权
2020-07-07 09:04:53.598 [http-nio-8080-exec-4] INFO  com.submit.config.UserRealm - 执行逻辑授权
2020-07-07 09:04:53.691 [http-nio-8080-exec-9] INFO  com.submit.config.UserRealm - 执行逻辑授权
2020-07-07 09:04:54.198 [http-nio-8080-exec-8] INFO  com.submit.config.UserRealm - 执行逻辑授权
2020-07-07 09:04:54.295 [http-nio-8080-exec-5] INFO  com.submit.config.UserRealm - 执行逻辑授权
2020-07-07 09:04:54.297 [http-nio-8080-exec-5] INFO  com.submit.controller.teacherUserController - 123456
2020-07-07 09:05:05.303 [http-nio-8080-exec-6] INFO  com.submit.config.UserRealm - 执行逻辑授权
2020-07-07 09:05:05.354 [http-nio-8080-exec-8] INFO  com.submit.config.UserRealm - 执行逻辑授权
2020-07-07 09:05:05.357 [http-nio-8080-exec-8] INFO  com.submit.service.teacherService - 2018-2019-2 2018-2019-2 2018 7 2 2020
2020-07-07 09:05:05.357 [http-nio-8080-exec-8] INFO  com.submit.service.teacherService - 2018-2019-2 2018-2019-2 2018 7 2 2020
2020-07-07 09:05:05.357 [http-nio-8080-exec-8] INFO  com.submit.service.teacherService - 2018-2019-2 2018-2019-2 2018 7 2 2020
2020-07-07 09:05:05.357 [http-nio-8080-exec-8] INFO  com.submit.service.teacherService - 2018-2019-1 2018-2019-1 2018 7 1 2020
2020-07-07 09:05:05.420 [http-nio-8080-exec-8] INFO  com.submit.config.UserRealm - 执行逻辑授权
2020-07-07 09:05:33.880 [http-nio-8080-exec-2] INFO  com.submit.config.UserRealm - 执行逻辑授权
2020-07-07 09:05:33.921 [http-nio-8080-exec-7] INFO  com.submit.config.UserRealm - 执行逻辑授权
2020-07-07 09:05:33.925 [http-nio-8080-exec-7] INFO  com.submit.service.teacherService - 2018-2019-2 2018-2019-2 2018 7 2 2020
2020-07-07 09:05:33.925 [http-nio-8080-exec-7] INFO  com.submit.service.teacherService - 2018-2019-2 2018-2019-2 2018 7 2 2020
2020-07-07 09:05:33.925 [http-nio-8080-exec-7] INFO  com.submit.service.teacherService - 2018-2019-2 2018-2019-2 2018 7 2 2020
2020-07-07 09:05:33.925 [http-nio-8080-exec-7] INFO  com.submit.service.teacherService - 2018-2019-1 2018-2019-1 2018 7 1 2020
2020-07-07 09:05:33.980 [http-nio-8080-exec-7] INFO  com.submit.config.UserRealm - 执行逻辑授权
2020-07-07 09:07:35.510 [http-nio-8080-exec-10] INFO  com.submit.config.UserRealm - 执行逻辑授权
2020-07-07 09:07:35.560 [http-nio-8080-exec-1] INFO  com.submit.config.UserRealm - 执行逻辑授权
2020-07-07 09:07:35.566 [http-nio-8080-exec-1] INFO  com.submit.service.teacherService - 2018-2019-2 2018-2019-2 2018 7 2 2020
2020-07-07 09:07:35.566 [http-nio-8080-exec-1] INFO  com.submit.service.teacherService - 2018-2019-2 2018-2019-2 2018 7 2 2020
2020-07-07 09:07:35.567 [http-nio-8080-exec-1] INFO  com.submit.service.teacherService - 2018-2019-2 2018-2019-2 2018 7 2 2020
2020-07-07 09:07:35.567 [http-nio-8080-exec-1] INFO  com.submit.service.teacherService - 2018-2019-1 2018-2019-1 2018 7 1 2020
2020-07-07 09:23:07.638 [http-nio-8080-exec-9] INFO  com.submit.config.UserRealm - 执行逻辑授权
2020-07-07 09:23:10.006 [http-nio-8080-exec-10] INFO  com.submit.config.UserRealm - 执行逻辑授权
2020-07-07 09:23:10.048 [http-nio-8080-exec-1] INFO  com.submit.config.UserRealm - 执行逻辑授权
2020-07-07 09:23:10.052 [http-nio-8080-exec-1] INFO  com.submit.service.teacherService - 2018-2019-2 2018-2019-2 2018 7 2 2020
2020-07-07 09:23:10.052 [http-nio-8080-exec-1] INFO  com.submit.service.teacherService - 2018-2019-2 2018-2019-2 2018 7 2 2020
2020-07-07 09:23:10.052 [http-nio-8080-exec-1] INFO  com.submit.service.teacherService - 2018-2019-2 2018-2019-2 2018 7 2 2020
2020-07-07 09:23:10.052 [http-nio-8080-exec-1] INFO  com.submit.service.teacherService - 2018-2019-1 2018-2019-1 2018 7 1 2020
2020-07-07 09:23:10.102 [http-nio-8080-exec-5] INFO  com.submit.config.UserRealm - 执行逻辑授权
2020-07-07 09:24:32.275 [http-nio-8080-exec-4] INFO  com.submit.config.UserRealm - 执行逻辑授权
2020-07-07 09:24:34.690 [http-nio-8080-exec-8] INFO  com.submit.config.UserRealm - 执行逻辑授权
2020-07-07 09:24:35.621 [http-nio-8080-exec-4] INFO  com.submit.config.UserRealm - 执行逻辑授权
2020-07-07 09:24:35.669 [http-nio-8080-exec-10] INFO  com.submit.config.UserRealm - 执行逻辑授权
2020-07-07 09:24:35.672 [http-nio-8080-exec-10] INFO  com.submit.service.teacherService - 2018-2019-2 2018-2019-2 2018 7 2 2020
2020-07-07 09:24:35.672 [http-nio-8080-exec-10] INFO  com.submit.service.teacherService - 2018-2019-2 2018-2019-2 2018 7 2 2020
2020-07-07 09:24:35.672 [http-nio-8080-exec-10] INFO  com.submit.service.teacherService - 2018-2019-2 2018-2019-2 2018 7 2 2020
2020-07-07 09:24:35.672 [http-nio-8080-exec-10] INFO  com.submit.service.teacherService - 2018-2019-1 2018-2019-1 2018 7 1 2020
2020-07-07 09:24:35.724 [http-nio-8080-exec-3] INFO  com.submit.config.UserRealm - 执行逻辑授权
2020-07-07 09:24:36.681 [http-nio-8080-exec-6] INFO  com.submit.config.UserRealm - 执行逻辑授权
2020-07-07 09:24:36.727 [http-nio-8080-exec-5] INFO  com.submit.config.UserRealm - 执行逻辑授权
2020-07-07 09:24:36.730 [http-nio-8080-exec-5] INFO  com.submit.service.teacherService - 2018-2019-2 2018-2019-2 2018 7 2 2020
2020-07-07 09:24:36.730 [http-nio-8080-exec-5] INFO  com.submit.service.teacherService - 2018-2019-2 2018-2019-2 2018 7 2 2020
2020-07-07 09:24:36.730 [http-nio-8080-exec-5] INFO  com.submit.service.teacherService - 2018-2019-2 2018-2019-2 2018 7 2 2020
2020-07-07 09:24:36.730 [http-nio-8080-exec-5] INFO  com.submit.service.teacherService - 2018-2019-1 2018-2019-1 2018 7 1 2020
2020-07-07 09:24:36.780 [http-nio-8080-exec-3] INFO  com.submit.config.UserRealm - 执行逻辑授权
2020-07-07 09:24:41.492 [http-nio-8080-exec-10] INFO  com.submit.config.UserRealm - 执行逻辑授权
2020-07-07 09:24:41.547 [http-nio-8080-exec-3] INFO  com.submit.config.UserRealm - 执行逻辑授权
2020-07-07 09:24:41.551 [http-nio-8080-exec-3] INFO  com.submit.service.teacherService - 2018-2019-2 2018-2019-2 2018 7 2 2020
2020-07-07 09:24:41.552 [http-nio-8080-exec-3] INFO  com.submit.service.teacherService - 2018-2019-2 2018-2019-2 2018 7 2 2020
2020-07-07 09:24:41.552 [http-nio-8080-exec-3] INFO  com.submit.service.teacherService - 2018-2019-2 2018-2019-2 2018 7 2 2020
2020-07-07 09:24:41.552 [http-nio-8080-exec-3] INFO  com.submit.service.teacherService - 2018-2019-1 2018-2019-1 2018 7 1 2020
2020-07-07 09:24:57.915 [http-nio-8080-exec-3] INFO  com.submit.config.UserRealm - 执行逻辑授权
2020-07-07 09:24:57.964 [http-nio-8080-exec-4] INFO  com.submit.config.UserRealm - 执行逻辑授权
2020-07-07 09:24:57.966 [http-nio-8080-exec-4] INFO  com.submit.service.teacherService - 2018-2019-2 2018-2019-2 2018 7 2 2020
2020-07-07 09:24:57.967 [http-nio-8080-exec-4] INFO  com.submit.service.teacherService - 2018-2019-2 2018-2019-2 2018 7 2 2020
2020-07-07 09:24:57.967 [http-nio-8080-exec-4] INFO  com.submit.service.teacherService - 2018-2019-2 2018-2019-2 2018 7 2 2020
2020-07-07 09:24:57.967 [http-nio-8080-exec-4] INFO  com.submit.service.teacherService - 2018-2019-1 2018-2019-1 2018 7 1 2020
2020-07-07 09:24:58.882 [http-nio-8080-exec-4] INFO  com.submit.config.UserRealm - 执行逻辑授权
2020-07-07 09:24:58.930 [http-nio-8080-exec-5] INFO  com.submit.config.UserRealm - 执行逻辑授权
2020-07-07 09:24:58.933 [http-nio-8080-exec-5] INFO  com.submit.service.teacherService - 2018-2019-2 2018-2019-2 2018 7 2 2020
2020-07-07 09:24:58.933 [http-nio-8080-exec-5] INFO  com.submit.service.teacherService - 2018-2019-2 2018-2019-2 2018 7 2 2020
2020-07-07 09:24:58.933 [http-nio-8080-exec-5] INFO  com.submit.service.teacherService - 2018-2019-2 2018-2019-2 2018 7 2 2020
2020-07-07 09:24:58.933 [http-nio-8080-exec-5] INFO  com.submit.service.teacherService - 2018-2019-1 2018-2019-1 2018 7 1 2020
2020-07-07 09:24:58.940 [http-nio-8080-exec-4] INFO  com.submit.config.UserRealm - 执行逻辑授权
2020-07-07 09:24:59.001 [http-nio-8080-exec-5] INFO  com.submit.config.UserRealm - 执行逻辑授权
2020-07-07 09:25:03.563 [http-nio-8080-exec-1] INFO  com.submit.config.UserRealm - 执行逻辑授权
2020-07-07 09:25:04.382 [http-nio-8080-exec-3] INFO  com.submit.config.UserRealm - 执行逻辑授权
2020-07-07 09:25:04.432 [http-nio-8080-exec-8] INFO  com.submit.config.UserRealm - 执行逻辑授权
2020-07-07 09:25:04.435 [http-nio-8080-exec-8] INFO  com.submit.service.teacherService - 2018-2019-2 2018-2019-2 2018 7 2 2020
2020-07-07 09:25:04.435 [http-nio-8080-exec-8] INFO  com.submit.service.teacherService - 2018-2019-2 2018-2019-2 2018 7 2 2020
2020-07-07 09:25:04.435 [http-nio-8080-exec-8] INFO  com.submit.service.teacherService - 2018-2019-2 2018-2019-2 2018 7 2 2020
2020-07-07 09:25:04.435 [http-nio-8080-exec-8] INFO  com.submit.service.teacherService - 2018-2019-1 2018-2019-1 2018 7 1 2020
2020-07-07 09:25:04.483 [http-nio-8080-exec-2] INFO  com.submit.config.UserRealm - 执行逻辑授权
2020-07-07 09:25:07.353 [http-nio-8080-exec-9] INFO  com.submit.config.UserRealm - 执行逻辑授权
2020-07-07 09:25:07.395 [http-nio-8080-exec-5] INFO  com.submit.config.UserRealm - 执行逻辑授权
2020-07-07 09:25:07.397 [http-nio-8080-exec-5] INFO  com.submit.service.teacherService - 2018-2019-2 2018-2019-2 2018 7 2 2020
2020-07-07 09:25:07.398 [http-nio-8080-exec-5] INFO  com.submit.service.teacherService - 2018-2019-2 2018-2019-2 2018 7 2 2020
2020-07-07 09:25:07.398 [http-nio-8080-exec-5] INFO  com.submit.service.teacherService - 2018-2019-2 2018-2019-2 2018 7 2 2020
2020-07-07 09:25:07.398 [http-nio-8080-exec-5] INFO  com.submit.service.teacherService - 2018-2019-1 2018-2019-1 2018 7 1 2020
2020-07-07 09:25:07.444 [http-nio-8080-exec-5] INFO  com.submit.config.UserRealm - 执行逻辑授权
2020-07-07 09:25:17.618 [http-nio-8080-exec-8] INFO  com.submit.config.UserRealm - 执行逻辑授权
2020-07-07 09:25:17.669 [http-nio-8080-exec-4] INFO  com.submit.config.UserRealm - 执行逻辑授权
2020-07-07 09:25:17.672 [http-nio-8080-exec-4] INFO  com.submit.service.teacherService - 2018-2019-2 2018-2019-2 2018 7 2 2020
2020-07-07 09:25:17.672 [http-nio-8080-exec-4] INFO  com.submit.service.teacherService - 2018-2019-2 2018-2019-2 2018 7 2 2020
2020-07-07 09:25:17.672 [http-nio-8080-exec-4] INFO  com.submit.service.teacherService - 2018-2019-2 2018-2019-2 2018 7 2 2020
2020-07-07 09:25:17.672 [http-nio-8080-exec-4] INFO  com.submit.service.teacherService - 2018-2019-1 2018-2019-1 2018 7 1 2020
2020-07-07 09:25:17.726 [http-nio-8080-exec-3] INFO  com.submit.config.UserRealm - 执行逻辑授权
2020-07-07 09:25:17.915 [http-nio-8080-exec-2] INFO  com.submit.config.UserRealm - 执行逻辑授权
2020-07-07 09:25:17.963 [http-nio-8080-exec-3] INFO  com.submit.config.UserRealm - 执行逻辑授权
2020-07-07 09:25:17.966 [http-nio-8080-exec-3] INFO  com.submit.service.teacherService - 2018-2019-2 2018-2019-2 2018 7 2 2020
2020-07-07 09:25:17.966 [http-nio-8080-exec-3] INFO  com.submit.service.teacherService - 2018-2019-2 2018-2019-2 2018 7 2 2020
2020-07-07 09:25:17.966 [http-nio-8080-exec-3] INFO  com.submit.service.teacherService - 2018-2019-2 2018-2019-2 2018 7 2 2020
2020-07-07 09:25:17.966 [http-nio-8080-exec-3] INFO  com.submit.service.teacherService - 2018-2019-1 2018-2019-1 2018 7 1 2020
2020-07-07 09:26:38.560 [http-nio-8080-exec-3] INFO  com.submit.config.UserRealm - 执行逻辑授权
2020-07-07 09:26:41.468 [http-nio-8080-exec-7] INFO  com.submit.config.UserRealm - 执行逻辑授权
2020-07-07 09:26:48.737 [http-nio-8080-exec-3] INFO  com.submit.config.UserRealm - 执行逻辑授权
2020-07-07 09:26:54.028 [http-nio-8080-exec-6] INFO  com.submit.config.UserRealm - 执行逻辑授权
2020-07-07 09:26:55.881 [http-nio-8080-exec-7] INFO  com.submit.config.UserRealm - 执行逻辑授权
2020-07-07 09:26:56.763 [http-nio-8080-exec-10] INFO  com.submit.config.UserRealm - 执行逻辑授权
2020-07-07 09:27:23.591 [http-nio-8080-exec-7] INFO  com.submit.controller.fileController - 登陆 1 2019-2-20
2020-07-07 09:27:23.591 [http-nio-8080-exec-7] INFO  com.submit.controller.fileController - Web applications development using JSP & Servlet 19090177a-1
2020-07-07 09:27:23.594 [http-nio-8080-exec-7] INFO  com.submit.controller.fileController - C:\Users\GYN\AppData\Local\Temp\tomcat-docbase.3405727507076271244.8080\fileget\2\5\
2020-07-07 09:27:26.435 [http-nio-8080-exec-1] INFO  com.submit.config.UserRealm - 执行逻辑授权
2020-07-07 09:27:30.274 [http-nio-8080-exec-9] INFO  com.submit.config.UserRealm - 执行逻辑授权
2020-07-07 09:29:57.320 [http-nio-8080-exec-5] INFO  com.submit.config.UserRealm - 执行逻辑授权
2020-07-07 09:29:59.462 [http-nio-8080-exec-9] INFO  com.submit.config.UserRealm - 执行逻辑授权
2020-07-07 09:30:04.457 [http-nio-8080-exec-8] INFO  com.submit.config.UserRealm - 执行逻辑授权
2020-07-07 09:30:17.406 [http-nio-8080-exec-4] INFO  com.submit.controller.fileController - 回话操作 2 2020-7-15
2020-07-07 09:30:17.406 [http-nio-8080-exec-4] INFO  com.submit.controller.fileController - Web applications development using JSP & Servlet 19090177a-1
2020-07-07 09:30:17.407 [http-nio-8080-exec-4] INFO  com.submit.controller.fileController - C:\Users\GYN\AppData\Local\Temp\tomcat-docbase.3405727507076271244.8080\fileget\2\6\
2020-07-07 09:30:18.909 [http-nio-8080-exec-1] INFO  com.submit.config.UserRealm - 执行逻辑授权
2020-07-07 09:30:31.136 [http-nio-8080-exec-4] INFO  com.submit.config.UserRealm - 执行逻辑授权
2020-07-07 09:31:48.271 [http-nio-8080-exec-2] INFO  com.submit.config.UserRealm - 执行逻辑授权
2020-07-07 09:31:50.076 [http-nio-8080-exec-5] INFO  com.submit.config.UserRealm - 执行逻辑授权
2020-07-07 09:31:52.525 [http-nio-8080-exec-10] INFO  com.submit.config.UserRealm - 执行逻辑授权
2020-07-07 09:31:55.753 [http-nio-8080-exec-5] INFO  com.submit.config.UserRealm - 执行逻辑授权
2020-07-07 09:32:05.322 [http-nio-8080-exec-1] INFO  com.submit.config.UserRealm - 执行逻辑授权
2020-07-07 09:32:06.503 [http-nio-8080-exec-5] INFO  com.submit.config.UserRealm - 执行逻辑授权
2020-07-07 09:32:09.692 [http-nio-8080-exec-3] INFO  com.submit.config.UserRealm - 执行逻辑授权
2020-07-07 09:32:12.442 [http-nio-8080-exec-8] INFO  com.submit.config.UserRealm - 执行逻辑授权
2020-07-07 09:32:16.438 [http-nio-8080-exec-5] INFO  com.submit.config.UserRealm - 执行逻辑授权
2020-07-07 09:32:22.629 [http-nio-8080-exec-5] INFO  com.submit.controller.fileController - 回话操作 2 2020-7-15
2020-07-07 09:32:22.629 [http-nio-8080-exec-5] INFO  com.submit.controller.fileController - Web applications development using JSP & Servlet 19090177a-1
2020-07-07 09:32:22.633 [http-nio-8080-exec-5] INFO  com.submit.controller.fileController - C:\Users\GYN\AppData\Local\Temp\tomcat-docbase.3405727507076271244.8080\fileget\2\6\
2020-07-07 09:32:23.758 [http-nio-8080-exec-8] INFO  com.submit.config.UserRealm - 执行逻辑授权
2020-07-07 09:32:31.677 [http-nio-8080-exec-5] INFO  com.submit.config.UserRealm - 执行逻辑授权
2020-07-07 09:33:32.686 [http-nio-8080-exec-7] INFO  com.submit.config.UserRealm - 执行逻辑授权
2020-07-07 09:33:34.001 [http-nio-8080-exec-7] INFO  com.submit.config.UserRealm - 执行逻辑授权
2020-07-07 09:33:42.016 [http-nio-8080-exec-5] INFO  com.submit.controller.fileController - 登陆 1 2020-7-15
2020-07-07 09:33:42.016 [http-nio-8080-exec-5] INFO  com.submit.controller.fileController - Web applications development using JSP & Servlet 19090177a-1
2020-07-07 09:33:42.017 [http-nio-8080-exec-5] INFO  com.submit.controller.fileController - C:\Users\GYN\AppData\Local\Temp\tomcat-docbase.3405727507076271244.8080\fileget\2\5\
2020-07-07 09:33:43.176 [http-nio-8080-exec-6] INFO  com.submit.config.UserRealm - 执行逻辑授权
2020-07-07 09:33:45.726 [http-nio-8080-exec-5] INFO  com.submit.config.UserRealm - 执行逻辑授权
2020-07-07 09:33:52.561 [http-nio-8080-exec-9] INFO  com.submit.config.UserRealm - 执行逻辑授权
2020-07-07 09:34:55.728 [http-nio-8080-exec-5] INFO  com.submit.config.UserRealm - 执行逻辑授权
2020-07-07 09:34:58.083 [http-nio-8080-exec-6] INFO  com.submit.config.UserRealm - 执行逻辑授权
2020-07-07 09:35:00.559 [http-nio-8080-exec-7] INFO  com.submit.config.UserRealm - 执行逻辑授权
2020-07-07 09:35:12.378 [http-nio-8080-exec-4] INFO  com.submit.config.UserRealm - 执行逻辑授权
2020-07-07 09:35:14.897 [http-nio-8080-exec-6] INFO  com.submit.config.UserRealm - 执行逻辑授权
2020-07-07 09:35:16.625 [http-nio-8080-exec-2] INFO  com.submit.config.UserRealm - 执行逻辑授权
2020-07-07 09:35:19.348 [http-nio-8080-exec-5] INFO  com.submit.config.UserRealm - 执行逻辑授权
2020-07-07 09:35:42.688 [http-nio-8080-exec-2] INFO  com.submit.config.UserRealm - 执行逻辑授权
2020-07-07 09:35:44.808 [http-nio-8080-exec-4] INFO  com.submit.config.UserRealm - 执行逻辑授权
2020-07-07 09:35:45.954 [http-nio-8080-exec-4] INFO  com.submit.config.UserRealm - 执行逻辑授权
2020-07-07 09:35:46.039 [http-nio-8080-exec-1] INFO  com.submit.config.UserRealm - 执行逻辑授权
2020-07-07 09:35:47.498 [http-nio-8080-exec-7] INFO  com.submit.config.UserRealm - 执行逻辑授权
2020-07-07 09:35:47.592 [http-nio-8080-exec-9] INFO  com.submit.config.UserRealm - 执行逻辑授权
2020-07-07 09:35:47.594 [http-nio-8080-exec-9] INFO  com.submit.controller.teacherUserController - 123456
2020-07-07 09:35:56.697 [http-nio-8080-exec-1] INFO  com.submit.config.UserRealm - 执行逻辑授权
2020-07-07 09:35:58.073 [http-nio-8080-exec-7] INFO  com.submit.config.UserRealm - 执行逻辑授权
2020-07-07 09:35:58.120 [http-nio-8080-exec-10] INFO  com.submit.config.UserRealm - 执行逻辑授权
2020-07-07 09:35:58.123 [http-nio-8080-exec-10] INFO  com.submit.service.teacherService - 2018-2019-2 2018-2019-2 2018 7 2 2020
2020-07-07 09:35:58.123 [http-nio-8080-exec-10] INFO  com.submit.service.teacherService - 2018-2019-2 2018-2019-2 2018 7 2 2020
2020-07-07 09:35:58.123 [http-nio-8080-exec-10] INFO  com.submit.service.teacherService - 2018-2019-2 2018-2019-2 2018 7 2 2020
2020-07-07 09:35:58.123 [http-nio-8080-exec-10] INFO  com.submit.service.teacherService - 2018-2019-1 2018-2019-1 2018 7 1 2020
2020-07-07 09:35:58.179 [http-nio-8080-exec-8] INFO  com.submit.config.UserRealm - 执行逻辑授权
2020-07-07 09:36:17.173 [http-nio-8080-exec-2] INFO  com.submit.config.UserRealm - 执行逻辑授权
2020-07-07 09:36:18.251 [http-nio-8080-exec-3] INFO  com.submit.config.UserRealm - 执行逻辑授权
2020-07-07 09:36:18.297 [http-nio-8080-exec-4] INFO  com.submit.config.UserRealm - 执行逻辑授权
2020-07-07 09:36:18.300 [http-nio-8080-exec-4] INFO  com.submit.service.teacherService - 2018-2019-2 2018-2019-2 2018 7 2 2020
2020-07-07 09:36:18.300 [http-nio-8080-exec-4] INFO  com.submit.service.teacherService - 2018-2019-2 2018-2019-2 2018 7 2 2020
2020-07-07 09:36:18.300 [http-nio-8080-exec-4] INFO  com.submit.service.teacherService - 2018-2019-2 2018-2019-2 2018 7 2 2020
2020-07-07 09:36:18.300 [http-nio-8080-exec-4] INFO  com.submit.service.teacherService - 2018-2019-1 2018-2019-1 2018 7 1 2020
2020-07-07 09:36:18.350 [http-nio-8080-exec-7] INFO  com.submit.config.UserRealm - 执行逻辑授权
2020-07-07 09:36:25.549 [http-nio-8080-exec-6] INFO  com.submit.config.UserRealm - 执行逻辑授权
2020-07-07 09:36:25.593 [http-nio-8080-exec-10] INFO  com.submit.config.UserRealm - 执行逻辑授权
2020-07-07 09:36:25.596 [http-nio-8080-exec-10] INFO  com.submit.service.teacherService - 2018-2019-2 2018-2019-2 2018 7 2 2020
2020-07-07 09:36:25.596 [http-nio-8080-exec-10] INFO  com.submit.service.teacherService - 2018-2019-2 2018-2019-2 2018 7 2 2020
2020-07-07 09:36:25.596 [http-nio-8080-exec-10] INFO  com.submit.service.teacherService - 2018-2019-2 2018-2019-2 2018 7 2 2020
2020-07-07 09:36:25.596 [http-nio-8080-exec-10] INFO  com.submit.service.teacherService - 2018-2019-1 2018-2019-1 2018 7 1 2020
2020-07-07 09:36:25.647 [http-nio-8080-exec-7] INFO  com.submit.config.UserRealm - 执行逻辑授权
2020-07-07 09:36:26.374 [http-nio-8080-exec-5] INFO  com.submit.config.UserRealm - 执行逻辑授权
2020-07-07 09:36:26.419 [http-nio-8080-exec-7] INFO  com.submit.config.UserRealm - 执行逻辑授权
2020-07-07 09:36:26.422 [http-nio-8080-exec-7] INFO  com.submit.service.teacherService - 2018-2019-2 2018-2019-2 2018 7 2 2020
2020-07-07 09:36:26.422 [http-nio-8080-exec-7] INFO  com.submit.service.teacherService - 2018-2019-2 2018-2019-2 2018 7 2 2020
2020-07-07 09:36:26.422 [http-nio-8080-exec-7] INFO  com.submit.service.teacherService - 2018-2019-2 2018-2019-2 2018 7 2 2020
2020-07-07 09:36:26.422 [http-nio-8080-exec-7] INFO  com.submit.service.teacherService - 2018-2019-1 2018-2019-1 2018 7 1 2020
2020-07-07 09:36:29.940 [http-nio-8080-exec-1] INFO  com.submit.config.UserRealm - 执行逻辑授权
2020-07-07 09:36:30.035 [http-nio-8080-exec-2] INFO  com.submit.config.UserRealm - 执行逻辑授权
2020-07-07 09:36:30.037 [http-nio-8080-exec-2] INFO  com.submit.controller.teacherUserController - 123456
2020-07-07 09:36:31.301 [http-nio-8080-exec-10] INFO  com.submit.config.UserRealm - 执行逻辑授权
2020-07-07 09:36:34.369 [http-nio-8080-exec-5] INFO  com.submit.config.UserRealm - 执行逻辑授权
2020-07-07 09:36:36.615 [http-nio-8080-exec-6] INFO  com.submit.config.UserRealm - 执行逻辑授权
2020-07-07 09:36:38.498 [http-nio-8080-exec-9] INFO  com.submit.config.UserRealm - 执行逻辑授权
2020-07-07 09:36:38.544 [http-nio-8080-exec-10] INFO  com.submit.config.UserRealm - 执行逻辑授权
2020-07-07 09:36:38.607 [http-nio-8080-exec-10] INFO  com.submit.config.UserRealm - 执行逻辑授权
2020-07-07 09:36:42.320 [http-nio-8080-exec-5] INFO  com.submit.config.UserRealm - 执行逻辑授权
2020-07-07 09:36:42.368 [http-nio-8080-exec-10] INFO  com.submit.config.UserRealm - 执行逻辑授权
2020-07-07 09:37:04.207 [http-nio-8080-exec-2] INFO  com.submit.config.UserRealm - 执行逻辑授权
2020-07-07 09:37:08.691 [http-nio-8080-exec-5] INFO  com.submit.config.UserRealm - 执行逻辑授权
2020-07-07 09:37:08.738 [http-nio-8080-exec-4] INFO  com.submit.config.UserRealm - 执行逻辑授权
2020-07-07 09:37:08.748 [http-nio-8080-exec-2] INFO  com.submit.config.UserRealm - 执行逻辑授权
2020-07-07 09:37:08.805 [http-nio-8080-exec-10] INFO  com.submit.config.UserRealm - 执行逻辑授权
2020-07-07 09:37:12.189 [http-nio-8080-exec-2] INFO  com.submit.config.UserRealm - 执行逻辑授权
2020-07-07 09:37:12.239 [http-nio-8080-exec-4] INFO  com.submit.config.UserRealm - 执行逻辑授权
2020-07-07 09:37:12.298 [http-nio-8080-exec-4] INFO  com.submit.config.UserRealm - 执行逻辑授权
2020-07-07 09:39:53.133 [http-nio-8080-exec-8] INFO  com.submit.config.UserRealm - 执行逻辑授权
2020-07-07 09:41:04.500 [http-nio-8080-exec-1] INFO  com.submit.config.UserRealm - 执行逻辑授权
2020-07-07 09:41:04.592 [http-nio-8080-exec-9] INFO  com.submit.config.UserRealm - 执行逻辑授权
2020-07-07 09:41:07.459 [http-nio-8080-exec-3] INFO  com.submit.config.UserRealm - 执行逻辑授权
2020-07-07 09:41:55.622 [http-nio-8080-exec-4] INFO  com.submit.config.UserRealm - 执行逻辑授权
2020-07-07 09:42:00.257 [http-nio-8080-exec-2] INFO  com.submit.config.UserRealm - 执行逻辑授权
2020-07-07 09:42:03.035 [http-nio-8080-exec-6] INFO  com.submit.config.UserRealm - 执行逻辑授权
2020-07-07 09:42:03.958 [http-nio-8080-exec-5] INFO  com.submit.config.UserRealm - 执行逻辑授权
2020-07-07 09:42:04.003 [http-nio-8080-exec-4] INFO  com.submit.config.UserRealm - 执行逻辑授权
2020-07-07 09:42:04.005 [http-nio-8080-exec-4] INFO  com.submit.service.teacherService - 2018-2019-2 2018-2019-2 2018 7 2 2020
2020-07-07 09:42:04.005 [http-nio-8080-exec-4] INFO  com.submit.service.teacherService - 2018-2019-2 2018-2019-2 2018 7 2 2020
2020-07-07 09:42:04.005 [http-nio-8080-exec-4] INFO  com.submit.service.teacherService - 2018-2019-2 2018-2019-2 2018 7 2 2020
2020-07-07 09:42:04.005 [http-nio-8080-exec-4] INFO  com.submit.service.teacherService - 2018-2019-1 2018-2019-1 2018 7 1 2020
2020-07-07 09:42:04.073 [http-nio-8080-exec-4] INFO  com.submit.config.UserRealm - 执行逻辑授权
2020-07-07 09:42:05.827 [http-nio-8080-exec-1] INFO  com.submit.config.UserRealm - 执行逻辑授权
2020-07-07 09:42:05.875 [http-nio-8080-exec-9] INFO  com.submit.config.UserRealm - 执行逻辑授权
2020-07-07 09:42:05.878 [http-nio-8080-exec-9] INFO  com.submit.service.teacherService - 2018-2019-2 2018-2019-2 2018 7 2 2020
2020-07-07 09:42:05.878 [http-nio-8080-exec-9] INFO  com.submit.service.teacherService - 2018-2019-2 2018-2019-2 2018 7 2 2020
2020-07-07 09:42:05.878 [http-nio-8080-exec-9] INFO  com.submit.service.teacherService - 2018-2019-2 2018-2019-2 2018 7 2 2020
2020-07-07 09:42:05.878 [http-nio-8080-exec-9] INFO  com.submit.service.teacherService - 2018-2019-1 2018-2019-1 2018 7 1 2020
2020-07-07 09:42:05.939 [http-nio-8080-exec-7] INFO  com.submit.config.UserRealm - 执行逻辑授权
2020-07-07 09:42:53.883 [http-nio-8080-exec-4] INFO  com.submit.config.UserRealm - 执行逻辑授权
2020-07-07 09:42:53.935 [http-nio-8080-exec-2] INFO  com.submit.config.UserRealm - 执行逻辑授权
2020-07-07 09:42:53.938 [http-nio-8080-exec-2] INFO  com.submit.service.teacherService - 2018-2019-2 2018-2019-2 2018 7 2 2020
2020-07-07 09:42:53.938 [http-nio-8080-exec-2] INFO  com.submit.service.teacherService - 2018-2019-2 2018-2019-2 2018 7 2 2020
2020-07-07 09:42:53.938 [http-nio-8080-exec-2] INFO  com.submit.service.teacherService - 2018-2019-2 2018-2019-2 2018 7 2 2020
2020-07-07 09:42:53.938 [http-nio-8080-exec-2] INFO  com.submit.service.teacherService - 2018-2019-1 2018-2019-1 2018 7 1 2020
2020-07-07 09:42:53.998 [http-nio-8080-exec-2] INFO  com.submit.config.UserRealm - 执行逻辑授权
2020-07-07 09:42:55.273 [http-nio-8080-exec-7] INFO  com.submit.config.UserRealm - 执行逻辑授权
2020-07-07 09:42:57.355 [http-nio-8080-exec-1] INFO  com.submit.config.UserRealm - 执行逻辑授权
2020-07-07 09:42:57.406 [http-nio-8080-exec-2] INFO  com.submit.config.UserRealm - 执行逻辑授权
2020-07-07 09:42:57.409 [http-nio-8080-exec-2] INFO  com.submit.service.teacherService - 2018-2019-2 2018-2019-2 2018 7 2 2020
2020-07-07 09:42:57.409 [http-nio-8080-exec-2] INFO  com.submit.service.teacherService - 2018-2019-2 2018-2019-2 2018 7 2 2020
2020-07-07 09:42:57.409 [http-nio-8080-exec-2] INFO  com.submit.service.teacherService - 2018-2019-2 2018-2019-2 2018 7 2 2020
2020-07-07 09:42:57.409 [http-nio-8080-exec-2] INFO  com.submit.service.teacherService - 2018-2019-1 2018-2019-1 2018 7 1 2020
2020-07-07 09:42:57.479 [http-nio-8080-exec-2] INFO  com.submit.config.UserRealm - 执行逻辑授权
2020-07-07 09:42:57.819 [http-nio-8080-exec-4] INFO  com.submit.config.UserRealm - 执行逻辑授权
2020-07-07 09:42:57.862 [http-nio-8080-exec-8] INFO  com.submit.config.UserRealm - 执行逻辑授权
2020-07-07 09:42:57.864 [http-nio-8080-exec-8] INFO  com.submit.service.teacherService - 2018-2019-2 2018-2019-2 2018 7 2 2020
2020-07-07 09:42:57.864 [http-nio-8080-exec-8] INFO  com.submit.service.teacherService - 2018-2019-2 2018-2019-2 2018 7 2 2020
2020-07-07 09:42:57.864 [http-nio-8080-exec-8] INFO  com.submit.service.teacherService - 2018-2019-2 2018-2019-2 2018 7 2 2020
2020-07-07 09:42:57.864 [http-nio-8080-exec-8] INFO  com.submit.service.teacherService - 2018-2019-1 2018-2019-1 2018 7 1 2020
2020-07-07 09:42:57.912 [http-nio-8080-exec-8] INFO  com.submit.config.UserRealm - 执行逻辑授权
2020-07-07 09:42:59.055 [http-nio-8080-exec-10] INFO  com.submit.config.UserRealm - 执行逻辑授权
2020-07-07 09:42:59.102 [http-nio-8080-exec-5] INFO  com.submit.config.UserRealm - 执行逻辑授权
2020-07-07 09:42:59.105 [http-nio-8080-exec-5] INFO  com.submit.service.teacherService - 2018-2019-2 2018-2019-2 2018 7 2 2020
2020-07-07 09:42:59.105 [http-nio-8080-exec-5] INFO  com.submit.service.teacherService - 2018-2019-2 2018-2019-2 2018 7 2 2020
2020-07-07 09:42:59.105 [http-nio-8080-exec-5] INFO  com.submit.service.teacherService - 2018-2019-2 2018-2019-2 2018 7 2 2020
2020-07-07 09:42:59.105 [http-nio-8080-exec-5] INFO  com.submit.service.teacherService - 2018-2019-1 2018-2019-1 2018 7 1 2020
2020-07-07 09:43:00.050 [http-nio-8080-exec-5] INFO  com.submit.config.UserRealm - 执行逻辑授权
2020-07-07 09:43:00.097 [http-nio-8080-exec-6] INFO  com.submit.config.UserRealm - 执行逻辑授权
2020-07-07 09:43:00.100 [http-nio-8080-exec-6] INFO  com.submit.service.teacherService - 2018-2019-2 2018-2019-2 2018 7 2 2020
2020-07-07 09:43:00.100 [http-nio-8080-exec-6] INFO  com.submit.service.teacherService - 2018-2019-2 2018-2019-2 2018 7 2 2020
2020-07-07 09:43:00.100 [http-nio-8080-exec-6] INFO  com.submit.service.teacherService - 2018-2019-2 2018-2019-2 2018 7 2 2020
2020-07-07 09:43:00.100 [http-nio-8080-exec-6] INFO  com.submit.service.teacherService - 2018-2019-1 2018-2019-1 2018 7 1 2020
2020-07-07 09:43:00.107 [http-nio-8080-exec-1] INFO  com.submit.config.UserRealm - 执行逻辑授权
2020-07-07 09:43:00.165 [http-nio-8080-exec-3] INFO  com.submit.config.UserRealm - 执行逻辑授权
2020-07-07 09:43:01.388 [http-nio-8080-exec-5] INFO  com.submit.config.UserRealm - 执行逻辑授权
2020-07-07 09:43:01.430 [http-nio-8080-exec-9] INFO  com.submit.config.UserRealm - 执行逻辑授权
2020-07-07 09:43:01.433 [http-nio-8080-exec-9] INFO  com.submit.service.teacherService - 2018-2019-2 2018-2019-2 2018 7 2 2020
2020-07-07 09:43:01.433 [http-nio-8080-exec-9] INFO  com.submit.service.teacherService - 2018-2019-2 2018-2019-2 2018 7 2 2020
2020-07-07 09:43:01.433 [http-nio-8080-exec-9] INFO  com.submit.service.teacherService - 2018-2019-2 2018-2019-2 2018 7 2 2020
2020-07-07 09:43:01.433 [http-nio-8080-exec-9] INFO  com.submit.service.teacherService - 2018-2019-1 2018-2019-1 2018 7 1 2020
2020-07-07 09:43:01.482 [http-nio-8080-exec-10] INFO  com.submit.config.UserRealm - 执行逻辑授权
2020-07-07 09:44:36.627 [http-nio-8080-exec-8] INFO  com.submit.config.UserRealm - 执行逻辑授权
2020-07-07 09:44:37.008 [http-nio-8080-exec-5] INFO  com.submit.config.UserRealm - 执行逻辑授权
2020-07-07 09:44:37.015 [http-nio-8080-exec-5] INFO  com.submit.service.teacherService - 2018-2019-2 2018-2019-2 2018 7 2 2020
2020-07-07 09:44:37.015 [http-nio-8080-exec-5] INFO  com.submit.service.teacherService - 2018-2019-2 2018-2019-2 2018 7 2 2020
2020-07-07 09:44:37.015 [http-nio-8080-exec-5] INFO  com.submit.service.teacherService - 2018-2019-2 2018-2019-2 2018 7 2 2020
2020-07-07 09:44:37.015 [http-nio-8080-exec-5] INFO  com.submit.service.teacherService - 2018-2019-1 2018-2019-1 2018 7 1 2020
2020-07-07 09:44:39.127 [http-nio-8080-exec-5] INFO  com.submit.config.UserRealm - 执行逻辑授权
2020-07-07 09:44:39.185 [http-nio-8080-exec-3] INFO  com.submit.config.UserRealm - 执行逻辑授权
2020-07-07 09:44:39.187 [http-nio-8080-exec-3] INFO  com.submit.service.teacherService - 2018-2019-2 2018-2019-2 2018 7 2 2020
2020-07-07 09:44:39.187 [http-nio-8080-exec-3] INFO  com.submit.service.teacherService - 2018-2019-2 2018-2019-2 2018 7 2 2020
2020-07-07 09:44:39.187 [http-nio-8080-exec-3] INFO  com.submit.service.teacherService - 2018-2019-2 2018-2019-2 2018 7 2 2020
2020-07-07 09:44:39.187 [http-nio-8080-exec-3] INFO  com.submit.service.teacherService - 2018-2019-1 2018-2019-1 2018 7 1 2020
2020-07-07 09:44:40.022 [http-nio-8080-exec-3] INFO  com.submit.config.UserRealm - 执行逻辑授权
2020-07-07 09:44:40.072 [http-nio-8080-exec-10] INFO  com.submit.config.UserRealm - 执行逻辑授权
2020-07-07 09:44:40.074 [http-nio-8080-exec-10] INFO  com.submit.service.teacherService - 2018-2019-2 2018-2019-2 2018 7 2 2020
2020-07-07 09:44:40.074 [http-nio-8080-exec-10] INFO  com.submit.service.teacherService - 2018-2019-2 2018-2019-2 2018 7 2 2020
2020-07-07 09:44:40.074 [http-nio-8080-exec-10] INFO  com.submit.service.teacherService - 2018-2019-2 2018-2019-2 2018 7 2 2020
2020-07-07 09:44:40.074 [http-nio-8080-exec-10] INFO  com.submit.service.teacherService - 2018-2019-1 2018-2019-1 2018 7 1 2020
2020-07-07 09:44:40.083 [http-nio-8080-exec-2] INFO  com.submit.config.UserRealm - 执行逻辑授权
2020-07-07 09:44:40.148 [http-nio-8080-exec-2] INFO  com.submit.config.UserRealm - 执行逻辑授权
2020-07-07 09:44:41.247 [http-nio-8080-exec-6] INFO  com.submit.config.UserRealm - 执行逻辑授权
2020-07-07 09:44:41.294 [http-nio-8080-exec-5] INFO  com.submit.config.UserRealm - 执行逻辑授权
2020-07-07 09:44:41.297 [http-nio-8080-exec-5] INFO  com.submit.service.teacherService - 2018-2019-2 2018-2019-2 2018 7 2 2020
2020-07-07 09:44:41.297 [http-nio-8080-exec-5] INFO  com.submit.service.teacherService - 2018-2019-2 2018-2019-2 2018 7 2 2020
2020-07-07 09:44:41.297 [http-nio-8080-exec-5] INFO  com.submit.service.teacherService - 2018-2019-2 2018-2019-2 2018 7 2 2020
2020-07-07 09:44:41.297 [http-nio-8080-exec-5] INFO  com.submit.service.teacherService - 2018-2019-1 2018-2019-1 2018 7 1 2020
2020-07-07 09:44:41.344 [http-nio-8080-exec-7] INFO  com.submit.config.UserRealm - 执行逻辑授权
2020-07-07 09:44:43.847 [http-nio-8080-exec-10] INFO  com.submit.config.UserRealm - 执行逻辑授权
2020-07-07 09:44:43.894 [http-nio-8080-exec-7] INFO  com.submit.config.UserRealm - 执行逻辑授权
2020-07-07 09:44:43.897 [http-nio-8080-exec-7] INFO  com.submit.service.teacherService - 2018-2019-2 2018-2019-2 2018 7 2 2020
2020-07-07 09:44:43.897 [http-nio-8080-exec-7] INFO  com.submit.service.teacherService - 2018-2019-2 2018-2019-2 2018 7 2 2020
2020-07-07 09:44:43.897 [http-nio-8080-exec-7] INFO  com.submit.service.teacherService - 2018-2019-2 2018-2019-2 2018 7 2 2020
2020-07-07 09:44:43.897 [http-nio-8080-exec-7] INFO  com.submit.service.teacherService - 2018-2019-1 2018-2019-1 2018 7 1 2020
2020-07-07 09:44:43.905 [http-nio-8080-exec-5] INFO  com.submit.config.UserRealm - 执行逻辑授权
2020-07-07 09:44:43.960 [http-nio-8080-exec-7] INFO  com.submit.config.UserRealm - 执行逻辑授权
2020-07-07 09:44:45.609 [http-nio-8080-exec-10] INFO  com.submit.config.UserRealm - 执行逻辑授权
2020-07-07 09:44:45.652 [http-nio-8080-exec-9] INFO  com.submit.config.UserRealm - 执行逻辑授权
2020-07-07 09:44:45.654 [http-nio-8080-exec-9] INFO  com.submit.service.teacherService - 2018-2019-2 2018-2019-2 2018 7 2 2020
2020-07-07 09:44:45.654 [http-nio-8080-exec-9] INFO  com.submit.service.teacherService - 2018-2019-2 2018-2019-2 2018 7 2 2020
2020-07-07 09:44:45.654 [http-nio-8080-exec-9] INFO  com.submit.service.teacherService - 2018-2019-2 2018-2019-2 2018 7 2 2020
2020-07-07 09:44:45.655 [http-nio-8080-exec-9] INFO  com.submit.service.teacherService - 2018-2019-1 2018-2019-1 2018 7 1 2020
2020-07-07 09:44:45.710 [http-nio-8080-exec-9] INFO  com.submit.config.UserRealm - 执行逻辑授权
2020-07-07 10:36:31.249 [http-nio-8080-exec-1] INFO  com.submit.config.UserRealm - 执行逻辑授权
2020-07-07 10:36:33.195 [http-nio-8080-exec-3] INFO  com.submit.config.UserRealm - 执行逻辑授权
2020-07-07 10:36:33.242 [http-nio-8080-exec-6] INFO  com.submit.config.UserRealm - 执行逻辑授权
2020-07-07 10:36:33.244 [http-nio-8080-exec-6] INFO  com.submit.service.teacherService - 2018-2019-2 2018-2019-2 2018 7 2 2020
2020-07-07 10:36:33.244 [http-nio-8080-exec-6] INFO  com.submit.service.teacherService - 2018-2019-2 2018-2019-2 2018 7 2 2020
2020-07-07 10:36:33.244 [http-nio-8080-exec-6] INFO  com.submit.service.teacherService - 2018-2019-2 2018-2019-2 2018 7 2 2020
2020-07-07 10:36:33.244 [http-nio-8080-exec-6] INFO  com.submit.service.teacherService - 2018-2019-1 2018-2019-1 2018 7 1 2020
2020-07-07 10:36:33.302 [http-nio-8080-exec-7] INFO  com.submit.config.UserRealm - 执行逻辑授权
2020-07-07 10:37:58.136 [http-nio-8080-exec-1] INFO  com.submit.config.UserRealm - 执行逻辑授权
2020-07-07 10:37:58.183 [http-nio-8080-exec-4] INFO  com.submit.config.UserRealm - 执行逻辑授权
2020-07-07 10:37:58.192 [http-nio-8080-exec-4] INFO  com.submit.service.teacherService - 2018-2019-2 2018-2019-2 2018 7 2 2020
2020-07-07 10:37:58.192 [http-nio-8080-exec-4] INFO  com.submit.service.teacherService - 2018-2019-2 2018-2019-2 2018 7 2 2020
2020-07-07 10:37:58.193 [http-nio-8080-exec-4] INFO  com.submit.service.teacherService - 2018-2019-2 2018-2019-2 2018 7 2 2020
2020-07-07 10:37:58.193 [http-nio-8080-exec-4] INFO  com.submit.service.teacherService - 2018-2019-1 2018-2019-1 2018 7 1 2020
2020-07-07 10:37:58.251 [http-nio-8080-exec-8] INFO  com.submit.config.UserRealm - 执行逻辑授权
2020-07-07 10:38:07.549 [http-nio-8080-exec-4] INFO  com.submit.config.UserRealm - 执行逻辑授权
2020-07-07 10:38:07.595 [http-nio-8080-exec-3] INFO  com.submit.config.UserRealm - 执行逻辑授权
2020-07-07 10:38:07.599 [http-nio-8080-exec-3] INFO  com.submit.service.teacherService - 2018-2019-2 2018-2019-2 2018 7 2 2020
2020-07-07 10:38:07.599 [http-nio-8080-exec-3] INFO  com.submit.service.teacherService - 2018-2019-2 2018-2019-2 2018 7 2 2020
2020-07-07 10:38:07.599 [http-nio-8080-exec-3] INFO  com.submit.service.teacherService - 2018-2019-2 2018-2019-2 2018 7 2 2020
2020-07-07 10:38:07.599 [http-nio-8080-exec-3] INFO  com.submit.service.teacherService - 2018-2019-1 2018-2019-1 2018 7 1 2020
2020-07-07 10:38:07.653 [http-nio-8080-exec-9] INFO  com.submit.config.UserRealm - 执行逻辑授权
2020-07-07 10:38:08.766 [http-nio-8080-exec-10] INFO  com.submit.config.UserRealm - 执行逻辑授权
2020-07-07 10:38:08.814 [http-nio-8080-exec-9] INFO  com.submit.config.UserRealm - 执行逻辑授权
2020-07-07 10:38:08.817 [http-nio-8080-exec-9] INFO  com.submit.service.teacherService - 2018-2019-2 2018-2019-2 2018 7 2 2020
2020-07-07 10:38:08.817 [http-nio-8080-exec-9] INFO  com.submit.service.teacherService - 2018-2019-2 2018-2019-2 2018 7 2 2020
2020-07-07 10:38:08.817 [http-nio-8080-exec-9] INFO  com.submit.service.teacherService - 2018-2019-2 2018-2019-2 2018 7 2 2020
2020-07-07 10:38:08.817 [http-nio-8080-exec-9] INFO  com.submit.service.teacherService - 2018-2019-1 2018-2019-1 2018 7 1 2020
2020-07-07 10:38:09.552 [http-nio-8080-exec-9] INFO  com.submit.config.UserRealm - 执行逻辑授权
2020-07-07 10:38:09.602 [http-nio-8080-exec-7] INFO  com.submit.config.UserRealm - 执行逻辑授权
2020-07-07 10:38:09.604 [http-nio-8080-exec-7] INFO  com.submit.service.teacherService - 2018-2019-2 2018-2019-2 2018 7 2 2020
2020-07-07 10:38:09.604 [http-nio-8080-exec-7] INFO  com.submit.service.teacherService - 2018-2019-2 2018-2019-2 2018 7 2 2020
2020-07-07 10:38:09.604 [http-nio-8080-exec-7] INFO  com.submit.service.teacherService - 2018-2019-2 2018-2019-2 2018 7 2 2020
2020-07-07 10:38:09.605 [http-nio-8080-exec-7] INFO  com.submit.service.teacherService - 2018-2019-1 2018-2019-1 2018 7 1 2020
2020-07-07 10:38:09.612 [http-nio-8080-exec-1] INFO  com.submit.config.UserRealm - 执行逻辑授权
2020-07-07 10:38:09.670 [http-nio-8080-exec-7] INFO  com.submit.config.UserRealm - 执行逻辑授权
2020-07-07 10:38:11.041 [http-nio-8080-exec-9] INFO  com.submit.config.UserRealm - 执行逻辑授权
2020-07-07 10:38:11.085 [http-nio-8080-exec-8] INFO  com.submit.config.UserRealm - 执行逻辑授权
2020-07-07 10:38:11.086 [http-nio-8080-exec-8] INFO  com.submit.service.teacherService - 2018-2019-2 2018-2019-2 2018 7 2 2020
2020-07-07 10:38:11.086 [http-nio-8080-exec-8] INFO  com.submit.service.teacherService - 2018-2019-2 2018-2019-2 2018 7 2 2020
2020-07-07 10:38:11.086 [http-nio-8080-exec-8] INFO  com.submit.service.teacherService - 2018-2019-2 2018-2019-2 2018 7 2 2020
2020-07-07 10:38:11.086 [http-nio-8080-exec-8] INFO  com.submit.service.teacherService - 2018-2019-1 2018-2019-1 2018 7 1 2020
2020-07-07 10:38:11.141 [http-nio-8080-exec-8] INFO  com.submit.config.UserRealm - 执行逻辑授权
2020-07-07 10:38:14.847 [http-nio-8080-exec-7] INFO  com.submit.config.UserRealm - 执行逻辑授权
2020-07-07 10:38:14.899 [http-nio-8080-exec-6] INFO  com.submit.config.UserRealm - 执行逻辑授权
2020-07-07 10:38:14.902 [http-nio-8080-exec-6] INFO  com.submit.service.teacherService - 2018-2019-2 2018-2019-2 2018 7 2 2020
2020-07-07 10:38:14.902 [http-nio-8080-exec-6] INFO  com.submit.service.teacherService - 2018-2019-2 2018-2019-2 2018 7 2 2020
2020-07-07 10:38:14.902 [http-nio-8080-exec-6] INFO  com.submit.service.teacherService - 2018-2019-2 2018-2019-2 2018 7 2 2020
2020-07-07 10:38:14.902 [http-nio-8080-exec-6] INFO  com.submit.service.teacherService - 2018-2019-1 2018-2019-1 2018 7 1 2020
2020-07-07 10:38:17.556 [http-nio-8080-exec-6] INFO  com.submit.config.UserRealm - 执行逻辑授权
2020-07-07 10:38:17.604 [http-nio-8080-exec-1] INFO  com.submit.config.UserRealm - 执行逻辑授权
2020-07-07 10:38:17.607 [http-nio-8080-exec-1] INFO  com.submit.service.teacherService - 2018-2019-2 2018-2019-2 2018 7 2 2020
2020-07-07 10:38:17.607 [http-nio-8080-exec-1] INFO  com.submit.service.teacherService - 2018-2019-2 2018-2019-2 2018 7 2 2020
2020-07-07 10:38:17.607 [http-nio-8080-exec-1] INFO  com.submit.service.teacherService - 2018-2019-2 2018-2019-2 2018 7 2 2020
2020-07-07 10:38:17.607 [http-nio-8080-exec-1] INFO  com.submit.service.teacherService - 2018-2019-1 2018-2019-1 2018 7 1 2020
2020-07-07 10:38:17.664 [http-nio-8080-exec-1] INFO  com.submit.config.UserRealm - 执行逻辑授权
2020-07-07 10:38:20.136 [http-nio-8080-exec-10] INFO  com.submit.config.UserRealm - 执行逻辑授权
2020-07-07 10:38:23.685 [http-nio-8080-exec-8] INFO  com.submit.config.UserRealm - 执行逻辑授权
2020-07-07 10:38:23.732 [http-nio-8080-exec-1] INFO  com.submit.config.UserRealm - 执行逻辑授权
2020-07-07 10:38:23.734 [http-nio-8080-exec-1] INFO  com.submit.service.teacherService - 2018-2019-2 2018-2019-2 2018 7 2 2020
2020-07-07 10:38:23.734 [http-nio-8080-exec-1] INFO  com.submit.service.teacherService - 2018-2019-2 2018-2019-2 2018 7 2 2020
2020-07-07 10:38:23.734 [http-nio-8080-exec-1] INFO  com.submit.service.teacherService - 2018-2019-2 2018-2019-2 2018 7 2 2020
2020-07-07 10:38:23.734 [http-nio-8080-exec-1] INFO  com.submit.service.teacherService - 2018-2019-1 2018-2019-1 2018 7 1 2020
2020-07-07 10:38:23.792 [http-nio-8080-exec-9] INFO  com.submit.config.UserRealm - 执行逻辑授权
2020-07-07 10:39:37.141 [http-nio-8080-exec-6] INFO  com.submit.config.UserRealm - 执行逻辑授权
2020-07-07 10:39:37.190 [http-nio-8080-exec-4] INFO  com.submit.config.UserRealm - 执行逻辑授权
2020-07-07 10:39:37.200 [http-nio-8080-exec-4] INFO  com.submit.service.teacherService - 2018-2019-2 2018-2019-2 2018 7 2 2020
2020-07-07 10:39:37.201 [http-nio-8080-exec-4] INFO  com.submit.service.teacherService - 2018-2019-2 2018-2019-2 2018 7 2 2020
2020-07-07 10:39:37.201 [http-nio-8080-exec-4] INFO  com.submit.service.teacherService - 2018-2019-2 2018-2019-2 2018 7 2 2020
2020-07-07 10:39:37.201 [http-nio-8080-exec-4] INFO  com.submit.service.teacherService - 2018-2019-1 2018-2019-1 2018 7 1 2020
2020-07-07 10:39:37.257 [http-nio-8080-exec-4] INFO  com.submit.config.UserRealm - 执行逻辑授权
2020-07-07 10:39:38.519 [http-nio-8080-exec-10] INFO  com.submit.config.UserRealm - 执行逻辑授权
2020-07-07 10:39:38.562 [http-nio-8080-exec-5] INFO  com.submit.config.UserRealm - 执行逻辑授权
2020-07-07 10:39:38.567 [http-nio-8080-exec-5] INFO  com.submit.service.teacherService - 2018-2019-2 2018-2019-2 2018 7 2 2020
2020-07-07 10:39:38.567 [http-nio-8080-exec-5] INFO  com.submit.service.teacherService - 2018-2019-2 2018-2019-2 2018 7 2 2020
2020-07-07 10:39:38.567 [http-nio-8080-exec-5] INFO  com.submit.service.teacherService - 2018-2019-2 2018-2019-2 2018 7 2 2020
2020-07-07 10:39:38.567 [http-nio-8080-exec-5] INFO  com.submit.service.teacherService - 2018-2019-1 2018-2019-1 2018 7 1 2020
2020-07-07 10:39:38.625 [http-nio-8080-exec-5] INFO  com.submit.config.UserRealm - 执行逻辑授权
2020-07-07 10:39:39.687 [http-nio-8080-exec-8] INFO  com.submit.config.UserRealm - 执行逻辑授权
2020-07-07 10:39:41.568 [http-nio-8080-exec-4] INFO  com.submit.config.UserRealm - 执行逻辑授权
2020-07-07 10:39:42.167 [http-nio-8080-exec-2] INFO  com.submit.config.UserRealm - 执行逻辑授权
2020-07-07 10:39:42.218 [http-nio-8080-exec-5] INFO  com.submit.config.UserRealm - 执行逻辑授权
2020-07-07 10:39:42.220 [http-nio-8080-exec-5] INFO  com.submit.service.teacherService - 2018-2019-2 2018-2019-2 2018 7 2 2020
2020-07-07 10:39:42.220 [http-nio-8080-exec-5] INFO  com.submit.service.teacherService - 2018-2019-2 2018-2019-2 2018 7 2 2020
2020-07-07 10:39:42.220 [http-nio-8080-exec-5] INFO  com.submit.service.teacherService - 2018-2019-2 2018-2019-2 2018 7 2 2020
2020-07-07 10:39:42.220 [http-nio-8080-exec-5] INFO  com.submit.service.teacherService - 2018-2019-1 2018-2019-1 2018 7 1 2020
2020-07-07 10:39:42.275 [http-nio-8080-exec-3] INFO  com.submit.config.UserRealm - 执行逻辑授权
2020-07-07 10:39:44.206 [http-nio-8080-exec-9] INFO  com.submit.config.UserRealm - 执行逻辑授权
2020-07-07 10:39:44.244 [http-nio-8080-exec-6] INFO  com.submit.config.UserRealm - 执行逻辑授权
2020-07-07 10:39:44.247 [http-nio-8080-exec-6] INFO  com.submit.service.teacherService - 2018-2019-2 2018-2019-2 2018 7 2 2020
2020-07-07 10:39:44.247 [http-nio-8080-exec-6] INFO  com.submit.service.teacherService - 2018-2019-2 2018-2019-2 2018 7 2 2020
2020-07-07 10:39:44.247 [http-nio-8080-exec-6] INFO  com.submit.service.teacherService - 2018-2019-2 2018-2019-2 2018 7 2 2020
2020-07-07 10:39:44.247 [http-nio-8080-exec-6] INFO  com.submit.service.teacherService - 2018-2019-1 2018-2019-1 2018 7 1 2020
2020-07-07 10:39:44.298 [http-nio-8080-exec-6] INFO  com.submit.config.UserRealm - 执行逻辑授权
2020-07-07 10:39:45.363 [http-nio-8080-exec-3] INFO  com.submit.config.UserRealm - 执行逻辑授权
2020-07-07 10:39:45.408 [http-nio-8080-exec-8] INFO  com.submit.config.UserRealm - 执行逻辑授权
2020-07-07 10:39:45.410 [http-nio-8080-exec-8] INFO  com.submit.service.teacherService - 2018-2019-2 2018-2019-2 2018 7 2 2020
2020-07-07 10:39:45.410 [http-nio-8080-exec-8] INFO  com.submit.service.teacherService - 2018-2019-2 2018-2019-2 2018 7 2 2020
2020-07-07 10:39:45.410 [http-nio-8080-exec-8] INFO  com.submit.service.teacherService - 2018-2019-2 2018-2019-2 2018 7 2 2020
2020-07-07 10:39:45.410 [http-nio-8080-exec-8] INFO  com.submit.service.teacherService - 2018-2019-1 2018-2019-1 2018 7 1 2020
2020-07-07 10:39:45.419 [http-nio-8080-exec-7] INFO  com.submit.config.UserRealm - 执行逻辑授权
2020-07-07 10:39:45.477 [http-nio-8080-exec-8] INFO  com.submit.config.UserRealm - 执行逻辑授权
2020-07-07 10:39:46.063 [http-nio-8080-exec-3] INFO  com.submit.config.UserRealm - 执行逻辑授权
2020-07-07 10:39:46.105 [http-nio-8080-exec-8] INFO  com.submit.config.UserRealm - 执行逻辑授权
2020-07-07 10:39:46.107 [http-nio-8080-exec-8] INFO  com.submit.service.teacherService - 2018-2019-2 2018-2019-2 2018 7 2 2020
2020-07-07 10:39:46.107 [http-nio-8080-exec-8] INFO  com.submit.service.teacherService - 2018-2019-2 2018-2019-2 2018 7 2 2020
2020-07-07 10:39:46.108 [http-nio-8080-exec-8] INFO  com.submit.service.teacherService - 2018-2019-2 2018-2019-2 2018 7 2 2020
2020-07-07 10:39:46.108 [http-nio-8080-exec-8] INFO  com.submit.service.teacherService - 2018-2019-1 2018-2019-1 2018 7 1 2020
2020-07-07 10:39:47.141 [http-nio-8080-exec-8] INFO  com.submit.config.UserRealm - 执行逻辑授权
2020-07-07 10:39:47.191 [http-nio-8080-exec-4] INFO  com.submit.config.UserRealm - 执行逻辑授权
2020-07-07 10:39:47.194 [http-nio-8080-exec-4] INFO  com.submit.service.teacherService - 2018-2019-2 2018-2019-2 2018 7 2 2020
2020-07-07 10:39:47.194 [http-nio-8080-exec-4] INFO  com.submit.service.teacherService - 2018-2019-2 2018-2019-2 2018 7 2 2020
2020-07-07 10:39:47.194 [http-nio-8080-exec-4] INFO  com.submit.service.teacherService - 2018-2019-2 2018-2019-2 2018 7 2 2020
2020-07-07 10:39:47.194 [http-nio-8080-exec-4] INFO  com.submit.service.teacherService - 2018-2019-1 2018-2019-1 2018 7 1 2020
2020-07-07 10:39:47.204 [http-nio-8080-exec-6] INFO  com.submit.config.UserRealm - 执行逻辑授权
2020-07-07 10:39:47.255 [http-nio-8080-exec-6] INFO  com.submit.config.UserRealm - 执行逻辑授权
2020-07-07 10:39:51.862 [http-nio-8080-exec-8] INFO  com.submit.config.UserRealm - 执行逻辑授权
2020-07-07 10:39:51.912 [http-nio-8080-exec-4] INFO  com.submit.config.UserRealm - 执行逻辑授权
2020-07-07 10:39:51.914 [http-nio-8080-exec-4] INFO  com.submit.service.teacherService - 2018-2019-2 2018-2019-2 2018 7 2 2020
2020-07-07 10:39:51.914 [http-nio-8080-exec-4] INFO  com.submit.service.teacherService - 2018-2019-2 2018-2019-2 2018 7 2 2020
2020-07-07 10:39:51.914 [http-nio-8080-exec-4] INFO  com.submit.service.teacherService - 2018-2019-2 2018-2019-2 2018 7 2 2020
2020-07-07 10:39:51.914 [http-nio-8080-exec-4] INFO  com.submit.service.teacherService - 2018-2019-1 2018-2019-1 2018 7 1 2020
2020-07-07 10:39:53.200 [http-nio-8080-exec-4] INFO  com.submit.config.UserRealm - 执行逻辑授权
2020-07-07 10:39:54.386 [http-nio-8080-exec-3] INFO  com.submit.config.UserRealm - 执行逻辑授权
2020-07-07 10:39:54.431 [http-nio-8080-exec-6] INFO  com.submit.config.UserRealm - 执行逻辑授权
2020-07-07 10:39:54.433 [http-nio-8080-exec-6] INFO  com.submit.service.teacherService - 2018-2019-2 2018-2019-2 2018 7 2 2020
2020-07-07 10:39:54.433 [http-nio-8080-exec-6] INFO  com.submit.service.teacherService - 2018-2019-2 2018-2019-2 2018 7 2 2020
2020-07-07 10:39:54.433 [http-nio-8080-exec-6] INFO  com.submit.service.teacherService - 2018-2019-2 2018-2019-2 2018 7 2 2020
2020-07-07 10:39:54.433 [http-nio-8080-exec-6] INFO  com.submit.service.teacherService - 2018-2019-1 2018-2019-1 2018 7 1 2020
2020-07-07 10:39:54.441 [http-nio-8080-exec-3] INFO  com.submit.config.UserRealm - 执行逻辑授权
2020-07-07 10:39:54.504 [http-nio-8080-exec-7] INFO  com.submit.config.UserRealm - 执行逻辑授权
2020-07-07 10:39:55.140 [http-nio-8080-exec-3] INFO  com.submit.config.UserRealm - 执行逻辑授权
2020-07-07 10:39:55.185 [http-nio-8080-exec-2] INFO  com.submit.config.UserRealm - 执行逻辑授权
2020-07-07 10:39:55.187 [http-nio-8080-exec-2] INFO  com.submit.service.teacherService - 2018-2019-2 2018-2019-2 2018 7 2 2020
2020-07-07 10:39:55.187 [http-nio-8080-exec-2] INFO  com.submit.service.teacherService - 2018-2019-2 2018-2019-2 2018 7 2 2020
2020-07-07 10:39:55.187 [http-nio-8080-exec-2] INFO  com.submit.service.teacherService - 2018-2019-2 2018-2019-2 2018 7 2 2020
2020-07-07 10:39:55.187 [http-nio-8080-exec-2] INFO  com.submit.service.teacherService - 2018-2019-1 2018-2019-1 2018 7 1 2020
2020-07-07 10:39:55.240 [http-nio-8080-exec-2] INFO  com.submit.config.UserRealm - 执行逻辑授权
2020-07-07 10:39:58.136 [http-nio-8080-exec-6] INFO  com.submit.config.UserRealm - 执行逻辑授权
2020-07-07 10:40:01.321 [http-nio-8080-exec-8] INFO  com.submit.config.UserRealm - 执行逻辑授权
2020-07-07 10:40:01.417 [http-nio-8080-exec-6] INFO  com.submit.config.UserRealm - 执行逻辑授权
2020-07-07 10:40:01.418 [http-nio-8080-exec-6] INFO  com.submit.controller.teacherUserController - 123456
2020-07-07 10:40:06.479 [http-nio-8080-exec-2] INFO  com.submit.config.UserRealm - 执行逻辑授权
2020-07-07 10:40:06.829 [http-nio-8080-exec-4] INFO  com.submit.config.UserRealm - 执行逻辑授权
2020-07-07 10:40:09.742 [http-nio-8080-exec-1] INFO  com.submit.config.UserRealm - 执行逻辑授权
2020-07-07 10:41:57.674 [http-nio-8080-exec-2] INFO  com.submit.config.UserRealm - 执行逻辑授权
2020-07-07 10:41:59.204 [http-nio-8080-exec-6] INFO  com.submit.config.UserRealm - 执行逻辑授权
2020-07-07 10:41:59.252 [http-nio-8080-exec-5] INFO  com.submit.config.UserRealm - 执行逻辑授权
2020-07-07 10:41:59.261 [http-nio-8080-exec-5] INFO  com.submit.service.teacherService - 2018-2019-2 2018-2019-2 2018 7 2 2020
2020-07-07 10:41:59.261 [http-nio-8080-exec-5] INFO  com.submit.service.teacherService - 2018-2019-2 2018-2019-2 2018 7 2 2020
2020-07-07 10:41:59.261 [http-nio-8080-exec-5] INFO  com.submit.service.teacherService - 2018-2019-2 2018-2019-2 2018 7 2 2020
2020-07-07 10:41:59.261 [http-nio-8080-exec-5] INFO  com.submit.service.teacherService - 2018-2019-1 2018-2019-1 2018 7 1 2020
2020-07-07 10:41:59.325 [http-nio-8080-exec-9] INFO  com.submit.config.UserRealm - 执行逻辑授权
2020-07-07 10:42:09.175 [http-nio-8080-exec-10] INFO  com.submit.config.UserRealm - 执行逻辑授权
2020-07-07 10:42:09.220 [http-nio-8080-exec-1] INFO  com.submit.config.UserRealm - 执行逻辑授权
2020-07-07 10:42:09.222 [http-nio-8080-exec-1] INFO  com.submit.service.teacherService - 2018-2019-2 2018-2019-2 2018 7 2 2020
2020-07-07 10:42:09.222 [http-nio-8080-exec-1] INFO  com.submit.service.teacherService - 2018-2019-2 2018-2019-2 2018 7 2 2020
2020-07-07 10:42:09.222 [http-nio-8080-exec-1] INFO  com.submit.service.teacherService - 2018-2019-2 2018-2019-2 2018 7 2 2020
2020-07-07 10:42:09.222 [http-nio-8080-exec-1] INFO  com.submit.service.teacherService - 2018-2019-1 2018-2019-1 2018 7 1 2020
2020-07-07 10:42:09.281 [http-nio-8080-exec-1] INFO  com.submit.config.UserRealm - 执行逻辑授权
2020-07-07 10:42:21.086 [http-nio-8080-exec-6] INFO  com.submit.config.UserRealm - 执行逻辑授权
2020-07-07 10:42:22.203 [http-nio-8080-exec-7] INFO  com.submit.config.UserRealm - 执行逻辑授权
2020-07-07 10:42:24.527 [http-nio-8080-exec-7] INFO  com.submit.config.UserRealm - 执行逻辑授权
2020-07-07 10:42:25.577 [http-nio-8080-exec-6] INFO  com.submit.config.UserRealm - 执行逻辑授权
2020-07-07 10:42:27.326 [http-nio-8080-exec-9] INFO  com.submit.config.UserRealm - 执行逻辑授权
2020-07-07 10:42:31.465 [http-nio-8080-exec-7] INFO  com.submit.config.UserRealm - 执行逻辑授权
2020-07-07 10:42:32.538 [http-nio-8080-exec-4] INFO  com.submit.config.UserRealm - 执行逻辑授权
2020-07-07 10:42:41.251 [http-nio-8080-exec-9] INFO  com.submit.controller.fileController - 回话操作 2 2020-7-15
2020-07-07 10:42:41.251 [http-nio-8080-exec-9] INFO  com.submit.controller.fileController - Web applications development using JSP & Servlet 19090177a-1
2020-07-07 10:42:41.252 [http-nio-8080-exec-9] INFO  com.submit.controller.fileController - C:\Users\GYN\AppData\Local\Temp\tomcat-docbase.3405727507076271244.8080\fileget\2\6\
2020-07-07 10:42:42.404 [http-nio-8080-exec-4] INFO  com.submit.config.UserRealm - 执行逻辑授权
