2020-07-09 14:03:25.719 [restartedMain] INFO  com.submit.WorkuploadApplication - Starting WorkuploadApplication on PC-20200229JKVB with PID 12028 (started by GYN in D:\软件\程序设计\作业\workupload\workupload)
2020-07-09 14:03:25.726 [restartedMain] INFO  com.submit.WorkuploadApplication - The following profiles are active: upload
2020-07-09 14:03:25.832 [restartedMain] INFO  o.s.b.d.env.DevToolsPropertyDefaultsPostProcessor - Devtools property defaults active! Set 'spring.devtools.add-properties' to 'false' to disable
2020-07-09 14:03:25.832 [restartedMain] INFO  o.s.b.d.env.DevToolsPropertyDefaultsPostProcessor - For additional web related logging consider setting the 'logging.level.web' property to 'DEBUG'
2020-07-09 14:03:27.069 [restartedMain] INFO  o.s.c.s.PostProcessorRegistrationDelegate$BeanPostProcessorChecker - Bean 'shiroConfig' of type [com.submit.config.ShiroConfig$$EnhancerBySpringCGLIB$$fc20fbd6] is not eligible for getting processed by all BeanPostProcessors (for example: not eligible for auto-proxying)
2020-07-09 14:03:27.080 [restartedMain] INFO  o.s.c.s.PostProcessorRegistrationDelegate$BeanPostProcessorChecker - Bean 'org.springframework.transaction.annotation.ProxyTransactionManagementConfiguration' of type [org.springframework.transaction.annotation.ProxyTransactionManagementConfiguration$$EnhancerBySpringCGLIB$$700f7741] is not eligible for getting processed by all BeanPostProcessors (for example: not eligible for auto-proxying)
2020-07-09 14:03:27.145 [restartedMain] INFO  o.s.c.s.PostProcessorRegistrationDelegate$BeanPostProcessorChecker - Bean 'mybatis-org.mybatis.spring.boot.autoconfigure.MybatisProperties' of type [org.mybatis.spring.boot.autoconfigure.MybatisProperties] is not eligible for getting processed by all BeanPostProcessors (for example: not eligible for auto-proxying)
2020-07-09 14:03:27.152 [restartedMain] INFO  o.s.c.s.PostProcessorRegistrationDelegate$BeanPostProcessorChecker - Bean 'org.mybatis.spring.boot.autoconfigure.MybatisAutoConfiguration' of type [org.mybatis.spring.boot.autoconfigure.MybatisAutoConfiguration$$EnhancerBySpringCGLIB$$a2e3c871] is not eligible for getting processed by all BeanPostProcessors (for example: not eligible for auto-proxying)
2020-07-09 14:03:27.162 [restartedMain] INFO  o.s.c.s.PostProcessorRegistrationDelegate$BeanPostProcessorChecker - Bean 'druidConfig' of type [com.submit.config.DruidConfig$$EnhancerBySpringCGLIB$$50c75f47] is not eligible for getting processed by all BeanPostProcessors (for example: not eligible for auto-proxying)
2020-07-09 14:03:27.243 [restartedMain] INFO  o.s.c.s.PostProcessorRegistrationDelegate$BeanPostProcessorChecker - Bean 'dataSource' of type [com.alibaba.druid.pool.DruidDataSource] is not eligible for getting processed by all BeanPostProcessors (for example: not eligible for auto-proxying)
2020-07-09 14:03:27.264 [restartedMain] INFO  o.s.c.s.PostProcessorRegistrationDelegate$BeanPostProcessorChecker - Bean 'spring.datasource-org.springframework.boot.autoconfigure.jdbc.DataSourceProperties' of type [org.springframework.boot.autoconfigure.jdbc.DataSourceProperties] is not eligible for getting processed by all BeanPostProcessors (for example: not eligible for auto-proxying)
2020-07-09 14:03:27.269 [restartedMain] INFO  o.s.c.s.PostProcessorRegistrationDelegate$BeanPostProcessorChecker - Bean 'org.springframework.boot.autoconfigure.jdbc.DataSourceInitializerInvoker' of type [org.springframework.boot.autoconfigure.jdbc.DataSourceInitializerInvoker] is not eligible for getting processed by all BeanPostProcessors (for example: not eligible for auto-proxying)
2020-07-09 14:03:27.669 [restartedMain] INFO  o.s.c.s.PostProcessorRegistrationDelegate$BeanPostProcessorChecker - Bean 'sqlSessionFactory' of type [org.apache.ibatis.session.defaults.DefaultSqlSessionFactory] is not eligible for getting processed by all BeanPostProcessors (for example: not eligible for auto-proxying)
2020-07-09 14:03:27.675 [restartedMain] INFO  o.s.c.s.PostProcessorRegistrationDelegate$BeanPostProcessorChecker - Bean 'sqlSessionTemplate' of type [org.mybatis.spring.SqlSessionTemplate] is not eligible for getting processed by all BeanPostProcessors (for example: not eligible for auto-proxying)
2020-07-09 14:03:27.677 [restartedMain] INFO  o.s.c.s.PostProcessorRegistrationDelegate$BeanPostProcessorChecker - Bean 'studentMapper' of type [org.mybatis.spring.mapper.MapperFactoryBean] is not eligible for getting processed by all BeanPostProcessors (for example: not eligible for auto-proxying)
2020-07-09 14:03:27.679 [restartedMain] INFO  o.s.c.s.PostProcessorRegistrationDelegate$BeanPostProcessorChecker - Bean 'studentMapper' of type [com.sun.proxy.$Proxy63] is not eligible for getting processed by all BeanPostProcessors (for example: not eligible for auto-proxying)
2020-07-09 14:03:27.684 [restartedMain] INFO  o.s.c.s.PostProcessorRegistrationDelegate$BeanPostProcessorChecker - Bean 'teacherMapper' of type [org.mybatis.spring.mapper.MapperFactoryBean] is not eligible for getting processed by all BeanPostProcessors (for example: not eligible for auto-proxying)
2020-07-09 14:03:27.689 [restartedMain] INFO  o.s.c.s.PostProcessorRegistrationDelegate$BeanPostProcessorChecker - Bean 'teacherMapper' of type [com.sun.proxy.$Proxy65] is not eligible for getting processed by all BeanPostProcessors (for example: not eligible for auto-proxying)
2020-07-09 14:03:27.691 [restartedMain] INFO  o.s.c.s.PostProcessorRegistrationDelegate$BeanPostProcessorChecker - Bean 'userRealm' of type [com.submit.config.UserRealm] is not eligible for getting processed by all BeanPostProcessors (for example: not eligible for auto-proxying)
2020-07-09 14:03:28.316 [restartedMain] INFO  o.s.c.s.PostProcessorRegistrationDelegate$BeanPostProcessorChecker - Bean 'securityManager' of type [org.apache.shiro.web.mgt.DefaultWebSecurityManager] is not eligible for getting processed by all BeanPostProcessors (for example: not eligible for auto-proxying)
2020-07-09 14:03:28.868 [restartedMain] INFO  o.s.boot.web.embedded.tomcat.TomcatWebServer - Tomcat initialized with port(s): 8080 (http)
2020-07-09 14:03:28.895 [restartedMain] INFO  org.apache.coyote.http11.Http11NioProtocol - Initializing ProtocolHandler ["http-nio-8080"]
2020-07-09 14:03:28.906 [restartedMain] INFO  org.apache.catalina.core.StandardService - Starting service [Tomcat]
2020-07-09 14:03:28.907 [restartedMain] INFO  org.apache.catalina.core.StandardEngine - Starting Servlet engine: [Apache Tomcat/9.0.17]
2020-07-09 14:03:29.051 [restartedMain] INFO  o.a.c.core.ContainerBase.[Tomcat].[localhost].[/] - Initializing Spring embedded WebApplicationContext
2020-07-09 14:03:29.052 [restartedMain] INFO  org.springframework.web.context.ContextLoader - Root WebApplicationContext: initialization completed in 3219 ms
2020-07-09 14:03:29.362 [restartedMain] INFO  o.s.scheduling.concurrent.ThreadPoolTaskExecutor - Initializing ExecutorService 'applicationTaskExecutor'
2020-07-09 14:03:29.541 [restartedMain] INFO  o.s.b.a.web.servlet.WelcomePageHandlerMapping - Adding welcome page: class path resource [static/index.html]
2020-07-09 14:03:29.791 [restartedMain] INFO  o.s.b.d.autoconfigure.OptionalLiveReloadServer - LiveReload server is running on port 35729
2020-07-09 14:03:29.835 [restartedMain] INFO  org.apache.coyote.http11.Http11NioProtocol - Starting ProtocolHandler ["http-nio-8080"]
2020-07-09 14:03:29.861 [restartedMain] INFO  o.s.boot.web.embedded.tomcat.TomcatWebServer - Tomcat started on port(s): 8080 (http) with context path ''
2020-07-09 14:03:29.865 [restartedMain] INFO  com.submit.WorkuploadApplication - Started WorkuploadApplication in 4.905 seconds (JVM running for 7.019)
2020-07-09 14:03:50.568 [http-nio-8080-exec-1] INFO  o.a.c.core.ContainerBase.[Tomcat].[localhost].[/] - Initializing Spring DispatcherServlet 'dispatcherServlet'
2020-07-09 14:03:50.568 [http-nio-8080-exec-1] INFO  org.springframework.web.servlet.DispatcherServlet - Initializing Servlet 'dispatcherServlet'
2020-07-09 14:03:50.576 [http-nio-8080-exec-1] INFO  org.springframework.web.servlet.DispatcherServlet - Completed initialization in 7 ms
2020-07-09 14:05:35.770 [http-nio-8080-exec-7] INFO  com.alibaba.druid.pool.DruidDataSource - {dataSource-1} inited
2020-07-09 14:05:36.032 [http-nio-8080-exec-8] INFO  com.submit.config.UserRealm - 执行逻辑授权
2020-07-09 14:05:41.713 [http-nio-8080-exec-7] INFO  com.submit.config.UserRealm - 执行逻辑授权
2020-07-09 14:05:46.064 [http-nio-8080-exec-10] INFO  com.submit.config.UserRealm - 执行逻辑授权
2020-07-09 14:05:50.907 [http-nio-8080-exec-3] INFO  com.submit.config.UserRealm - 执行逻辑授权
2020-07-09 14:05:54.735 [http-nio-8080-exec-9] INFO  com.submit.config.UserRealm - 执行逻辑授权
2020-07-09 14:06:01.563 [http-nio-8080-exec-7] INFO  com.submit.config.UserRealm - 执行逻辑授权
2020-07-09 14:06:09.177 [http-nio-8080-exec-3] INFO  com.submit.config.UserRealm - 执行逻辑授权
2020-07-09 14:06:11.986 [http-nio-8080-exec-4] INFO  com.submit.config.UserRealm - 执行逻辑授权
2020-07-09 14:06:13.250 [http-nio-8080-exec-10] INFO  com.submit.config.UserRealm - 执行逻辑授权
2020-07-09 14:06:19.788 [http-nio-8080-exec-2] INFO  com.submit.config.UserRealm - 执行逻辑授权
2020-07-09 14:06:21.998 [http-nio-8080-exec-1] INFO  com.submit.config.UserRealm - 执行逻辑授权
2020-07-09 14:06:23.998 [http-nio-8080-exec-5] INFO  com.submit.config.UserRealm - 执行逻辑授权
2020-07-09 14:20:18.206 [http-nio-8080-exec-6] INFO  com.submit.config.UserRealm - 执行逻辑授权
2020-07-09 14:20:20.738 [http-nio-8080-exec-1] INFO  com.submit.config.UserRealm - 执行逻辑授权
2020-07-09 14:20:21.329 [http-nio-8080-exec-1] INFO  com.submit.config.UserRealm - 执行逻辑授权
2020-07-09 14:20:21.437 [http-nio-8080-exec-3] INFO  com.submit.config.UserRealm - 执行逻辑授权
2020-07-09 14:20:33.127 [http-nio-8080-exec-2] INFO  com.submit.config.UserRealm - 执行逻辑授权
2020-07-09 14:20:33.954 [http-nio-8080-exec-9] INFO  com.submit.config.UserRealm - 执行逻辑授权
2020-07-09 14:20:34.006 [http-nio-8080-exec-1] INFO  com.submit.config.UserRealm - 执行逻辑授权
2020-07-09 14:20:34.011 [http-nio-8080-exec-1] INFO  com.submit.service.teacherService - 2018-2019-2 2018-2019-2 2018 7 2 2020
2020-07-09 14:20:34.011 [http-nio-8080-exec-1] INFO  com.submit.service.teacherService - 2018-2019-2 2018-2019-2 2018 7 2 2020
2020-07-09 14:20:34.011 [http-nio-8080-exec-1] INFO  com.submit.service.teacherService - 2018-2019-2 2018-2019-2 2018 7 2 2020
2020-07-09 14:20:34.011 [http-nio-8080-exec-1] INFO  com.submit.service.teacherService - 2018-2019-1 2018-2019-1 2018 7 1 2020
2020-07-09 14:20:34.074 [http-nio-8080-exec-8] INFO  com.submit.config.UserRealm - 执行逻辑授权
2020-07-09 14:20:47.427 [http-nio-8080-exec-1] INFO  com.submit.config.UserRealm - 执行逻辑授权
2020-07-09 14:20:50.018 [http-nio-8080-exec-3] INFO  com.submit.config.UserRealm - 执行逻辑授权
2020-07-09 14:20:50.064 [http-nio-8080-exec-8] INFO  com.submit.config.UserRealm - 执行逻辑授权
2020-07-09 14:20:50.068 [http-nio-8080-exec-8] INFO  com.submit.service.teacherService - 2018-2019-2 2018-2019-2 2018 7 2 2020
2020-07-09 14:20:50.068 [http-nio-8080-exec-8] INFO  com.submit.service.teacherService - 2018-2019-2 2018-2019-2 2018 7 2 2020
2020-07-09 14:20:50.068 [http-nio-8080-exec-8] INFO  com.submit.service.teacherService - 2018-2019-2 2018-2019-2 2018 7 2 2020
2020-07-09 14:20:50.068 [http-nio-8080-exec-8] INFO  com.submit.service.teacherService - 2018-2019-1 2018-2019-1 2018 7 1 2020
2020-07-09 14:20:50.128 [http-nio-8080-exec-7] INFO  com.submit.config.UserRealm - 执行逻辑授权
2020-07-09 14:20:51.980 [http-nio-8080-exec-1] INFO  com.submit.config.UserRealm - 执行逻辑授权
2020-07-09 14:20:52.024 [http-nio-8080-exec-10] INFO  com.submit.config.UserRealm - 执行逻辑授权
2020-07-09 14:20:52.027 [http-nio-8080-exec-10] INFO  com.submit.service.teacherService - 2018-2019-2 2018-2019-2 2018 7 2 2020
2020-07-09 14:20:52.027 [http-nio-8080-exec-10] INFO  com.submit.service.teacherService - 2018-2019-2 2018-2019-2 2018 7 2 2020
2020-07-09 14:20:52.027 [http-nio-8080-exec-10] INFO  com.submit.service.teacherService - 2018-2019-2 2018-2019-2 2018 7 2 2020
2020-07-09 14:20:52.027 [http-nio-8080-exec-10] INFO  com.submit.service.teacherService - 2018-2019-1 2018-2019-1 2018 7 1 2020
2020-07-09 14:20:52.086 [http-nio-8080-exec-4] INFO  com.submit.config.UserRealm - 执行逻辑授权
2020-07-09 14:21:02.191 [http-nio-8080-exec-7] INFO  com.submit.config.UserRealm - 执行逻辑授权
2020-07-09 14:21:02.243 [http-nio-8080-exec-4] INFO  com.submit.config.UserRealm - 执行逻辑授权
2020-07-09 14:21:02.246 [http-nio-8080-exec-4] INFO  com.submit.service.teacherService - 2018-2019-2 2018-2019-2 2018 7 2 2020
2020-07-09 14:21:02.246 [http-nio-8080-exec-4] INFO  com.submit.service.teacherService - 2018-2019-2 2018-2019-2 2018 7 2 2020
2020-07-09 14:21:02.246 [http-nio-8080-exec-4] INFO  com.submit.service.teacherService - 2018-2019-2 2018-2019-2 2018 7 2 2020
2020-07-09 14:21:02.246 [http-nio-8080-exec-4] INFO  com.submit.service.teacherService - 2018-2019-1 2018-2019-1 2018 7 1 2020
2020-07-09 14:21:02.861 [http-nio-8080-exec-4] INFO  com.submit.config.UserRealm - 执行逻辑授权
2020-07-09 14:21:02.909 [http-nio-8080-exec-8] INFO  com.submit.config.UserRealm - 执行逻辑授权
2020-07-09 14:21:02.913 [http-nio-8080-exec-8] INFO  com.submit.service.teacherService - 2018-2019-2 2018-2019-2 2018 7 2 2020
2020-07-09 14:21:02.913 [http-nio-8080-exec-8] INFO  com.submit.service.teacherService - 2018-2019-2 2018-2019-2 2018 7 2 2020
2020-07-09 14:21:02.913 [http-nio-8080-exec-8] INFO  com.submit.service.teacherService - 2018-2019-2 2018-2019-2 2018 7 2 2020
2020-07-09 14:21:02.913 [http-nio-8080-exec-8] INFO  com.submit.service.teacherService - 2018-2019-1 2018-2019-1 2018 7 1 2020
2020-07-09 14:21:02.922 [http-nio-8080-exec-4] INFO  com.submit.config.UserRealm - 执行逻辑授权
2020-07-09 14:21:02.987 [http-nio-8080-exec-8] INFO  com.submit.config.UserRealm - 执行逻辑授权
2020-07-09 14:21:03.295 [http-nio-8080-exec-4] INFO  com.submit.config.UserRealm - 执行逻辑授权
2020-07-09 14:21:04.044 [http-nio-8080-exec-6] INFO  com.submit.config.UserRealm - 执行逻辑授权
2020-07-09 14:21:04.524 [http-nio-8080-exec-3] INFO  com.submit.config.UserRealm - 执行逻辑授权
2020-07-09 14:21:04.576 [http-nio-8080-exec-2] INFO  com.submit.config.UserRealm - 执行逻辑授权
2020-07-09 14:21:04.579 [http-nio-8080-exec-2] INFO  com.submit.service.teacherService - 2018-2019-2 2018-2019-2 2018 7 2 2020
2020-07-09 14:21:04.579 [http-nio-8080-exec-2] INFO  com.submit.service.teacherService - 2018-2019-2 2018-2019-2 2018 7 2 2020
2020-07-09 14:21:04.580 [http-nio-8080-exec-2] INFO  com.submit.service.teacherService - 2018-2019-2 2018-2019-2 2018 7 2 2020
2020-07-09 14:21:04.580 [http-nio-8080-exec-2] INFO  com.submit.service.teacherService - 2018-2019-1 2018-2019-1 2018 7 1 2020
2020-07-09 14:21:04.589 [http-nio-8080-exec-3] INFO  com.submit.config.UserRealm - 执行逻辑授权
2020-07-09 14:21:04.648 [http-nio-8080-exec-1] INFO  com.submit.config.UserRealm - 执行逻辑授权
2020-07-09 14:21:08.527 [http-nio-8080-exec-3] INFO  com.submit.config.UserRealm - 执行逻辑授权
2020-07-09 15:30:16.314 [http-nio-8080-exec-8] INFO  com.submit.config.UserRealm - 执行逻辑授权
2020-07-09 15:30:19.844 [http-nio-8080-exec-6] INFO  com.submit.config.UserRealm - 执行逻辑授权
2020-07-09 15:30:40.736 [http-nio-8080-exec-10] INFO  com.submit.controller.fileController - 登陆 1 2020-7-15
2020-07-09 15:30:40.737 [http-nio-8080-exec-10] INFO  com.submit.controller.fileController - Web applications development using JSP & Servlet 19090177a-1
2020-07-09 15:30:40.739 [http-nio-8080-exec-10] INFO  com.submit.controller.fileController - C:\Users\GYN\AppData\Local\Temp\tomcat-docbase.720116076769038077.8080\fileget\2\5\
2020-07-09 15:30:44.223 [http-nio-8080-exec-8] INFO  com.submit.config.UserRealm - 执行逻辑授权
2020-07-09 15:34:25.276 [http-nio-8080-exec-5] INFO  com.submit.config.UserRealm - 执行逻辑授权
2020-07-09 15:34:27.412 [http-nio-8080-exec-3] INFO  com.submit.config.UserRealm - 执行逻辑授权
